vas_m1500p1_chr3.bed	ABI3VP1_AT5G60130_col_a_chr3.pos	1	3652		1501	737704		0	0	0	0
vas_m1500p1_chr3.bed	ABI3VP1_FUS3_col_a_chr3.pos	1	636		1501	128472		0	0	0	0
vas_m1500p1_chr3.bed	ABI3VP1_NGA4_col_a_chr3.pos	1	430		1501	86860		0	0	0	0
vas_m1500p1_chr3.bed	ABI3VP1_VRN1_col_a_chr3.pos	1	1336		1501	269872		0	0	0	0
vas_m1500p1_chr3.bed	AP2EREBP_ABR1_col_a_chr3.pos	1	531		1501	107262		0	0	0	0
vas_m1500p1_chr3.bed	AP2EREBP_ABR1_colamp_a_chr3.pos	1	1907		1501	385214		0	0	0	0
vas_m1500p1_chr3.bed	AP2EREBP_AIL7_col_a_chr3.pos	1	159		1501	32118		0	0	0	0
vas_m1500p1_chr3.bed	AP2EREBP_AIL7_colamp_a_chr3.pos	1	573		1501	115746		0	0	0	0
vas_m1500p1_chr3.bed	AP2EREBP_AT1G01250_col_a_chr3.pos	1	151		1501	30502		0	0	0	0
vas_m1500p1_chr3.bed	AP2EREBP_AT1G12630_col_a_chr3.pos	1	1521		1501	307242		0	0	0	0
vas_m1500p1_chr3.bed	AP2EREBP_AT1G12630_colamp_a_chr3.pos	1	2144		1501	433088		0	0	0	0
vas_m1500p1_chr3.bed	AP2EREBP_At1g19210_col_a_chr3.pos	1	1546		1501	312292		0	0	0	0
vas_m1500p1_chr3.bed	AP2EREBP_At1g19210_colamp_a_chr3.pos	1	2910		1501	587820		0	0	0	0
vas_m1500p1_chr3.bed	AP2EREBP_At1g22810_col_chr3.pos	1	785		1501	158570		0	0	0	0
vas_m1500p1_chr3.bed	AP2EREBP_At1g22810_colamp_a_chr3.pos	1	964		1501	194728		0	0	0	0
vas_m1500p1_chr3.bed	AP2EREBP_AT1G28160_col_a_chr3.pos	1	257		1501	51914		0	0	0	0
vas_m1500p1_chr3.bed	AP2EREBP_AT1G28160_colamp_a_chr3.pos	1	1860		1501	375720		0	0	0	0
vas_m1500p1_chr3.bed	AP2EREBP_At1g36060_col_a_chr3.pos	1	144		1501	29088		0	0	0	0
vas_m1500p1_chr3.bed	AP2EREBP_At1g36060_colamp_a_chr3.pos	1	688		1501	138976		0	0	0	0
vas_m1500p1_chr3.bed	AP2EREBP_AT1G44830_col_a_chr3.pos	1	333		1501	67266		0	0	0	0
vas_m1500p1_chr3.bed	AP2EREBP_AT1G71450_col_a_chr3.pos	1	2871		1501	579942		0	0	0	0
vas_m1500p1_chr3.bed	AP2EREBP_AT1G77200_col_a_chr3.pos	1	1156		1501	233512		0	0	0	0
vas_m1500p1_chr3.bed	AP2EREBP_AT1G77200_colamp_a_chr3.pos	1	4359		1501	880518		0	0	0	0
vas_m1500p1_chr3.bed	AP2EREBP_At2g33710_col_chr3.pos	1	1138		1501	229876		0	0	0	0
vas_m1500p1_chr3.bed	AP2EREBP_At2g33710_colamp_a_chr3.pos	1	2624		1501	530048		0	0	0	0
vas_m1500p1_chr3.bed	AP2EREBP_At2g44940_colamp_a_chr3.pos	1	1079		1501	217958		0	0	0	0
vas_m1500p1_chr3.bed	AP2EREBP_AT3G16280_colamp_a_chr3.pos	1	2680		1501	541360		0	0	0	0
vas_m1500p1_chr3.bed	AP2EREBP_AT3G60490_colamp_a_chr3.pos	1	1823		1501	368246		0	0	0	0
vas_m1500p1_chr3.bed	AP2EREBP_At4g16750_col_a_chr3.pos	1	3183		1501	642966		0	0	0	0
vas_m1500p1_chr3.bed	AP2EREBP_AT4G18450_col_a_chr3.pos	1	125		1501	25250		0	0	0	0
vas_m1500p1_chr3.bed	AP2EREBP_At4g31060_col_a_chr3.pos	1	673		1501	135946		0	0	0	0
vas_m1500p1_chr3.bed	AP2EREBP_At4g31060_colamp_a_chr3.pos	1	868		1501	175336		0	0	0	0
vas_m1500p1_chr3.bed	AP2EREBP_At4g32800_col_chr3.pos	1	773		1501	156146		0	0	0	0
vas_m1500p1_chr3.bed	AP2EREBP_At5g18450_col_a_chr3.pos	1	478		1501	96556		0	0	0	0
vas_m1500p1_chr3.bed	AP2EREBP_At5g65130_col_a_chr3.pos	1	418		1501	84436		0	0	0	0
vas_m1500p1_chr3.bed	AP2EREBP_CBF1_col_a_chr3.pos	1	1420		1501	286840		0	0	0	0
vas_m1500p1_chr3.bed	AP2EREBP_CBF1_colamp_a_chr3.pos	1	2356		1501	475912		0	0	0	0
vas_m1500p1_chr3.bed	AP2EREBP_CBF2_col_a_chr3.pos	1	692		1501	139784		0	0	0	0
vas_m1500p1_chr3.bed	AP2EREBP_CBF2_colamp_a_chr3.pos	1	2114		1501	427028		0	0	0	0
vas_m1500p1_chr3.bed	AP2EREBP_CBF3_col_a_chr3.pos	1	1042		1501	210484		0	0	0	0
vas_m1500p1_chr3.bed	AP2EREBP_CBF3_colamp_a_chr3.pos	1	1450		1501	292900		0	0	0	0
vas_m1500p1_chr3.bed	AP2EREBP_CBF4_col_a_chr3.pos	1	2202		1501	444804		0	0	0	0
vas_m1500p1_chr3.bed	AP2EREBP_CBF4_colamp_a_chr3.pos	1	3805		1501	768610		0	0	0	0
vas_m1500p1_chr3.bed	AP2EREBP_CEJ1_col_a_chr3.pos	1	3942		1501	796284		0	0	0	0
vas_m1500p1_chr3.bed	AP2EREBP_CEJ1_colamp_a_chr3.pos	1	2166		1501	437532		0	0	0	0
vas_m1500p1_chr3.bed	AP2EREBP_CRF10_col100_a_chr3.pos	1	1361		1501	274922		0	0	0	0
vas_m1500p1_chr3.bed	AP2EREBP_CRF4_colamp_a_chr3.pos	1	536		1501	108272		0	0	0	0
vas_m1500p1_chr3.bed	AP2EREBP_DDF1_col_a_chr3.pos	1	510		1501	103020		0	0	0	0
vas_m1500p1_chr3.bed	AP2EREBP_DDF2_col_a_chr3.pos	1	66		1501	13332		0	0	0	0
vas_m1500p1_chr3.bed	AP2EREBP_DEAR2_col_a_chr3.pos	1	747		1501	150894		0	0	0	0
vas_m1500p1_chr3.bed	AP2EREBP_DEAR2_colamp_a_chr3.pos	1	3808		1501	769216		0	0	0	0
vas_m1500p1_chr3.bed	AP2EREBP_DEAR3_col_a_chr3.pos	1	666		1501	134532		0	0	0	0
vas_m1500p1_chr3.bed	AP2EREBP_DEAR3_colamp_a_chr3.pos	1	1895		1501	382790		0	0	0	0
vas_m1500p1_chr3.bed	AP2EREBP_DEAR5_col_a_chr3.pos	1	467		1501	94334		0	0	0	0
vas_m1500p1_chr3.bed	AP2EREBP_DREB19_col_a_chr3.pos	1	800		1501	161600		0	0	0	0
vas_m1500p1_chr3.bed	AP2EREBP_DREB19_colamp_a_chr3.pos	1	2241		1501	452682		0	0	0	0
vas_m1500p1_chr3.bed	AP2EREBP_ERF10_col_a_chr3.pos	1	975		1501	196950		0	0	0	0
vas_m1500p1_chr3.bed	AP2EREBP_ERF105_col_chr3.pos	1	648		1501	130896		0	0	0	0
vas_m1500p1_chr3.bed	AP2EREBP_ERF105_colamp_a_chr3.pos	1	2406		1501	486012		0	0	0	0
vas_m1500p1_chr3.bed	AP2EREBP_ERF11_col_b_chr3.pos	1	1563		1501	315726		0	0	0	0
vas_m1500p1_chr3.bed	AP2EREBP_ERF115_col_a_chr3.pos	1	533		1501	107666		0	0	0	0
vas_m1500p1_chr3.bed	AP2EREBP_ERF115_colamp_a_chr3.pos	1	1977		1501	399354		0	0	0	0
vas_m1500p1_chr3.bed	AP2EREBP_ERF13_colamp_a_chr3.pos	1	1897		1501	383194		0	0	0	0
vas_m1500p1_chr3.bed	AP2EREBP_ERF15_col_chr3.pos	1	2035		1501	411070		0	0	0	0
vas_m1500p1_chr3.bed	AP2EREBP_ERF15_colamp_a_chr3.pos	1	3197		1501	645794		0	0	0	0
vas_m1500p1_chr3.bed	AP2EREBP_ERF2_col_a_chr3.pos	1	171		1501	34542		0	0	0	0
vas_m1500p1_chr3.bed	AP2EREBP_ERF3_col_a_chr3.pos	1	679		1501	137158		0	0	0	0
vas_m1500p1_chr3.bed	AP2EREBP_ERF38_col_a_chr3.pos	1	1100		1501	222200		0	0	0	0
vas_m1500p1_chr3.bed	AP2EREBP_ERF4_col_a_chr3.pos	1	1175		1501	237350		0	0	0	0
vas_m1500p1_chr3.bed	AP2EREBP_ERF4_colamp_a_chr3.pos	1	1846		1501	372892		0	0	0	0
vas_m1500p1_chr3.bed	AP2EREBP_ERF5_col_a_chr3.pos	1	193		1501	38986		0	0	0	0
vas_m1500p1_chr3.bed	AP2EREBP_ERF7_col_a_chr3.pos	1	2770		1501	559540		0	0	0	0
vas_m1500p1_chr3.bed	AP2EREBP_ERF7_colamp_a_chr3.pos	1	761		1501	153722		0	0	0	0
vas_m1500p1_chr3.bed	AP2EREBP_ERF8_col_a_chr3.pos	1	1397		1501	282194		0	0	0	0
vas_m1500p1_chr3.bed	AP2EREBP_ERF8_colamp_a_chr3.pos	1	1228		1501	248056		0	0	0	0
vas_m1500p1_chr3.bed	AP2EREBP_ESE1_col_a_chr3.pos	1	327		1501	66054		0	0	0	0
vas_m1500p1_chr3.bed	AP2EREBP_ESE3_col_a_chr3.pos	1	1181		1501	238562		0	0	0	0
vas_m1500p1_chr3.bed	AP2EREBP_ESE3_colamp_a_chr3.pos	1	785		1501	158570		0	0	0	0
vas_m1500p1_chr3.bed	AP2EREBP_LEP_col_a_chr3.pos	1	115		1501	23230		0	0	0	0
vas_m1500p1_chr3.bed	AP2EREBP_PLT3_col_a_chr3.pos	1	122		1501	24644		0	0	0	0
vas_m1500p1_chr3.bed	AP2EREBP_PUCHI_colamp_a_chr3.pos	1	585		1501	118170		0	0	0	0
vas_m1500p1_chr3.bed	AP2EREBP_RAP21_col_a_chr3.pos	1	452		1501	91304		0	0	0	0
vas_m1500p1_chr3.bed	AP2EREBP_Rap210_col_a_chr3.pos	1	1524		1501	307848		0	0	0	0
vas_m1500p1_chr3.bed	AP2EREBP_Rap210_colamp_a_chr3.pos	1	1040		1501	210080		0	0	0	0
vas_m1500p1_chr3.bed	AP2EREBP_RAP211_col_a_chr3.pos	1	562		1501	113524		0	0	0	0
vas_m1500p1_chr3.bed	AP2EREBP_RAP211_colamp_a_chr3.pos	1	2763		1501	558126		0	0	0	0
vas_m1500p1_chr3.bed	AP2EREBP_RAP212_col_a_chr3.pos	1	1397		1501	282194		0	0	0	0
vas_m1500p1_chr3.bed	AP2EREBP_RAP26_col_a_chr3.pos	1	546		1501	110292		0	0	0	0
vas_m1500p1_chr3.bed	AP2EREBP_RAP26_colamp_a_chr3.pos	1	1188		1501	239976		0	0	0	0
vas_m1500p1_chr3.bed	AP2EREBP_RRTF1_col_a_chr3.pos	1	940		1501	189880		0	0	0	0
vas_m1500p1_chr3.bed	AP2EREBP_RRTF1_colamp_a_chr3.pos	1	689		1501	139178		0	0	0	0
vas_m1500p1_chr3.bed	AP2EREBP_TINY_col_a_chr3.pos	1	382		1501	77164		0	0	0	0
vas_m1500p1_chr3.bed	ARF_ARF2_col_v31_chr3.pos	1	2292		1501	462984		1	162	1	1
vas_m1500p1_chr3.bed	ARF_ecoli_MP_col_chr3.pos	1	5239		1501	1058278		1	202	1	1
vas_m1500p1_chr3.bed	ARID_AT1G20910_col_a_chr3.pos	1	1988		1501	401576		0	0	0	0
vas_m1500p1_chr3.bed	BBRBPC_BPC1_col_a_chr3.pos	1	320		1501	64640		0	0	0	0
vas_m1500p1_chr3.bed	BBRBPC_BPC1_colamp_a_chr3.pos	1	3223		1501	651046		0	0	0	0
vas_m1500p1_chr3.bed	BES1_BAM8_col_a_chr3.pos	1	467		1501	94334		0	0	0	0
vas_m1500p1_chr3.bed	BES1_BAM8_colamp_a_chr3.pos	1	465		1501	93930		0	0	0	0
vas_m1500p1_chr3.bed	bHLH_bHLH10_col_a_chr3.pos	1	202		1501	40804		0	0	0	0
vas_m1500p1_chr3.bed	bHLH_bHLH10_colamp_a_chr3.pos	1	1680		1501	339360		0	0	0	0
vas_m1500p1_chr3.bed	bHLH_bHLH122_col100_a_chr3.pos	1	1980		1501	399960		0	0	0	0
vas_m1500p1_chr3.bed	bHLH_bHLH28_col_a_chr3.pos	1	1724		1501	348248		0	0	0	0
vas_m1500p1_chr3.bed	bHLH_bHLH31_col_chr3.pos	1	375		1501	75750		0	0	0	0
vas_m1500p1_chr3.bed	bHLH_bHLH80_col_a_chr3.pos	1	1120		1501	226240		0	0	0	0
vas_m1500p1_chr3.bed	bHLH_BIM1_col_a_chr3.pos	1	125		1501	25250		0	0	0	0
vas_m1500p1_chr3.bed	bHLH_BIM2_col_v3b_chr3.pos	1	2829		1501	571458		0	0	0	0
vas_m1500p1_chr3.bed	bHLH_BIM2_colamp_chr3.pos	1	5108		1501	1031816		0	0	0	0
vas_m1500p1_chr3.bed	bZIP_ABF2_col_v3a_chr3.pos	1	445		1501	89890		0	0	0	0
vas_m1500p1_chr3.bed	bZIP_ABI5_col_v3h_chr3.pos	1	938		1501	189476		0	0	0	0
vas_m1500p1_chr3.bed	bZIP_ABI5_colamp_v3b_chr3.pos	1	849		1501	171498		0	0	0	0
vas_m1500p1_chr3.bed	bZIP_AREB3_col_v31_chr3.pos	1	904		1501	182608		0	0	0	0
vas_m1500p1_chr3.bed	bZIP_bZIP16_col_v3a_chr3.pos	1	332		1501	67064		0	0	0	0
vas_m1500p1_chr3.bed	bZIP_bZIP16_colamp_a_chr3.pos	1	1307		1501	264014		0	0	0	0
vas_m1500p1_chr3.bed	bZIP_bZIP18_col_v31_chr3.pos	1	846		1501	170892		2	312	1	2
vas_m1500p1_chr3.bed	bZIP_bZIP18_colamp_a_chr3.pos	1	2075		1501	419150		2	312	1	2
vas_m1500p1_chr3.bed	bZIP_bZIP28_col_a_chr3.pos	1	322		1501	65044		0	0	0	0
vas_m1500p1_chr3.bed	bZIP_bZIP3_col_a_chr3.pos	1	1702		1501	343804		0	0	0	0
vas_m1500p1_chr3.bed	bZIP_bZIP44_col_chr3.pos	1	536		1501	108272		0	0	0	0
vas_m1500p1_chr3.bed	bZIP_bZIP48_col_a_chr3.pos	1	165		1501	33330		0	0	0	0
vas_m1500p1_chr3.bed	bZIP_bZIP48_colamp_a_chr3.pos	1	846		1501	170892		0	0	0	0
vas_m1500p1_chr3.bed	bZIP_bZIP50_col_v31_chr3.pos	1	726		1501	146652		1	202	1	1
vas_m1500p1_chr3.bed	bZIP_bZIP50_colamp_v31_chr3.pos	1	3655		1501	738310		0	0	0	0
vas_m1500p1_chr3.bed	bZIP_bZIP52_col_v31_chr3.pos	1	1147		1501	231694		2	312	1	2
vas_m1500p1_chr3.bed	bZIP_bZIP52_colamp_a_chr3.pos	1	2260		1501	456520		2	311	1	2
vas_m1500p1_chr3.bed	bZIP_bZIP53_col_chr3.pos	1	1414		1501	285628		0	0	0	0
vas_m1500p1_chr3.bed	bZIP_bZIP53_colamp_a_chr3.pos	1	2111		1501	426422		0	0	0	0
vas_m1500p1_chr3.bed	bZIP_bZIP68_col_a_chr3.pos	1	1778		1501	359156		1	202	1	1
vas_m1500p1_chr3.bed	bZIP_GBF3_col_chr3.pos	1	1229		1501	248258		0	0	0	0
vas_m1500p1_chr3.bed	bZIP_GBF3_colamp_chr3.pos	1	1968		1501	397536		0	0	0	0
vas_m1500p1_chr3.bed	bZIP_GBF5_col_v3a_chr3.pos	1	490		1501	98980		0	0	0	0
vas_m1500p1_chr3.bed	bZIP_GBF5_colamp_a_chr3.pos	1	799		1501	161398		0	0	0	0
vas_m1500p1_chr3.bed	bZIP_GBF6_col_chr3.pos	1	1978		1501	399556		1	107	1	1
vas_m1500p1_chr3.bed	bZIP_HY5_colamp_v3a_chr3.pos	1	2059		1501	415918		0	0	0	0
vas_m1500p1_chr3.bed	bZIP_TGA1_col_chr3.pos	1	804		1501	162408		1	202	1	1
vas_m1500p1_chr3.bed	bZIP_TGA1_colamp_a_chr3.pos	1	1645		1501	332290		1	202	1	1
vas_m1500p1_chr3.bed	bZIP_TGA10_col_a_chr3.pos	1	138		1501	27876		0	0	0	0
vas_m1500p1_chr3.bed	bZIP_TGA10_colamp_a_chr3.pos	1	897		1501	181194		1	202	1	1
vas_m1500p1_chr3.bed	bZIP_TGA2_col_chr3.pos	1	441		1501	89082		1	202	1	1
vas_m1500p1_chr3.bed	bZIP_TGA2_colamp_v31_chr3.pos	1	2861		1501	577922		1	202	1	1
vas_m1500p1_chr3.bed	bZIP_TGA3_col_chr3.pos	1	690		1501	139380		1	202	1	1
vas_m1500p1_chr3.bed	bZIP_TGA4_col_a_chr3.pos	1	809		1501	163418		0	0	0	0
vas_m1500p1_chr3.bed	bZIP_TGA4_colamp_a_chr3.pos	1	1182		1501	238764		1	202	1	1
vas_m1500p1_chr3.bed	bZIP_TGA5_col_v3a_chr3.pos	1	495		1501	99990		1	202	1	1
vas_m1500p1_chr3.bed	bZIP_TGA6_col_a_chr3.pos	1	2695		1501	544390		2	404	1	2
vas_m1500p1_chr3.bed	bZIP_TGA6_colamp_a_chr3.pos	1	2992		1501	604384		1	202	1	1
vas_m1500p1_chr3.bed	bZIP_TGA9_col_a_chr3.pos	1	834		1501	168468		1	202	1	1
vas_m1500p1_chr3.bed	bZIP_TGA9_colamp_a_chr3.pos	1	2906		1501	587012		1	202	1	1
vas_m1500p1_chr3.bed	bZIP_VIP1_col_v3a_chr3.pos	1	292		1501	58984		2	310	1	2
vas_m1500p1_chr3.bed	BZR_At1g78700_col_a_chr3.pos	1	1014		1501	204828		0	0	0	0
vas_m1500p1_chr3.bed	BZR_At4g18890_col_a_chr3.pos	1	174		1501	35148		0	0	0	0
vas_m1500p1_chr3.bed	BZR_At4g36780_col_a_chr3.pos	1	1189		1501	240178		0	0	0	0
vas_m1500p1_chr3.bed	BZR_BZR1_col_a_chr3.pos	1	207		1501	41814		0	0	0	0
vas_m1500p1_chr3.bed	C2C2dof_Adof1_col_a_chr3.pos	1	2306		1501	465812		1	126	1	1
vas_m1500p1_chr3.bed	C2C2dof_AT1G47655_col_a_chr3.pos	1	191		1501	38582		0	0	0	0
vas_m1500p1_chr3.bed	C2C2dof_AT1G47655_colamp_a_chr3.pos	1	1513		1501	305626		0	0	0	0
vas_m1500p1_chr3.bed	C2C2dof_At1g64620_100ng20cy_b_chr3.pos	1	2451		1501	495102		1	124	1	1
vas_m1500p1_chr3.bed	C2C2dof_At1g64620_colamp_a_chr3.pos	1	4176		1501	843552		1	120	1	1
vas_m1500p1_chr3.bed	C2C2dof_AT1G69570_col_a_chr3.pos	1	1676		1501	338552		1	128	1	1
vas_m1500p1_chr3.bed	C2C2dof_AT1G69570_colamp_a_chr3.pos	1	1020		1501	206040		1	126	1	1
vas_m1500p1_chr3.bed	C2C2dof_AT2G28810_col_a_chr3.pos	1	4562		1501	921524		1	128	1	1
vas_m1500p1_chr3.bed	C2C2dof_AT2G28810_colamp_a_chr3.pos	1	4901		1501	990002		1	124	1	1
vas_m1500p1_chr3.bed	C2C2dof_At3g45610_col_a_chr3.pos	1	3339		1501	674478		1	123	1	1
vas_m1500p1_chr3.bed	C2C2dof_At3g45610_colamp_a_chr3.pos	1	3417		1501	690234		1	86	1	1
vas_m1500p1_chr3.bed	C2C2dof_AT3G52440_col_a_chr3.pos	1	1235		1501	249470		0	0	0	0
vas_m1500p1_chr3.bed	C2C2dof_AT3G52440_colamp_a_chr3.pos	1	4620		1501	933240		1	120	1	1
vas_m1500p1_chr3.bed	C2C2dof_At4g38000_col_a_chr3.pos	1	1322		1501	267044		0	0	0	0
vas_m1500p1_chr3.bed	C2C2dof_At4g38000_colamp_a_chr3.pos	1	847		1501	171094		0	0	0	0
vas_m1500p1_chr3.bed	C2C2dof_AT5G02460_col_a_chr3.pos	1	5822		1501	1176044		1	120	1	1
vas_m1500p1_chr3.bed	C2C2dof_AT5G02460_colamp_a_chr3.pos	1	2829		1501	571458		1	66	1	1
vas_m1500p1_chr3.bed	C2C2dof_At5g62940_col_a_chr3.pos	1	5756		1501	1162712		1	121	1	1
vas_m1500p1_chr3.bed	C2C2dof_AT5G66940_col_a_chr3.pos	1	4565		1501	922130		1	121	1	1
vas_m1500p1_chr3.bed	C2C2dof_AT5G66940_colamp_a_chr3.pos	1	3110		1501	628220		1	123	1	1
vas_m1500p1_chr3.bed	C2C2dof_CDF3_col_a_chr3.pos	1	1584		1501	319968		0	0	0	0
vas_m1500p1_chr3.bed	C2C2dof_CDF3_colamp_a_chr3.pos	1	2929		1501	591658		1	124	1	1
vas_m1500p1_chr3.bed	C2C2dof_COG1_col_a_chr3.pos	1	2236		1501	451672		1	121	1	1
vas_m1500p1_chr3.bed	C2C2dof_DAG2_col_a_chr3.pos	1	2946		1501	595092		1	122	1	1
vas_m1500p1_chr3.bed	C2C2dof_DAG2_colamp_a_chr3.pos	1	1983		1501	400566		1	122	1	1
vas_m1500p1_chr3.bed	C2C2dof_dof24_col_a_chr3.pos	1	3701		1501	747602		1	124	1	1
vas_m1500p1_chr3.bed	C2C2dof_dof24_colamp_a_chr3.pos	1	1524		1501	307848		1	65	1	1
vas_m1500p1_chr3.bed	C2C2dof_dof42_col_a_chr3.pos	1	169		1501	34138		0	0	0	0
vas_m1500p1_chr3.bed	C2C2dof_dof43_colamp_a_chr3.pos	1	3692		1501	745784		1	65	1	1
vas_m1500p1_chr3.bed	C2C2dof_dof45_col_a_chr3.pos	1	4728		1501	955056		1	125	1	1
vas_m1500p1_chr3.bed	C2C2dof_OBP1_col_a_chr3.pos	1	4656		1501	940512		1	124	1	1
vas_m1500p1_chr3.bed	C2C2dof_OBP3_col_a_chr3.pos	1	3171		1501	640542		1	125	1	1
vas_m1500p1_chr3.bed	C2C2dof_OBP3_colamp_a_chr3.pos	1	986		1501	199172		0	0	0	0
vas_m1500p1_chr3.bed	C2C2dof_OBP4_col_a_chr3.pos	1	2761		1501	557722		0	0	0	0
vas_m1500p1_chr3.bed	C2C2dof_OBP4_colamp_a_chr3.pos	1	2691		1501	543582		1	121	1	1
vas_m1500p1_chr3.bed	C2C2gata_GATA1_col_a_chr3.pos	1	198		1501	39996		0	0	0	0
vas_m1500p1_chr3.bed	C2C2gata_GATA11_col_a_chr3.pos	1	635		1501	128270		0	0	0	0
vas_m1500p1_chr3.bed	C2C2gata_GATA19_col_a_chr3.pos	1	43		1501	8686		0	0	0	0
vas_m1500p1_chr3.bed	C2C2gata_GATA20_colamp_a_chr3.pos	1	3531		1501	713262		0	0	0	0
vas_m1500p1_chr3.bed	C2C2gata_GATA4_col_a_chr3.pos	1	336		1501	67872		0	0	0	0
vas_m1500p1_chr3.bed	C2C2YABBY_CRC_col_a_chr3.pos	1	1843		1501	372286		0	0	0	0
vas_m1500p1_chr3.bed	C2H2_AT2G15740_col_a_chr3.pos	1	633		1501	127866		0	0	0	0
vas_m1500p1_chr3.bed	C2H2_At3g60580_col_a_chr3.pos	1	2077		1501	419554		0	0	0	0
vas_m1500p1_chr3.bed	C2H2_AT4G26030_col_a_chr3.pos	1	2263		1501	457126		0	0	0	0
vas_m1500p1_chr3.bed	C2H2_At5g04390_col200_a_chr3.pos	1	1877		1501	379154		0	0	0	0
vas_m1500p1_chr3.bed	C2H2_AT5G22990_col_a_chr3.pos	1	949		1501	191698		0	0	0	0
vas_m1500p1_chr3.bed	C2H2_At5g66730_col_chr3.pos	1	386		1501	77972		0	0	0	0
vas_m1500p1_chr3.bed	C2H2_At5g66730_colamp_a_chr3.pos	1	1031		1501	208262		0	0	0	0
vas_m1500p1_chr3.bed	C2H2_AtIDD11_colamp_a_chr3.pos	1	605		1501	122210		0	0	0	0
vas_m1500p1_chr3.bed	C2H2_IDD4_col_a_chr3.pos	1	2330		1501	470660		0	0	0	0
vas_m1500p1_chr3.bed	C2H2_IDD5_colamp_a_chr3.pos	1	1702		1501	343804		0	0	0	0
vas_m1500p1_chr3.bed	C2H2_IDD7_col_a_chr3.pos	1	855		1501	172710		0	0	0	0
vas_m1500p1_chr3.bed	C2H2_JKD_col_a_chr3.pos	1	406		1501	82012		0	0	0	0
vas_m1500p1_chr3.bed	C2H2_MGP_colamp_a_chr3.pos	1	716		1501	144632		0	0	0	0
vas_m1500p1_chr3.bed	C2H2_SGR5_col_a_chr3.pos	1	384		1501	77568		0	0	0	0
vas_m1500p1_chr3.bed	C2H2_SGR5_colamp_a_chr3.pos	1	3242		1501	654884		0	0	0	0
vas_m1500p1_chr3.bed	C2H2_STOP1_colamp_a_chr3.pos	1	249		1501	50298		0	0	0	0
vas_m1500p1_chr3.bed	C2H2_STZ_col_chr3.pos	1	4056		1501	819312		0	0	0	0
vas_m1500p1_chr3.bed	C2H2_STZ_colamp_a_chr3.pos	1	3140		1501	634280		0	0	0	0
vas_m1500p1_chr3.bed	C2H2_WIP5_col_a_chr3.pos	1	703		1501	142006		0	0	0	0
vas_m1500p1_chr3.bed	C2H2_WIP5_colamp_a_chr3.pos	1	970		1501	195940		0	0	0	0
vas_m1500p1_chr3.bed	C3H_AT3G12130_colamp_a_chr3.pos	1	2576		1501	520352		1	123	1	1
vas_m1500p1_chr3.bed	C3H_At5g08750_col_a_chr3.pos	1	217		1501	43834		0	0	0	0
vas_m1500p1_chr3.bed	C3H_AT5G63260_col_a_chr3.pos	1	2705		1501	546410		1	121	1	1
vas_m1500p1_chr3.bed	C3H_AT5G63260_colamp_a_chr3.pos	1	905		1501	182810		1	123	1	1
vas_m1500p1_chr3.bed	C3H_CDM1_colamp_a_chr3.pos	1	950		1501	191900		0	0	0	0
vas_m1500p1_chr3.bed	CAMTA_CAMTA1_col_a_chr3.pos	1	574		1501	115948		0	0	0	0
vas_m1500p1_chr3.bed	CAMTA_CAMTA5_col_a_chr3.pos	1	147		1501	29694		0	0	0	0
vas_m1500p1_chr3.bed	CPP_AT2G20110_col_a_chr3.pos	1	1199		1501	242198		0	0	0	0
vas_m1500p1_chr3.bed	CPP_AT2G20110_colamp_a_chr3.pos	1	4493		1501	907586		0	0	0	0
vas_m1500p1_chr3.bed	CPP_SOL1_col_chr3.pos	1	1480		1501	298960		0	0	0	0
vas_m1500p1_chr3.bed	CPP_SOL1_colamp_a_chr3.pos	1	2564		1501	517928		0	0	0	0
vas_m1500p1_chr3.bed	CPP_TCX2_col_a_chr3.pos	1	1265		1501	255530		0	0	0	0
vas_m1500p1_chr3.bed	CPP_TCX2_colamp_a_chr3.pos	1	3421		1501	691042		0	0	0	0
vas_m1500p1_chr3.bed	E2FDP_DEL2_col_a_chr3.pos	1	274		1501	55348		0	0	0	0
vas_m1500p1_chr3.bed	E2FDP_E2FA_col_a_chr3.pos	1	298		1501	60196		0	0	0	0
vas_m1500p1_chr3.bed	E2FDP_E2FA_colamp_a_chr3.pos	1	1174		1501	237148		0	0	0	0
vas_m1500p1_chr3.bed	EIL_EIN3_col_a_chr3.pos	1	242		1501	48884		0	0	0	0
vas_m1500p1_chr3.bed	FAR1_FAR1_col_a_chr3.pos	1	205		1501	41410		0	0	0	0
vas_m1500p1_chr3.bed	G2like_At1g25550_col_chr3.pos	1	2232		1501	450864		1	202	1	1
vas_m1500p1_chr3.bed	G2like_At1g25550_colamp_a_chr3.pos	1	716		1501	144632		0	0	0	0
vas_m1500p1_chr3.bed	G2like_AT1G49560_col_a_chr3.pos	1	1818		1501	367236		0	0	0	0
vas_m1500p1_chr3.bed	G2like_AT1G49560_colamp_a_chr3.pos	1	2363		1501	477326		0	0	0	0
vas_m1500p1_chr3.bed	G2like_At1g68670_col_chr3.pos	1	1887		1501	381174		1	202	1	1
vas_m1500p1_chr3.bed	G2like_At1g68670_colamp_a_chr3.pos	1	401		1501	81002		1	202	1	1
vas_m1500p1_chr3.bed	G2like_At2g01060_col_chr3.pos	1	2052		1501	414504		1	202	1	1
vas_m1500p1_chr3.bed	G2like_At2g01060_colamp_a_chr3.pos	1	2106		1501	425412		0	0	0	0
vas_m1500p1_chr3.bed	G2like_At2g03500_col_a_chr3.pos	1	2463		1501	497526		1	202	1	1
vas_m1500p1_chr3.bed	G2like_AT2G20400_colamp_a_chr3.pos	1	1227		1501	247854		1	202	1	1
vas_m1500p1_chr3.bed	G2like_AT2G40260_col_a_chr3.pos	1	1023		1501	206646		0	0	0	0
vas_m1500p1_chr3.bed	G2like_AT2G40260_colamp_a_chr3.pos	1	3176		1501	641552		0	0	0	0
vas_m1500p1_chr3.bed	G2like_At3g04030_col_a_chr3.pos	1	3400		1501	686800		1	202	1	1
vas_m1500p1_chr3.bed	G2like_At3g04030_colamp_a_chr3.pos	1	1130		1501	228260		1	202	1	1
vas_m1500p1_chr3.bed	G2like_At3g12730_colamp_a_chr3.pos	1	2126		1501	429452		1	202	1	1
vas_m1500p1_chr3.bed	G2like_At3g24120_col_a_chr3.pos	1	6682		1501	1349764		1	202	1	1
vas_m1500p1_chr3.bed	G2like_At3g24120_colamp_a_chr3.pos	1	3650		1501	737300		2	203	1	2
vas_m1500p1_chr3.bed	G2like_AT4G37180_col_a_chr3.pos	1	2705		1501	546410		1	202	1	1
vas_m1500p1_chr3.bed	G2like_AT4G37180_colamp_a_chr3.pos	1	1141		1501	230482		0	0	0	0
vas_m1500p1_chr3.bed	G2like_At5g29000_col_a_chr3.pos	1	948		1501	191496		1	202	1	1
vas_m1500p1_chr3.bed	G2like_AT5G45580_col_a_chr3.pos	1	3299		1501	666398		1	202	1	1
vas_m1500p1_chr3.bed	G2like_AT5G45580_colamp_a_chr3.pos	1	5016		1501	1013232		1	202	1	1
vas_m1500p1_chr3.bed	GeBP_AT4G00250_col_a_chr3.pos	1	2294		1501	463388		0	0	0	0
vas_m1500p1_chr3.bed	GRF_AtGRF6_col_a_chr3.pos	1	1289		1501	260378		0	0	0	0
vas_m1500p1_chr3.bed	GRF_GRF9_colamp_a_chr3.pos	1	488		1501	98576		0	0	0	0
vas_m1500p1_chr3.bed	HB_ANL2_col_a_chr3.pos	1	1582		1501	319564		0	0	0	0
vas_m1500p1_chr3.bed	HB_ATHB15_col_a_chr3.pos	1	1259		1501	254318		0	0	0	0
vas_m1500p1_chr3.bed	HB_ATHB21_col_a_chr3.pos	1	1407		1501	284214		0	0	0	0
vas_m1500p1_chr3.bed	HB_ATHB21_colamp_a_chr3.pos	1	2768		1501	559136		0	0	0	0
vas_m1500p1_chr3.bed	HB_ATHB40_col_a_chr3.pos	1	5031		1501	1016262		0	0	0	0
vas_m1500p1_chr3.bed	HB_ATHB40_colamp_a_chr3.pos	1	4808		1501	971216		0	0	0	0
vas_m1500p1_chr3.bed	HB_ATHB5_col_a_chr3.pos	1	4678		1501	944956		0	0	0	0
vas_m1500p1_chr3.bed	HB_ATHB5_colamp_a_chr3.pos	1	4098		1501	827796		0	0	0	0
vas_m1500p1_chr3.bed	HB_ATHB53_col_a_chr3.pos	1	2163		1501	436926		0	0	0	0
vas_m1500p1_chr3.bed	HB_ATHB53_colamp_a_chr3.pos	1	1166		1501	235532		0	0	0	0
vas_m1500p1_chr3.bed	HB_LMI1_col_a_chr3.pos	1	3499		1501	706798		0	0	0	0
vas_m1500p1_chr3.bed	HB_LMI1_colamp_a_chr3.pos	1	4410		1501	890820		0	0	0	0
vas_m1500p1_chr3.bed	HB_PHV_col_a_chr3.pos	1	1950		1501	393900		0	0	0	0
vas_m1500p1_chr3.bed	Homeobox_ATHB13_col_a_chr3.pos	1	4458		1501	900516		0	0	0	0
vas_m1500p1_chr3.bed	Homeobox_ATHB18_col_a_chr3.pos	1	261		1501	52722		0	0	0	0
vas_m1500p1_chr3.bed	Homeobox_ATHB18_colamp_a_chr3.pos	1	699		1501	141198		0	0	0	0
vas_m1500p1_chr3.bed	Homeobox_ATHB20_colamp_a_chr3.pos	1	1120		1501	226240		0	0	0	0
vas_m1500p1_chr3.bed	Homeobox_ATHB6_col_a_chr3.pos	1	1896		1501	382992		0	0	0	0
vas_m1500p1_chr3.bed	Homeobox_ATHB7_col_a_chr3.pos	1	1984		1501	400768		0	0	0	0
vas_m1500p1_chr3.bed	Homeobox_ecoli_HAT2_col_v31_chr3.pos	1	1969		1501	397738		0	0	0	0
vas_m1500p1_chr3.bed	Homeobox_HAT2_colamp_a_chr3.pos	1	798		1501	161196		0	0	0	0
vas_m1500p1_chr3.bed	Homeobox_HDG1_col100_a_chr3.pos	1	2266		1501	457732		0	0	0	0
vas_m1500p1_chr3.bed	Homeobox_PDF2_col_chr3.pos	1	434		1501	87668		1	202	1	1
vas_m1500p1_chr3.bed	HSF_HSF21_col_a_chr3.pos	1	148		1501	29896		0	0	0	0
vas_m1500p1_chr3.bed	HSF_HSF3_col_a_chr3.pos	1	1649		1501	333098		0	0	0	0
vas_m1500p1_chr3.bed	HSF_HSF3_colamp_a_chr3.pos	1	2608		1501	526816		0	0	0	0
vas_m1500p1_chr3.bed	HSF_HSF6_col_a_chr3.pos	1	254		1501	51308		0	0	0	0
vas_m1500p1_chr3.bed	HSF_HSF7_col_a_chr3.pos	1	183		1501	36966		0	0	0	0
vas_m1500p1_chr3.bed	HSF_HSF7_colamp_a_chr3.pos	1	689		1501	139178		0	0	0	0
vas_m1500p1_chr3.bed	HSF_HSFA6B_col_chr3.pos	1	5209		1501	1052218		0	0	0	0
vas_m1500p1_chr3.bed	HSF_HSFA6B_colamp_a_chr3.pos	1	1772		1501	357944		0	0	0	0
vas_m1500p1_chr3.bed	HSF_HSFB3_colamp_a_chr3.pos	1	201		1501	40602		0	0	0	0
vas_m1500p1_chr3.bed	HSF_HSFC1_col_a_chr3.pos	1	895		1501	180790		0	0	0	0
vas_m1500p1_chr3.bed	HSF_HSFC1_colamp_a_chr3.pos	1	765		1501	154530		0	0	0	0
vas_m1500p1_chr3.bed	LOBAS2_ASL18_col_a_chr3.pos	1	106		1501	21412		0	0	0	0
vas_m1500p1_chr3.bed	LOBAS2_ASL18_colamp_a_chr3.pos	1	1140		1501	230280		0	0	0	0
vas_m1500p1_chr3.bed	LOBAS2_LBD13_colamp_a_chr3.pos	1	747		1501	150894		0	0	0	0
vas_m1500p1_chr3.bed	LOBAS2_LBD18_col_a_chr3.pos	1	1093		1501	220786		0	0	0	0
vas_m1500p1_chr3.bed	LOBAS2_LBD18_colamp_a_chr3.pos	1	2907		1501	587214		0	0	0	0
vas_m1500p1_chr3.bed	LOBAS2_LBD19_col_a_chr3.pos	1	1712		1501	345824		0	0	0	0
vas_m1500p1_chr3.bed	LOBAS2_LBD19_colamp_a_chr3.pos	1	3041		1501	614282		0	0	0	0
vas_m1500p1_chr3.bed	LOBAS2_LBD2_col_a_chr3.pos	1	3132		1501	632664		0	0	0	0
vas_m1500p1_chr3.bed	LOBAS2_LBD2_colamp_a_chr3.pos	1	1620		1501	327240		0	0	0	0
vas_m1500p1_chr3.bed	LOBAS2_LBD23_col_a_chr3.pos	1	283		1501	57166		0	0	0	0
vas_m1500p1_chr3.bed	LOBAS2_LOB_col_a_chr3.pos	1	296		1501	59792		0	0	0	0
vas_m1500p1_chr3.bed	MADS_AGL15_col_a_chr3.pos	1	463		1501	93526		0	0	0	0
vas_m1500p1_chr3.bed	MADS_AGL63_col_a_chr3.pos	1	3161		1501	638522		0	0	0	0
vas_m1500p1_chr3.bed	MADS_SVP_col_v3b_chr3.pos	1	1940		1501	391880		0	0	0	0
vas_m1500p1_chr3.bed	MADS_SVP_colamp_v3b_chr3.pos	1	2034		1501	410868		0	0	0	0
vas_m1500p1_chr3.bed	mTERF_AT5G23930_col_a_chr3.pos	1	1101		1501	222402		0	0	0	0
vas_m1500p1_chr3.bed	MYB_ATY13_col_a_chr3.pos	1	3794		1501	766388		0	0	0	0
vas_m1500p1_chr3.bed	MYB_BOS1_col_a_chr3.pos	1	422		1501	85244		0	0	0	0
vas_m1500p1_chr3.bed	MYB_MS188_col_a_chr3.pos	1	1565		1501	316130		0	0	0	0
vas_m1500p1_chr3.bed	MYB_MS188_colamp_a_chr3.pos	1	1705		1501	344410		0	0	0	0
vas_m1500p1_chr3.bed	MYB_MYB101_col_a_chr3.pos	1	142		1501	28684		0	0	0	0
vas_m1500p1_chr3.bed	MYB_MYB101_colamp_a_chr3.pos	1	1961		1501	396122		0	0	0	0
vas_m1500p1_chr3.bed	MYB_MYB107_col_a_chr3.pos	1	1631		1501	329462		0	0	0	0
vas_m1500p1_chr3.bed	MYB_MYB107_colamp_a_chr3.pos	1	1073		1501	216746		0	0	0	0
vas_m1500p1_chr3.bed	MYB_MYB116_colamp_a_chr3.pos	1	1739		1501	351278		0	0	0	0
vas_m1500p1_chr3.bed	MYB_MYB118_colamp_a_chr3.pos	1	887		1501	179174		0	0	0	0
vas_m1500p1_chr3.bed	MYB_MYB119_col_a_chr3.pos	1	1241		1501	250682		0	0	0	0
vas_m1500p1_chr3.bed	MYB_MYB119_colamp_a_chr3.pos	1	1831		1501	369862		0	0	0	0
vas_m1500p1_chr3.bed	MYB_MYB121_col_a_chr3.pos	1	407		1501	82214		0	0	0	0
vas_m1500p1_chr3.bed	MYB_MYB13_col_a_chr3.pos	1	548		1501	110696		0	0	0	0
vas_m1500p1_chr3.bed	MYB_MYB27_col_a_chr3.pos	1	668		1501	134936		0	0	0	0
vas_m1500p1_chr3.bed	MYB_MYB27_colamp_a_chr3.pos	1	1027		1501	207454		0	0	0	0
vas_m1500p1_chr3.bed	MYB_MYB33_col_a_chr3.pos	1	4313		1501	871226		1	202	1	1
vas_m1500p1_chr3.bed	MYB_MYB3R1_col_a_chr3.pos	1	1999		1501	403798		0	0	0	0
vas_m1500p1_chr3.bed	MYB_MYB3R1_colamp_a_chr3.pos	1	2328		1501	470256		0	0	0	0
vas_m1500p1_chr3.bed	MYB_MYB3R4_col_a_chr3.pos	1	374		1501	75548		0	0	0	0
vas_m1500p1_chr3.bed	MYB_MYB3R5_col_a_chr3.pos	1	533		1501	107666		0	0	0	0
vas_m1500p1_chr3.bed	MYB_MYB44_col_chr3.pos	1	3037		1501	613474		0	0	0	0
vas_m1500p1_chr3.bed	MYB_MYB49_col_a_chr3.pos	1	1251		1501	252702		0	0	0	0
vas_m1500p1_chr3.bed	MYB_MYB49_colamp_a_chr3.pos	1	721		1501	145642		0	0	0	0
vas_m1500p1_chr3.bed	MYB_MYB55_colamp_a_chr3.pos	1	1959		1501	395718		0	0	0	0
vas_m1500p1_chr3.bed	MYB_MYB56_col_a_chr3.pos	1	239		1501	48278		0	0	0	0
vas_m1500p1_chr3.bed	MYB_MYB56_colamp_a_chr3.pos	1	928		1501	187456		0	0	0	0
vas_m1500p1_chr3.bed	MYB_MYB57_col_a_chr3.pos	1	2473		1501	499546		0	0	0	0
vas_m1500p1_chr3.bed	MYB_MYB58_col_a_chr3.pos	1	916		1501	185032		0	0	0	0
vas_m1500p1_chr3.bed	MYB_MYB58_colamp_a_chr3.pos	1	3426		1501	692052		0	0	0	0
vas_m1500p1_chr3.bed	MYB_MYB61_col_a_chr3.pos	1	627		1501	126654		0	0	0	0
vas_m1500p1_chr3.bed	MYB_MYB61_colamp_a_chr3.pos	1	2750		1501	555500		0	0	0	0
vas_m1500p1_chr3.bed	MYB_MYB62_colamp_a_chr3.pos	1	2480		1501	500960		0	0	0	0
vas_m1500p1_chr3.bed	MYB_MYB63_col_a_chr3.pos	1	518		1501	104636		0	0	0	0
vas_m1500p1_chr3.bed	MYB_MYB65_col200_a_chr3.pos	1	552		1501	111504		0	0	0	0
vas_m1500p1_chr3.bed	MYB_MYB65_colamp_a_chr3.pos	1	1956		1501	395112		0	0	0	0
vas_m1500p1_chr3.bed	MYB_MYB67_col_a_chr3.pos	1	3916		1501	791032		0	0	0	0
vas_m1500p1_chr3.bed	MYB_MYB70_col_a_chr3.pos	1	2220		1501	448440		0	0	0	0
vas_m1500p1_chr3.bed	MYB_MYB73_col_a_chr3.pos	1	1795		1501	362590		0	0	0	0
vas_m1500p1_chr3.bed	MYB_MYB74_colamp_a_chr3.pos	1	635		1501	128270		0	0	0	0
vas_m1500p1_chr3.bed	MYB_MYB77_col_a_chr3.pos	1	5259		1501	1062318		1	202	1	1
vas_m1500p1_chr3.bed	MYB_MYB81_col_a_chr3.pos	1	610		1501	123220		0	0	0	0
vas_m1500p1_chr3.bed	MYB_MYB83_colamp_a_chr3.pos	1	2952		1501	596304		1	202	1	1
vas_m1500p1_chr3.bed	MYB_MYB88_col_a_chr3.pos	1	1747		1501	352894		0	0	0	0
vas_m1500p1_chr3.bed	MYB_MYB88_colamp_a_chr3.pos	1	1224		1501	247248		0	0	0	0
vas_m1500p1_chr3.bed	MYB_MYB93_col_a_chr3.pos	1	702		1501	141804		0	0	0	0
vas_m1500p1_chr3.bed	MYB_MYB93_colamp_a_chr3.pos	1	863		1501	174326		0	0	0	0
vas_m1500p1_chr3.bed	MYB_MYB96_col_b_chr3.pos	1	237		1501	47874		0	0	0	0
vas_m1500p1_chr3.bed	MYB_MYB98_col_a_chr3.pos	1	1058		1501	213716		0	0	0	0
vas_m1500p1_chr3.bed	MYB_MYB99_colamp_a_chr3.pos	1	804		1501	162408		0	0	0	0
vas_m1500p1_chr3.bed	MYBrelated_At1g19000_col_a_chr3.pos	1	2453		1501	495506		1	81	1	1
vas_m1500p1_chr3.bed	MYBrelated_At1g19000_colamp_a_chr3.pos	1	3387		1501	684174		1	82	1	1
vas_m1500p1_chr3.bed	MYBrelated_At1g49010_col_a_chr3.pos	1	4032		1501	814464		1	81	1	1
vas_m1500p1_chr3.bed	MYBrelated_At1g49010_colamp_a_chr3.pos	1	1490		1501	300980		1	79	1	1
vas_m1500p1_chr3.bed	MYBrelated_AT1G72740_col_a_chr3.pos	1	726		1501	146652		0	0	0	0
vas_m1500p1_chr3.bed	MYBrelated_AT1G72740_colamp_a_chr3.pos	1	3607		1501	728614		0	0	0	0
vas_m1500p1_chr3.bed	MYBrelated_At1g74840_col100_a_chr3.pos	1	2047		1501	413494		0	0	0	0
vas_m1500p1_chr3.bed	MYBrelated_At3g09600_col_a_chr3.pos	1	2044		1501	412888		1	55	1	1
vas_m1500p1_chr3.bed	MYBrelated_At3g09600_colamp_a_chr3.pos	1	3542		1501	715484		0	0	0	0
vas_m1500p1_chr3.bed	MYBrelated_AT3G10113_col_a_chr3.pos	1	5147		1501	1039694		1	54	1	1
vas_m1500p1_chr3.bed	MYBrelated_AT3G10580_colamp_a_chr3.pos	1	1033		1501	208666		0	0	0	0
vas_m1500p1_chr3.bed	MYBrelated_At3g11280_col_a_chr3.pos	1	405		1501	81810		0	0	0	0
vas_m1500p1_chr3.bed	MYBrelated_At4g01280_col_a_chr3.pos	1	1782		1501	359964		0	0	0	0
vas_m1500p1_chr3.bed	MYBrelated_At4g01280_colamp_a_chr3.pos	1	2992		1501	604384		1	202	1	1
vas_m1500p1_chr3.bed	MYBrelated_At5g05790_col_a_chr3.pos	1	703		1501	142006		0	0	0	0
vas_m1500p1_chr3.bed	MYBrelated_At5g08520_col_b_chr3.pos	1	908		1501	183416		1	80	1	1
vas_m1500p1_chr3.bed	MYBrelated_At5g08520_colamp_a_chr3.pos	1	1562		1501	315524		1	81	1	1
vas_m1500p1_chr3.bed	MYBrelated_At5g47390_col_b_chr3.pos	1	3431		1501	693062		1	81	1	1
vas_m1500p1_chr3.bed	MYBrelated_At5g52660_col_a_chr3.pos	1	732		1501	147864		0	0	0	0
vas_m1500p1_chr3.bed	MYBrelated_At5g52660_colamp_a_chr3.pos	1	2998		1501	605596		1	55	1	1
vas_m1500p1_chr3.bed	MYBrelated_AT5G56840_col_a_chr3.pos	1	1682		1501	339764		0	0	0	0
vas_m1500p1_chr3.bed	MYBrelated_AT5G56840_colamp_a_chr3.pos	1	4459		1501	900718		0	0	0	0
vas_m1500p1_chr3.bed	MYBrelated_At5g58900_colamp_a_chr3.pos	1	3729		1501	753258		1	80	1	1
vas_m1500p1_chr3.bed	MYBrelated_AT5G61620_col_a_chr3.pos	1	1433		1501	289466		0	0	0	0
vas_m1500p1_chr3.bed	MYBrelated_AT5G61620_colamp_a_chr3.pos	1	2468		1501	498536		0	0	0	0
vas_m1500p1_chr3.bed	MYBrelated_EPR1_col_chr3.pos	1	5560		1501	1123120		2	257	1	2
vas_m1500p1_chr3.bed	MYBrelated_EPR1_colamp_a_chr3.pos	1	4507		1501	910414		1	55	1	1
vas_m1500p1_chr3.bed	MYBrelated_LCL1_col_chr3.pos	1	1082		1501	218564		0	0	0	0
vas_m1500p1_chr3.bed	MYBrelated_LCL1_colamp_a_chr3.pos	1	540		1501	109080		0	0	0	0
vas_m1500p1_chr3.bed	MYBrelated_LHY1_col_a_chr3.pos	1	3446		1501	696092		1	54	1	1
vas_m1500p1_chr3.bed	MYBrelated_LHY1_colamp_a_chr3.pos	1	2818		1501	569236		1	54	1	1
vas_m1500p1_chr3.bed	MYBrelated_RVE1_col_a_chr3.pos	1	4913		1501	992426		1	54	1	1
vas_m1500p1_chr3.bed	MYBrelated_RVE1_colamp_a_chr3.pos	1	2748		1501	555096		0	0	0	0
vas_m1500p1_chr3.bed	MYBrelated_TBP3_col_a_chr3.pos	1	1300		1501	262600		0	0	0	0
vas_m1500p1_chr3.bed	MYBrelated_TRP1_col_chr3.pos	1	193		1501	38986		0	0	0	0
vas_m1500p1_chr3.bed	MYBrelated_TRP2_col_a_chr3.pos	1	92		1501	18584		0	0	0	0
vas_m1500p1_chr3.bed	MYBrelated_TRP2_colamp_a_chr3.pos	1	449		1501	90698		0	0	0	0
vas_m1500p1_chr3.bed	NAC_ANAC004_col_a_chr3.pos	1	1377		1501	278154		0	0	0	0
vas_m1500p1_chr3.bed	NAC_ANAC004_colamp_a_chr3.pos	1	1587		1501	320574		0	0	0	0
vas_m1500p1_chr3.bed	NAC_ANAC005_col_a_chr3.pos	1	1487		1501	300374		0	0	0	0
vas_m1500p1_chr3.bed	NAC_ANAC013_col_a_chr3.pos	1	1148		1501	231896		0	0	0	0
vas_m1500p1_chr3.bed	NAC_ANAC016_col_a_chr3.pos	1	3091		1501	624382		0	0	0	0
vas_m1500p1_chr3.bed	NAC_ANAC017_col_chr3.pos	1	796		1501	160792		0	0	0	0
vas_m1500p1_chr3.bed	NAC_ANAC017_colamp_v31_chr3.pos	1	2358		1501	476316		0	0	0	0
vas_m1500p1_chr3.bed	NAC_ANAC020_col_v31_chr3.pos	1	1623		1501	327846		0	0	0	0
vas_m1500p1_chr3.bed	NAC_ANAC028_col_a_chr3.pos	1	1634		1501	330068		0	0	0	0
vas_m1500p1_chr3.bed	NAC_ANAC034_col_chr3.pos	1	1213		1501	245026		0	0	0	0
vas_m1500p1_chr3.bed	NAC_ANAC038_col_a_chr3.pos	1	1189		1501	240178		0	0	0	0
vas_m1500p1_chr3.bed	NAC_ANAC042_col_a_chr3.pos	1	1212		1501	244824		0	0	0	0
vas_m1500p1_chr3.bed	NAC_ANAC045_col_a_chr3.pos	1	2321		1501	468842		0	0	0	0
vas_m1500p1_chr3.bed	NAC_ANAC045_colamp_a_chr3.pos	1	1272		1501	256944		0	0	0	0
vas_m1500p1_chr3.bed	NAC_ANAC046_col_chr3.pos	1	1021		1501	206242		0	0	0	0
vas_m1500p1_chr3.bed	NAC_ANAC046_colamp_a_chr3.pos	1	2557		1501	516514		0	0	0	0
vas_m1500p1_chr3.bed	NAC_ANAC047_col_chr3.pos	1	1450		1501	292900		0	0	0	0
vas_m1500p1_chr3.bed	NAC_ANAC050_col_v3a_chr3.pos	1	2004		1501	404808		0	0	0	0
vas_m1500p1_chr3.bed	NAC_ANAC050_colamp_a_chr3.pos	1	2245		1501	453490		0	0	0	0
vas_m1500p1_chr3.bed	NAC_ANAC053_col_chr3.pos	1	1127		1501	227654		0	0	0	0
vas_m1500p1_chr3.bed	NAC_ANAC053_colamp_a_chr3.pos	1	1480		1501	298960		0	0	0	0
vas_m1500p1_chr3.bed	NAC_ANAC055_col_chr3.pos	1	1482		1501	299364		0	0	0	0
vas_m1500p1_chr3.bed	NAC_ANAC057_col_a_chr3.pos	1	968		1501	195536		0	0	0	0
vas_m1500p1_chr3.bed	NAC_ANAC057_colamp_a_chr3.pos	1	1115		1501	225230		0	0	0	0
vas_m1500p1_chr3.bed	NAC_ANAC058_col_a_chr3.pos	1	2607		1501	526614		1	202	1	1
vas_m1500p1_chr3.bed	NAC_ANAC058_colamp_a_chr3.pos	1	1321		1501	266842		0	0	0	0
vas_m1500p1_chr3.bed	NAC_ANAC062_col_chr3.pos	1	894		1501	180588		0	0	0	0
vas_m1500p1_chr3.bed	NAC_ANAC062_colamp_a_chr3.pos	1	1190		1501	240380		0	0	0	0
vas_m1500p1_chr3.bed	NAC_ANAC070_col_chr3.pos	1	2132		1501	430664		1	202	1	1
vas_m1500p1_chr3.bed	NAC_ANAC070_colamp_a_chr3.pos	1	2819		1501	569438		0	0	0	0
vas_m1500p1_chr3.bed	NAC_ANAC071_col_a_chr3.pos	1	2958		1501	597516		1	202	1	1
vas_m1500p1_chr3.bed	NAC_ANAC071_colamp_a_chr3.pos	1	1666		1501	336532		0	0	0	0
vas_m1500p1_chr3.bed	NAC_ANAC075_col_a_chr3.pos	1	889		1501	179578		0	0	0	0
vas_m1500p1_chr3.bed	NAC_ANAC079_col_chr3.pos	1	580		1501	117160		0	0	0	0
vas_m1500p1_chr3.bed	NAC_ANAC083_col_v3a_chr3.pos	1	2285		1501	461570		0	0	0	0
vas_m1500p1_chr3.bed	NAC_ANAC083_colamp_a_chr3.pos	1	2003		1501	404606		0	0	0	0
vas_m1500p1_chr3.bed	NAC_ANAC087_col_v3a_chr3.pos	1	480		1501	96960		0	0	0	0
vas_m1500p1_chr3.bed	NAC_ANAC087_colamp_a_chr3.pos	1	821		1501	165842		0	0	0	0
vas_m1500p1_chr3.bed	NAC_ANAC092_col_v3a_chr3.pos	1	549		1501	110898		0	0	0	0
vas_m1500p1_chr3.bed	NAC_ANAC092_colamp_a_chr3.pos	1	1514		1501	305828		0	0	0	0
vas_m1500p1_chr3.bed	NAC_ANAC094_col_a_chr3.pos	1	152		1501	30704		0	0	0	0
vas_m1500p1_chr3.bed	NAC_ANAC096_col_chr3.pos	1	2182		1501	440764		0	0	0	0
vas_m1500p1_chr3.bed	NAC_ANAC096_colamp_a_chr3.pos	1	433		1501	87466		0	0	0	0
vas_m1500p1_chr3.bed	NAC_ANAC103_col_a_chr3.pos	1	1052		1501	212504		0	0	0	0
vas_m1500p1_chr3.bed	NAC_ANAC103_colamp_a_chr3.pos	1	676		1501	136552		0	0	0	0
vas_m1500p1_chr3.bed	NAC_AT1G19040_col_a_chr3.pos	1	209		1501	42218		0	0	0	0
vas_m1500p1_chr3.bed	NAC_ATAF1_col_a_chr3.pos	1	1838		1501	371276		0	0	0	0
vas_m1500p1_chr3.bed	NAC_CUC1_col_v31_chr3.pos	1	620		1501	125240		0	0	0	0
vas_m1500p1_chr3.bed	NAC_CUC2_col_chr3.pos	1	692		1501	139784		0	0	0	0
vas_m1500p1_chr3.bed	NAC_CUC2_colamp_a_chr3.pos	1	502		1501	101404		0	0	0	0
vas_m1500p1_chr3.bed	NAC_CUC3_col_a_chr3.pos	1	1238		1501	250076		0	0	0	0
vas_m1500p1_chr3.bed	NAC_NAC2_col_v3a_chr3.pos	1	1939		1501	391678		0	0	0	0
vas_m1500p1_chr3.bed	NAC_NAC2_colamp_a_chr3.pos	1	2712		1501	547824		0	0	0	0
vas_m1500p1_chr3.bed	NAC_NAM_col_v3a_chr3.pos	1	965		1501	194930		0	0	0	0
vas_m1500p1_chr3.bed	NAC_NAM_colamp_a_chr3.pos	1	558		1501	112716		0	0	0	0
vas_m1500p1_chr3.bed	NAC_NAP_col_v3a_chr3.pos	1	891		1501	179982		0	0	0	0
vas_m1500p1_chr3.bed	NAC_NAP_colamp_a_chr3.pos	1	350		1501	70700		0	0	0	0
vas_m1500p1_chr3.bed	NAC_NST1_col_v31_chr3.pos	1	2291		1501	462782		0	0	0	0
vas_m1500p1_chr3.bed	NAC_NST1_colamp_a_chr3.pos	1	2701		1501	545602		0	0	0	0
vas_m1500p1_chr3.bed	NAC_NTL8_col_chr3.pos	1	1240		1501	250480		0	0	0	0
vas_m1500p1_chr3.bed	NAC_NTM1_col_a_chr3.pos	1	2160		1501	436320		0	0	0	0
vas_m1500p1_chr3.bed	NAC_NTM1_colamp_a_chr3.pos	1	910		1501	183820		1	66	1	1
vas_m1500p1_chr3.bed	NAC_NTM2_col_b_chr3.pos	1	1040		1501	210080		0	0	0	0
vas_m1500p1_chr3.bed	NAC_SMB_col_a_chr3.pos	1	3199		1501	646198		1	202	1	1
vas_m1500p1_chr3.bed	NAC_SMB_colamp_a_chr3.pos	1	4629		1501	935058		1	202	1	1
vas_m1500p1_chr3.bed	NAC_SND2_col_a_chr3.pos	1	121		1501	24442		0	0	0	0
vas_m1500p1_chr3.bed	NAC_SND2_colamp_a_chr3.pos	1	4609		1501	931018		2	404	1	2
vas_m1500p1_chr3.bed	NAC_SND3_col_b_chr3.pos	1	4234		1501	855268		3	606	1	3
vas_m1500p1_chr3.bed	NAC_SND3_colamp_a_chr3.pos	1	4787		1501	966974		3	602	1	3
vas_m1500p1_chr3.bed	NAC_VND1_col_a_chr3.pos	1	1414		1501	285628		0	0	0	0
vas_m1500p1_chr3.bed	NAC_VND2_col_a_chr3.pos	1	2349		1501	474498		0	0	0	0
vas_m1500p1_chr3.bed	NAC_VND2_colamp_a_chr3.pos	1	991		1501	200182		0	0	0	0
vas_m1500p1_chr3.bed	NAC_VND3_col_chr3.pos	1	665		1501	134330		0	0	0	0
vas_m1500p1_chr3.bed	NAC_VND3_colamp_a_chr3.pos	1	652		1501	131704		0	0	0	0
vas_m1500p1_chr3.bed	NAC_VND4_col_chr3.pos	1	2107		1501	425614		0	0	0	0
vas_m1500p1_chr3.bed	NAC_VND4_colamp_a_chr3.pos	1	1587		1501	320574		0	0	0	0
vas_m1500p1_chr3.bed	NAC_VND6_col_v31_chr3.pos	1	2495		1501	503990		0	0	0	0
vas_m1500p1_chr3.bed	NAC_VND6_colamp_a_chr3.pos	1	723		1501	146046		0	0	0	0
vas_m1500p1_chr3.bed	ND_FRS9_col_a_chr3.pos	1	730		1501	147460		0	0	0	0
vas_m1500p1_chr3.bed	ND_FRS9_colamp_a_chr3.pos	1	722		1501	145844		0	0	0	0
vas_m1500p1_chr3.bed	Orphan_AT1G24250_col_a_chr3.pos	1	414		1501	83628		0	0	0	0
vas_m1500p1_chr3.bed	Orphan_BBX31_col_a_chr3.pos	1	3111		1501	628422		1	126	1	1
vas_m1500p1_chr3.bed	RAV_RAV1_col_chr3.pos	1	2262		1501	456924		0	0	0	0
vas_m1500p1_chr3.bed	RAV_RAV1_colamp_a_chr3.pos	1	596		1501	120392		0	0	0	0
vas_m1500p1_chr3.bed	REM_REM19_col_a_chr3.pos	1	3210		1501	648420		0	0	0	0
vas_m1500p1_chr3.bed	REM_REM19_colamp_a_chr3.pos	1	4357		1501	880114		1	119	1	1
vas_m1500p1_chr3.bed	RWPRK_NLP7_col_a_chr3.pos	1	173		1501	34946		1	202	1	1
vas_m1500p1_chr3.bed	RWPRK_RKD2_col_a_chr3.pos	1	209		1501	42218		0	0	0	0
vas_m1500p1_chr3.bed	RWPRK_RKD2_colamp_a_chr3.pos	1	1928		1501	389456		0	0	0	0
vas_m1500p1_chr3.bed	S1Falike_AT3G09735_col_a_chr3.pos	1	1514		1501	305828		0	0	0	0
vas_m1500p1_chr3.bed	SBP_SPL1_col_a_chr3.pos	1	911		1501	184022		0	0	0	0
vas_m1500p1_chr3.bed	SBP_SPL1_colamp_a_chr3.pos	1	1659		1501	335118		0	0	0	0
vas_m1500p1_chr3.bed	SBP_SPL13_col_a_chr3.pos	1	248		1501	50096		0	0	0	0
vas_m1500p1_chr3.bed	SBP_SPL14_col_a_chr3.pos	1	499		1501	100798		0	0	0	0
vas_m1500p1_chr3.bed	SBP_SPL15_colamp_a_chr3.pos	1	3918		1501	791436		0	0	0	0
vas_m1500p1_chr3.bed	SBP_SPL5_col_a_chr3.pos	1	980		1501	197960		0	0	0	0
vas_m1500p1_chr3.bed	SBP_SPL5_colamp_a_chr3.pos	1	4409		1501	890618		0	0	0	0
vas_m1500p1_chr3.bed	SBP_SPL9_col_a_chr3.pos	1	4120		1501	832240		0	0	0	0
vas_m1500p1_chr3.bed	SBP_SPL9_colamp_a_chr3.pos	1	4005		1501	809010		0	0	0	0
vas_m1500p1_chr3.bed	SRS_SRS7_colamp_a_chr3.pos	1	2221		1501	448642		0	0	0	0
vas_m1500p1_chr3.bed	TCP_At1g69690_col_a_chr3.pos	1	228		1501	46056		0	0	0	0
vas_m1500p1_chr3.bed	TCP_At1g72010_col_chr3.pos	1	513		1501	103626		0	0	0	0
vas_m1500p1_chr3.bed	TCP_At1g72010_colamp_a_chr3.pos	1	508		1501	102616		0	0	0	0
vas_m1500p1_chr3.bed	TCP_At2g45680_col_b_chr3.pos	1	184		1501	37168		0	0	0	0
vas_m1500p1_chr3.bed	TCP_At5g08330_col_a_chr3.pos	1	654		1501	132108		0	0	0	0
vas_m1500p1_chr3.bed	TCP_TCP20_col_a_chr3.pos	1	363		1501	73326		0	0	0	0
vas_m1500p1_chr3.bed	TCP_TCP24_col_chr3.pos	1	712		1501	143824		0	0	0	0
vas_m1500p1_chr3.bed	TCP_TCP3_col_chr3.pos	1	271		1501	54742		0	0	0	0
vas_m1500p1_chr3.bed	TCP_TCP7_col_a_chr3.pos	1	277		1501	55954		0	0	0	0
vas_m1500p1_chr3.bed	Trihelix_AT1G76880_col_a_chr3.pos	1	92		1501	18584		0	0	0	0
vas_m1500p1_chr3.bed	Trihelix_AT2G33550_colamp_a_chr3.pos	1	1683		1501	339966		0	0	0	0
vas_m1500p1_chr3.bed	Trihelix_AT3G10030_col_a_chr3.pos	1	232		1501	46864		0	0	0	0
vas_m1500p1_chr3.bed	Trihelix_AT3G10030_colamp_a_chr3.pos	1	549		1501	110898		0	0	0	0
vas_m1500p1_chr3.bed	Trihelix_At3g14180_col_chr3.pos	1	1363		1501	275326		0	0	0	0
vas_m1500p1_chr3.bed	Trihelix_AT3G25990_colamp_a_chr3.pos	1	496		1501	100192		0	0	0	0
vas_m1500p1_chr3.bed	Trihelix_AT5G05550_col_a_chr3.pos	1	2160		1501	436320		0	0	0	0
vas_m1500p1_chr3.bed	Trihelix_AT5G05550_colamp_a_chr3.pos	1	1718		1501	347036		0	0	0	0
vas_m1500p1_chr3.bed	Trihelix_AT5G47660_colamp_a_chr3.pos	1	2420		1501	488840		0	0	0	0
vas_m1500p1_chr3.bed	Trihelix_GT1_col_a_chr3.pos	1	102		1501	20604		0	0	0	0
vas_m1500p1_chr3.bed	Trihelix_GT2_col_a_chr3.pos	1	1805		1501	364610		0	0	0	0
vas_m1500p1_chr3.bed	Trihelix_GT2_colamp_a_chr3.pos	1	1473		1501	297546		0	0	0	0
vas_m1500p1_chr3.bed	Trihelix_GT3a_col_a_chr3.pos	1	261		1501	52722		0	0	0	0
vas_m1500p1_chr3.bed	Trihelix_GTL1_col_a_chr3.pos	1	2309		1501	466418		0	0	0	0
vas_m1500p1_chr3.bed	Trihelix_GTL1_colamp_a_chr3.pos	1	3690		1501	745380		0	0	0	0
vas_m1500p1_chr3.bed	WRKY_WRKY14_col_a_chr3.pos	1	923		1501	186446		0	0	0	0
vas_m1500p1_chr3.bed	WRKY_WRKY14_colamp_a_chr3.pos	1	1745		1501	352490		0	0	0	0
vas_m1500p1_chr3.bed	WRKY_WRKY15_col_b_chr3.pos	1	4484		1501	905768		0	0	0	0
vas_m1500p1_chr3.bed	WRKY_WRKY15_colamp_a_chr3.pos	1	1373		1501	277346		0	0	0	0
vas_m1500p1_chr3.bed	WRKY_WRKY18_col_a_chr3.pos	1	3757		1501	758914		0	0	0	0
vas_m1500p1_chr3.bed	WRKY_WRKY18_colamp_a_chr3.pos	1	2386		1501	481972		0	0	0	0
vas_m1500p1_chr3.bed	WRKY_WRKY20_col_a_chr3.pos	1	420		1501	84840		0	0	0	0
vas_m1500p1_chr3.bed	WRKY_WRKY21_col_chr3.pos	1	271		1501	54742		0	0	0	0
vas_m1500p1_chr3.bed	WRKY_WRKY22_col_chr3.pos	1	4437		1501	896274		0	0	0	0
vas_m1500p1_chr3.bed	WRKY_WRKY22_colamp_a_chr3.pos	1	2891		1501	583982		0	0	0	0
vas_m1500p1_chr3.bed	WRKY_WRKY24_col_a_chr3.pos	1	1438		1501	290476		0	0	0	0
vas_m1500p1_chr3.bed	WRKY_WRKY24_colamp_a_chr3.pos	1	2275		1501	459550		0	0	0	0
vas_m1500p1_chr3.bed	WRKY_WRKY25_col_a_chr3.pos	1	1169		1501	236138		0	0	0	0
vas_m1500p1_chr3.bed	WRKY_WRKY25_colamp_a_chr3.pos	1	3039		1501	613878		0	0	0	0
vas_m1500p1_chr3.bed	WRKY_WRKY27_col_a_chr3.pos	1	561		1501	113322		0	0	0	0
vas_m1500p1_chr3.bed	WRKY_WRKY27_colamp_a_chr3.pos	1	4007		1501	809414		0	0	0	0
vas_m1500p1_chr3.bed	WRKY_WRKY28_col_a_chr3.pos	1	2628		1501	530856		0	0	0	0
vas_m1500p1_chr3.bed	WRKY_WRKY29_col_a_chr3.pos	1	532		1501	107464		0	0	0	0
vas_m1500p1_chr3.bed	WRKY_WRKY29_colamp_a_chr3.pos	1	3135		1501	633270		0	0	0	0
vas_m1500p1_chr3.bed	WRKY_WRKY3_col_a_chr3.pos	1	234		1501	47268		0	0	0	0
vas_m1500p1_chr3.bed	WRKY_WRKY30_colamp_a_chr3.pos	1	900		1501	181800		0	0	0	0
vas_m1500p1_chr3.bed	WRKY_WRKY31_colamp_a_chr3.pos	1	700		1501	141400		0	0	0	0
vas_m1500p1_chr3.bed	WRKY_WRKY33_col_a_chr3.pos	1	1141		1501	230482		0	0	0	0
vas_m1500p1_chr3.bed	WRKY_WRKY40_col_chr3.pos	1	1402		1501	283204		0	0	0	0
vas_m1500p1_chr3.bed	WRKY_WRKY45_col_a_chr3.pos	1	2090		1501	422180		0	0	0	0
vas_m1500p1_chr3.bed	WRKY_WRKY45_colamp_a_chr3.pos	1	603		1501	121806		0	0	0	0
vas_m1500p1_chr3.bed	WRKY_WRKY50_col_a_chr3.pos	1	2708		1501	547016		0	0	0	0
vas_m1500p1_chr3.bed	WRKY_WRKY55_col_a_chr3.pos	1	1844		1501	372488		0	0	0	0
vas_m1500p1_chr3.bed	WRKY_WRKY6_colamp_a_chr3.pos	1	1074		1501	216948		0	0	0	0
vas_m1500p1_chr3.bed	WRKY_WRKY65_col_a_chr3.pos	1	1764		1501	356328		0	0	0	0
vas_m1500p1_chr3.bed	WRKY_WRKY65_colamp_a_chr3.pos	1	2321		1501	468842		0	0	0	0
vas_m1500p1_chr3.bed	WRKY_WRKY7_col_chr3.pos	1	390		1501	78780		0	0	0	0
vas_m1500p1_chr3.bed	WRKY_WRKY70_col_chr3.pos	1	1669		1501	337138		0	0	0	0
vas_m1500p1_chr3.bed	WRKY_WRKY71_col_a_chr3.pos	1	1908		1501	385416		0	0	0	0
vas_m1500p1_chr3.bed	WRKY_WRKY75_col_a_chr3.pos	1	3824		1501	772448		0	0	0	0
vas_m1500p1_chr3.bed	WRKY_WRKY75_colamp_a_chr3.pos	1	2070		1501	418140		0	0	0	0
vas_m1500p1_chr3.bed	WRKY_WRKY8_col_chr3.pos	1	4092		1501	826584		0	0	0	0
vas_m1500p1_chr3.bed	WRKY_WRKY8_colamp_a_chr3.pos	1	603		1501	121806		0	0	0	0
vas_m1500p1_chr3.bed	zfGRF_AT3G42860_col_a_chr3.pos	1	511		1501	103222		0	0	0	0
vas_m1500p1_chr3.bed	ZFHD_ATHB23_col_b_chr3.pos	1	5429		1501	1096658		0	0	0	0
vas_m1500p1_chr3.bed	ZFHD_ATHB23_colamp_a_chr3.pos	1	4100		1501	828200		0	0	0	0
vas_m1500p1_chr3.bed	ZFHD_ATHB24_col_a_chr3.pos	1	871		1501	175942		0	0	0	0
vas_m1500p1_chr3.bed	ZFHD_ATHB24_colamp_a_chr3.pos	1	3045		1501	615090		0	0	0	0
vas_m1500p1_chr3.bed	ZFHD_ATHB25_col_a_chr3.pos	1	4876		1501	984952		0	0	0	0
vas_m1500p1_chr3.bed	ZFHD_ATHB25_colamp_a_chr3.pos	1	4554		1501	919908		1	202	1	1
vas_m1500p1_chr3.bed	ZFHD_AtHB32_col200_a_chr3.pos	1	4108		1501	829816		0	0	0	0
vas_m1500p1_chr3.bed	ZFHD_ATHB33_col_a_chr3.pos	1	3865		1501	780730		1	202	1	1
vas_m1500p1_chr3.bed	ZFHD_ATHB33_colamp_a_chr3.pos	1	2816		1501	568832		1	202	1	1
vas_m1500p1_chr3.bed	ZFHD_ATHB34_col_a_chr3.pos	1	1312		1501	265024		0	0	0	0
vas_m1500p1_chr3.bed	ZFHD_ATHB34_colamp_a_chr3.pos	1	4422		1501	893244		0	0	0	0
