vas_m1500p1_chr5.bed	ABI3VP1_AT5G60130_col_a_chr5.pos	3	4443		4503	897486		3	606	1	3
vas_m1500p1_chr5.bed	ABI3VP1_FUS3_col_a_chr5.pos	3	691		4503	139582		0	0	0	0
vas_m1500p1_chr5.bed	ABI3VP1_NGA4_col_a_chr5.pos	3	530		4503	107060		1	202	1	1
vas_m1500p1_chr5.bed	ABI3VP1_VRN1_col_a_chr5.pos	3	1596		4503	322392		0	0	0	0
vas_m1500p1_chr5.bed	AP2EREBP_ABR1_col_a_chr5.pos	3	580		4503	117160		0	0	0	0
vas_m1500p1_chr5.bed	AP2EREBP_ABR1_colamp_a_chr5.pos	3	2100		4503	424200		1	91	1	1
vas_m1500p1_chr5.bed	AP2EREBP_AIL7_col_a_chr5.pos	3	152		4503	30704		0	0	0	0
vas_m1500p1_chr5.bed	AP2EREBP_AIL7_colamp_a_chr5.pos	3	670		4503	135340		0	0	0	0
vas_m1500p1_chr5.bed	AP2EREBP_AT1G01250_col_a_chr5.pos	3	156		4503	31512		1	164	1	1
vas_m1500p1_chr5.bed	AP2EREBP_AT1G12630_col_a_chr5.pos	3	1782		4503	359964		2	364	1	2
vas_m1500p1_chr5.bed	AP2EREBP_AT1G12630_colamp_a_chr5.pos	3	2384		4503	481568		1	202	1	1
vas_m1500p1_chr5.bed	AP2EREBP_At1g19210_col_a_chr5.pos	3	1817		4503	367034		2	364	1	2
vas_m1500p1_chr5.bed	AP2EREBP_At1g19210_colamp_a_chr5.pos	3	3303		4503	667206		2	366	1	2
vas_m1500p1_chr5.bed	AP2EREBP_At1g22810_col_chr5.pos	3	871		4503	175942		2	344	1	2
vas_m1500p1_chr5.bed	AP2EREBP_At1g22810_colamp_a_chr5.pos	3	1084		4503	218968		2	364	1	2
vas_m1500p1_chr5.bed	AP2EREBP_AT1G28160_col_a_chr5.pos	3	243		4503	49086		1	91	1	1
vas_m1500p1_chr5.bed	AP2EREBP_AT1G28160_colamp_a_chr5.pos	3	2104		4503	425008		1	89	1	1
vas_m1500p1_chr5.bed	AP2EREBP_At1g36060_col_a_chr5.pos	3	152		4503	30704		0	0	0	0
vas_m1500p1_chr5.bed	AP2EREBP_At1g36060_colamp_a_chr5.pos	3	749		4503	151298		1	163	1	1
vas_m1500p1_chr5.bed	AP2EREBP_AT1G44830_col_a_chr5.pos	3	376		4503	75952		0	0	0	0
vas_m1500p1_chr5.bed	AP2EREBP_AT1G71450_col_a_chr5.pos	3	3284		4503	663368		3	455	1	3
vas_m1500p1_chr5.bed	AP2EREBP_AT1G77200_col_a_chr5.pos	3	1354		4503	273508		2	344	1	2
vas_m1500p1_chr5.bed	AP2EREBP_AT1G77200_colamp_a_chr5.pos	3	4912		4503	992224		2	366	1	2
vas_m1500p1_chr5.bed	AP2EREBP_At2g33710_col_chr5.pos	3	1251		4503	252702		1	1	1	1
vas_m1500p1_chr5.bed	AP2EREBP_At2g33710_colamp_a_chr5.pos	3	2882		4503	582164		0	0	0	0
vas_m1500p1_chr5.bed	AP2EREBP_At2g44940_colamp_a_chr5.pos	3	1216		4503	245632		2	365	1	2
vas_m1500p1_chr5.bed	AP2EREBP_AT3G16280_colamp_a_chr5.pos	3	3023		4503	610646		2	365	1	2
vas_m1500p1_chr5.bed	AP2EREBP_AT3G60490_colamp_a_chr5.pos	3	2083		4503	420766		2	365	1	2
vas_m1500p1_chr5.bed	AP2EREBP_At4g16750_col_a_chr5.pos	3	3580		4503	723160		2	365	1	2
vas_m1500p1_chr5.bed	AP2EREBP_AT4G18450_col_a_chr5.pos	3	111		4503	22422		0	0	0	0
vas_m1500p1_chr5.bed	AP2EREBP_At4g31060_col_a_chr5.pos	3	759		4503	153318		2	372	1	2
vas_m1500p1_chr5.bed	AP2EREBP_At4g31060_colamp_a_chr5.pos	3	963		4503	194526		0	0	0	0
vas_m1500p1_chr5.bed	AP2EREBP_At4g32800_col_chr5.pos	3	915		4503	184830		2	366	1	2
vas_m1500p1_chr5.bed	AP2EREBP_At5g18450_col_a_chr5.pos	3	536		4503	108272		1	161	1	1
vas_m1500p1_chr5.bed	AP2EREBP_At5g65130_col_a_chr5.pos	3	443		4503	89486		0	0	0	0
vas_m1500p1_chr5.bed	AP2EREBP_CBF1_col_a_chr5.pos	3	1609		4503	325018		2	373	1	2
vas_m1500p1_chr5.bed	AP2EREBP_CBF1_colamp_a_chr5.pos	3	2652		4503	535704		2	364	1	2
vas_m1500p1_chr5.bed	AP2EREBP_CBF2_col_a_chr5.pos	3	770		4503	155540		1	171	1	1
vas_m1500p1_chr5.bed	AP2EREBP_CBF2_colamp_a_chr5.pos	3	2450		4503	494900		2	365	1	2
vas_m1500p1_chr5.bed	AP2EREBP_CBF3_col_a_chr5.pos	3	1139		4503	230078		2	371	1	2
vas_m1500p1_chr5.bed	AP2EREBP_CBF3_colamp_a_chr5.pos	3	1612		4503	325624		2	365	1	2
vas_m1500p1_chr5.bed	AP2EREBP_CBF4_col_a_chr5.pos	3	2511		4503	507222		2	364	1	2
vas_m1500p1_chr5.bed	AP2EREBP_CBF4_colamp_a_chr5.pos	3	4277		4503	863954		2	365	1	2
vas_m1500p1_chr5.bed	AP2EREBP_CEJ1_col_a_chr5.pos	3	4481		4503	905162		3	535	1	3
vas_m1500p1_chr5.bed	AP2EREBP_CEJ1_colamp_a_chr5.pos	3	2490		4503	502980		2	365	1	2
vas_m1500p1_chr5.bed	AP2EREBP_CRF10_col100_a_chr5.pos	3	1435		4503	289870		0	0	0	0
vas_m1500p1_chr5.bed	AP2EREBP_CRF4_colamp_a_chr5.pos	3	558		4503	112716		0	0	0	0
vas_m1500p1_chr5.bed	AP2EREBP_DDF1_col_a_chr5.pos	3	528		4503	106656		0	0	0	0
vas_m1500p1_chr5.bed	AP2EREBP_DDF2_col_a_chr5.pos	3	78		4503	15756		0	0	0	0
vas_m1500p1_chr5.bed	AP2EREBP_DEAR2_col_a_chr5.pos	3	801		4503	161802		2	371	1	2
vas_m1500p1_chr5.bed	AP2EREBP_DEAR2_colamp_a_chr5.pos	3	4564		4503	921928		2	365	1	2
vas_m1500p1_chr5.bed	AP2EREBP_DEAR3_col_a_chr5.pos	3	698		4503	140996		2	336	1	2
vas_m1500p1_chr5.bed	AP2EREBP_DEAR3_colamp_a_chr5.pos	3	2209		4503	446218		2	364	1	2
vas_m1500p1_chr5.bed	AP2EREBP_DEAR5_col_a_chr5.pos	3	541		4503	109282		1	163	1	1
vas_m1500p1_chr5.bed	AP2EREBP_DREB19_col_a_chr5.pos	3	896		4503	180992		0	0	0	0
vas_m1500p1_chr5.bed	AP2EREBP_DREB19_colamp_a_chr5.pos	3	2629		4503	531058		1	171	1	1
vas_m1500p1_chr5.bed	AP2EREBP_ERF10_col_a_chr5.pos	3	1119		4503	226038		0	0	0	0
vas_m1500p1_chr5.bed	AP2EREBP_ERF105_col_chr5.pos	3	663		4503	133926		0	0	0	0
vas_m1500p1_chr5.bed	AP2EREBP_ERF105_colamp_a_chr5.pos	3	2577		4503	520554		1	93	1	1
vas_m1500p1_chr5.bed	AP2EREBP_ERF11_col_b_chr5.pos	3	1756		4503	354712		1	1	1	1
vas_m1500p1_chr5.bed	AP2EREBP_ERF115_col_a_chr5.pos	3	553		4503	111706		0	0	0	0
vas_m1500p1_chr5.bed	AP2EREBP_ERF115_colamp_a_chr5.pos	3	2179		4503	440158		0	0	0	0
vas_m1500p1_chr5.bed	AP2EREBP_ERF13_colamp_a_chr5.pos	3	2095		4503	423190		1	91	1	1
vas_m1500p1_chr5.bed	AP2EREBP_ERF15_col_chr5.pos	3	2131		4503	430462		1	92	1	1
vas_m1500p1_chr5.bed	AP2EREBP_ERF15_colamp_a_chr5.pos	3	3569		4503	720938		1	92	1	1
vas_m1500p1_chr5.bed	AP2EREBP_ERF2_col_a_chr5.pos	3	157		4503	31714		0	0	0	0
vas_m1500p1_chr5.bed	AP2EREBP_ERF3_col_a_chr5.pos	3	762		4503	153924		0	0	0	0
vas_m1500p1_chr5.bed	AP2EREBP_ERF38_col_a_chr5.pos	3	1308		4503	264216		2	371	1	2
vas_m1500p1_chr5.bed	AP2EREBP_ERF4_col_a_chr5.pos	3	1339		4503	270478		1	93	1	1
vas_m1500p1_chr5.bed	AP2EREBP_ERF4_colamp_a_chr5.pos	3	2130		4503	430260		1	93	1	1
vas_m1500p1_chr5.bed	AP2EREBP_ERF5_col_a_chr5.pos	3	169		4503	34138		0	0	0	0
vas_m1500p1_chr5.bed	AP2EREBP_ERF7_col_a_chr5.pos	3	3156		4503	637512		0	0	0	0
vas_m1500p1_chr5.bed	AP2EREBP_ERF7_colamp_a_chr5.pos	3	832		4503	168064		0	0	0	0
vas_m1500p1_chr5.bed	AP2EREBP_ERF8_col_a_chr5.pos	3	1504		4503	303808		1	89	1	1
vas_m1500p1_chr5.bed	AP2EREBP_ERF8_colamp_a_chr5.pos	3	1465		4503	295930		0	0	0	0
vas_m1500p1_chr5.bed	AP2EREBP_ESE1_col_a_chr5.pos	3	322		4503	65044		0	0	0	0
vas_m1500p1_chr5.bed	AP2EREBP_ESE3_col_a_chr5.pos	3	1258		4503	254116		0	0	0	0
vas_m1500p1_chr5.bed	AP2EREBP_ESE3_colamp_a_chr5.pos	3	843		4503	170286		0	0	0	0
vas_m1500p1_chr5.bed	AP2EREBP_LEP_col_a_chr5.pos	3	120		4503	24240		0	0	0	0
vas_m1500p1_chr5.bed	AP2EREBP_PLT3_col_a_chr5.pos	3	102		4503	20604		0	0	0	0
vas_m1500p1_chr5.bed	AP2EREBP_PUCHI_colamp_a_chr5.pos	3	599		4503	120998		0	0	0	0
vas_m1500p1_chr5.bed	AP2EREBP_RAP21_col_a_chr5.pos	3	479		4503	96758		2	367	1	2
vas_m1500p1_chr5.bed	AP2EREBP_Rap210_col_a_chr5.pos	3	1721		4503	347642		0	0	0	0
vas_m1500p1_chr5.bed	AP2EREBP_Rap210_colamp_a_chr5.pos	3	1134		4503	229068		0	0	0	0
vas_m1500p1_chr5.bed	AP2EREBP_RAP211_col_a_chr5.pos	3	563		4503	113726		0	0	0	0
vas_m1500p1_chr5.bed	AP2EREBP_RAP211_colamp_a_chr5.pos	3	3201		4503	646602		0	0	0	0
vas_m1500p1_chr5.bed	AP2EREBP_RAP212_col_a_chr5.pos	3	1505		4503	304010		1	91	1	1
vas_m1500p1_chr5.bed	AP2EREBP_RAP26_col_a_chr5.pos	3	606		4503	122412		0	0	0	0
vas_m1500p1_chr5.bed	AP2EREBP_RAP26_colamp_a_chr5.pos	3	1337		4503	270074		0	0	0	0
vas_m1500p1_chr5.bed	AP2EREBP_RRTF1_col_a_chr5.pos	3	1045		4503	211090		0	0	0	0
vas_m1500p1_chr5.bed	AP2EREBP_RRTF1_colamp_a_chr5.pos	3	775		4503	156550		0	0	0	0
vas_m1500p1_chr5.bed	AP2EREBP_TINY_col_a_chr5.pos	3	417		4503	84234		0	0	0	0
vas_m1500p1_chr5.bed	ARF_ARF2_col_v31_chr5.pos	3	2630		4503	531260		1	161	1	1
vas_m1500p1_chr5.bed	ARF_ecoli_MP_col_chr5.pos	3	6023		4503	1216646		2	314	1	2
vas_m1500p1_chr5.bed	ARID_AT1G20910_col_a_chr5.pos	3	2528		4503	510656		0	0	0	0
vas_m1500p1_chr5.bed	BBRBPC_BPC1_col_a_chr5.pos	3	346		4503	69892		1	160	1	1
vas_m1500p1_chr5.bed	BBRBPC_BPC1_colamp_a_chr5.pos	3	3707		4503	748814		2	257	2	2
vas_m1500p1_chr5.bed	BES1_BAM8_col_a_chr5.pos	3	529		4503	106858		0	0	0	0
vas_m1500p1_chr5.bed	BES1_BAM8_colamp_a_chr5.pos	3	476		4503	96152		0	0	0	0
vas_m1500p1_chr5.bed	bHLH_bHLH10_col_a_chr5.pos	3	231		4503	46662		1	202	1	1
vas_m1500p1_chr5.bed	bHLH_bHLH10_colamp_a_chr5.pos	3	1876		4503	378952		2	364	1	2
vas_m1500p1_chr5.bed	bHLH_bHLH122_col100_a_chr5.pos	3	2345		4503	473690		0	0	0	0
vas_m1500p1_chr5.bed	bHLH_bHLH28_col_a_chr5.pos	3	2005		4503	405010		1	163	1	1
vas_m1500p1_chr5.bed	bHLH_bHLH31_col_chr5.pos	3	397		4503	80194		0	0	0	0
vas_m1500p1_chr5.bed	bHLH_bHLH80_col_a_chr5.pos	3	1321		4503	266842		0	0	0	0
vas_m1500p1_chr5.bed	bHLH_BIM1_col_a_chr5.pos	3	146		4503	29492		0	0	0	0
vas_m1500p1_chr5.bed	bHLH_BIM2_col_v3b_chr5.pos	3	3383		4503	683366		1	202	1	1
vas_m1500p1_chr5.bed	bHLH_BIM2_colamp_chr5.pos	3	5967		4503	1205334		1	202	1	1
vas_m1500p1_chr5.bed	bZIP_ABF2_col_v3a_chr5.pos	3	529		4503	106858		2	369	1	2
vas_m1500p1_chr5.bed	bZIP_ABI5_col_v3h_chr5.pos	3	1101		4503	222402		3	445	2	3
vas_m1500p1_chr5.bed	bZIP_ABI5_colamp_v3b_chr5.pos	3	993		4503	200586		3	447	2	3
vas_m1500p1_chr5.bed	bZIP_AREB3_col_v31_chr5.pos	3	1050		4503	212100		3	445	2	3
vas_m1500p1_chr5.bed	bZIP_bZIP16_col_v3a_chr5.pos	3	403		4503	81406		3	447	2	3
vas_m1500p1_chr5.bed	bZIP_bZIP16_colamp_a_chr5.pos	3	1534		4503	309868		3	445	2	3
vas_m1500p1_chr5.bed	bZIP_bZIP18_col_v31_chr5.pos	3	943		4503	190486		0	0	0	0
vas_m1500p1_chr5.bed	bZIP_bZIP18_colamp_a_chr5.pos	3	2304		4503	465408		1	202	1	1
vas_m1500p1_chr5.bed	bZIP_bZIP28_col_a_chr5.pos	3	420		4503	84840		0	0	0	0
vas_m1500p1_chr5.bed	bZIP_bZIP3_col_a_chr5.pos	3	1896		4503	382992		3	443	2	3
vas_m1500p1_chr5.bed	bZIP_bZIP44_col_chr5.pos	3	636		4503	128472		2	243	2	2
vas_m1500p1_chr5.bed	bZIP_bZIP48_col_a_chr5.pos	3	197		4503	39794		3	447	2	3
vas_m1500p1_chr5.bed	bZIP_bZIP48_colamp_a_chr5.pos	3	968		4503	195536		3	443	2	3
vas_m1500p1_chr5.bed	bZIP_bZIP50_col_v31_chr5.pos	3	843		4503	170286		2	247	2	2
vas_m1500p1_chr5.bed	bZIP_bZIP50_colamp_v31_chr5.pos	3	4227		4503	853854		1	80	1	1
vas_m1500p1_chr5.bed	bZIP_bZIP52_col_v31_chr5.pos	3	1218		4503	246036		0	0	0	0
vas_m1500p1_chr5.bed	bZIP_bZIP52_colamp_a_chr5.pos	3	2513		4503	507626		0	0	0	0
vas_m1500p1_chr5.bed	bZIP_bZIP53_col_chr5.pos	3	1602		4503	323604		3	443	2	3
vas_m1500p1_chr5.bed	bZIP_bZIP53_colamp_a_chr5.pos	3	2323		4503	469246		3	445	2	3
vas_m1500p1_chr5.bed	bZIP_bZIP68_col_a_chr5.pos	3	2079		4503	419958		3	445	2	3
vas_m1500p1_chr5.bed	bZIP_GBF3_col_chr5.pos	3	1418		4503	286436		3	445	2	3
vas_m1500p1_chr5.bed	bZIP_GBF3_colamp_chr5.pos	3	2301		4503	464802		2	243	2	2
vas_m1500p1_chr5.bed	bZIP_GBF5_col_v3a_chr5.pos	3	568		4503	114736		2	243	2	2
vas_m1500p1_chr5.bed	bZIP_GBF5_colamp_a_chr5.pos	3	954		4503	192708		3	447	2	3
vas_m1500p1_chr5.bed	bZIP_GBF6_col_chr5.pos	3	2220		4503	448440		3	445	2	3
vas_m1500p1_chr5.bed	bZIP_HY5_colamp_v3a_chr5.pos	3	2300		4503	464600		2	186	1	2
vas_m1500p1_chr5.bed	bZIP_TGA1_col_chr5.pos	3	907		4503	183214		2	245	2	2
vas_m1500p1_chr5.bed	bZIP_TGA1_colamp_a_chr5.pos	3	1892		4503	382184		2	247	2	2
vas_m1500p1_chr5.bed	bZIP_TGA10_col_a_chr5.pos	3	170		4503	34340		0	0	0	0
vas_m1500p1_chr5.bed	bZIP_TGA10_colamp_a_chr5.pos	3	1090		4503	220180		2	247	2	2
vas_m1500p1_chr5.bed	bZIP_TGA2_col_chr5.pos	3	541		4503	109282		2	247	2	2
vas_m1500p1_chr5.bed	bZIP_TGA2_colamp_v31_chr5.pos	3	3299		4503	666398		1	78	1	1
vas_m1500p1_chr5.bed	bZIP_TGA3_col_chr5.pos	3	785		4503	158570		2	247	2	2
vas_m1500p1_chr5.bed	bZIP_TGA4_col_a_chr5.pos	3	939		4503	189678		1	80	1	1
vas_m1500p1_chr5.bed	bZIP_TGA4_colamp_a_chr5.pos	3	1352		4503	273104		2	247	2	2
vas_m1500p1_chr5.bed	bZIP_TGA5_col_v3a_chr5.pos	3	619		4503	125038		2	282	2	2
vas_m1500p1_chr5.bed	bZIP_TGA6_col_a_chr5.pos	3	3012		4503	608424		3	447	2	3
vas_m1500p1_chr5.bed	bZIP_TGA6_colamp_a_chr5.pos	3	3283		4503	663166		3	447	2	3
vas_m1500p1_chr5.bed	bZIP_TGA9_col_a_chr5.pos	3	1045		4503	211090		1	79	1	1
vas_m1500p1_chr5.bed	bZIP_TGA9_colamp_a_chr5.pos	3	3311		4503	668822		2	245	2	2
vas_m1500p1_chr5.bed	bZIP_VIP1_col_v3a_chr5.pos	3	351		4503	70902		0	0	0	0
vas_m1500p1_chr5.bed	BZR_At1g78700_col_a_chr5.pos	3	1193		4503	240986		0	0	0	0
vas_m1500p1_chr5.bed	BZR_At4g18890_col_a_chr5.pos	3	187		4503	37774		0	0	0	0
vas_m1500p1_chr5.bed	BZR_At4g36780_col_a_chr5.pos	3	1364		4503	275528		0	0	0	0
vas_m1500p1_chr5.bed	BZR_BZR1_col_a_chr5.pos	3	221		4503	44642		0	0	0	0
vas_m1500p1_chr5.bed	C2C2dof_Adof1_col_a_chr5.pos	3	2686		4503	542572		1	202	1	1
vas_m1500p1_chr5.bed	C2C2dof_AT1G47655_col_a_chr5.pos	3	212		4503	42824		0	0	0	0
vas_m1500p1_chr5.bed	C2C2dof_AT1G47655_colamp_a_chr5.pos	3	1498		4503	302596		1	202	1	1
vas_m1500p1_chr5.bed	C2C2dof_At1g64620_100ng20cy_b_chr5.pos	3	2907		4503	587214		3	493	3	3
vas_m1500p1_chr5.bed	C2C2dof_At1g64620_colamp_a_chr5.pos	3	4824		4503	974448		3	606	3	3
vas_m1500p1_chr5.bed	C2C2dof_AT1G69570_col_a_chr5.pos	3	1954		4503	394708		1	19	1	1
vas_m1500p1_chr5.bed	C2C2dof_AT1G69570_colamp_a_chr5.pos	3	1191		4503	240582		1	17	1	1
vas_m1500p1_chr5.bed	C2C2dof_AT2G28810_col_a_chr5.pos	3	5545		4503	1120090		4	625	2	4
vas_m1500p1_chr5.bed	C2C2dof_AT2G28810_colamp_a_chr5.pos	3	5910		4503	1193820		3	493	3	3
vas_m1500p1_chr5.bed	C2C2dof_At3g45610_col_a_chr5.pos	3	3907		4503	789214		2	292	2	2
vas_m1500p1_chr5.bed	C2C2dof_At3g45610_colamp_a_chr5.pos	3	3794		4503	766388		2	292	2	2
vas_m1500p1_chr5.bed	C2C2dof_AT3G52440_col_a_chr5.pos	3	1458		4503	294516		1	91	1	1
vas_m1500p1_chr5.bed	C2C2dof_AT3G52440_colamp_a_chr5.pos	3	5528		4503	1116656		3	497	2	3
vas_m1500p1_chr5.bed	C2C2dof_At4g38000_col_a_chr5.pos	3	1732		4503	349864		1	202	1	1
vas_m1500p1_chr5.bed	C2C2dof_At4g38000_colamp_a_chr5.pos	3	1068		4503	215736		0	0	0	0
vas_m1500p1_chr5.bed	C2C2dof_AT5G02460_col_a_chr5.pos	3	6992		4503	1412384		4	808	3	4
vas_m1500p1_chr5.bed	C2C2dof_AT5G02460_colamp_a_chr5.pos	3	3438		4503	694476		3	606	3	3
vas_m1500p1_chr5.bed	C2C2dof_At5g62940_col_a_chr5.pos	3	6900		4503	1393800		4	698	3	4
vas_m1500p1_chr5.bed	C2C2dof_AT5G66940_col_a_chr5.pos	3	5453		4503	1101506		2	213	1	2
vas_m1500p1_chr5.bed	C2C2dof_AT5G66940_colamp_a_chr5.pos	3	3773		4503	762146		0	0	0	0
vas_m1500p1_chr5.bed	C2C2dof_CDF3_col_a_chr5.pos	3	1850		4503	373700		1	87	1	1
vas_m1500p1_chr5.bed	C2C2dof_CDF3_colamp_a_chr5.pos	3	3361		4503	678922		2	291	2	2
vas_m1500p1_chr5.bed	C2C2dof_COG1_col_a_chr5.pos	3	2630		4503	531260		0	0	0	0
vas_m1500p1_chr5.bed	C2C2dof_DAG2_col_a_chr5.pos	3	3201		4503	646602		1	202	1	1
vas_m1500p1_chr5.bed	C2C2dof_DAG2_colamp_a_chr5.pos	3	2301		4503	464802		0	0	0	0
vas_m1500p1_chr5.bed	C2C2dof_dof24_col_a_chr5.pos	3	4488		4503	906576		2	404	2	2
vas_m1500p1_chr5.bed	C2C2dof_dof24_colamp_a_chr5.pos	3	1757		4503	354914		0	0	0	0
vas_m1500p1_chr5.bed	C2C2dof_dof42_col_a_chr5.pos	3	185		4503	37370		0	0	0	0
vas_m1500p1_chr5.bed	C2C2dof_dof43_colamp_a_chr5.pos	3	4303		4503	869206		2	404	2	2
vas_m1500p1_chr5.bed	C2C2dof_dof45_col_a_chr5.pos	3	5566		4503	1124332		1	202	1	1
vas_m1500p1_chr5.bed	C2C2dof_OBP1_col_a_chr5.pos	3	5319		4503	1074438		1	89	1	1
vas_m1500p1_chr5.bed	C2C2dof_OBP3_col_a_chr5.pos	3	3845		4503	776690		2	404	1	2
vas_m1500p1_chr5.bed	C2C2dof_OBP3_colamp_a_chr5.pos	3	1003		4503	202606		0	0	0	0
vas_m1500p1_chr5.bed	C2C2dof_OBP4_col_a_chr5.pos	3	3308		4503	668216		1	48	1	1
vas_m1500p1_chr5.bed	C2C2dof_OBP4_colamp_a_chr5.pos	3	3247		4503	655894		2	404	1	2
vas_m1500p1_chr5.bed	C2C2gata_GATA1_col_a_chr5.pos	3	229		4503	46258		0	0	0	0
vas_m1500p1_chr5.bed	C2C2gata_GATA11_col_a_chr5.pos	3	726		4503	146652		0	0	0	0
vas_m1500p1_chr5.bed	C2C2gata_GATA19_col_a_chr5.pos	3	48		4503	9696		0	0	0	0
vas_m1500p1_chr5.bed	C2C2gata_GATA20_colamp_a_chr5.pos	3	3981		4503	804162		1	202	1	1
vas_m1500p1_chr5.bed	C2C2gata_GATA4_col_a_chr5.pos	3	388		4503	78376		0	0	0	0
vas_m1500p1_chr5.bed	C2C2YABBY_CRC_col_a_chr5.pos	3	2052		4503	414504		0	0	0	0
vas_m1500p1_chr5.bed	C2H2_AT2G15740_col_a_chr5.pos	3	827		4503	167054		0	0	0	0
vas_m1500p1_chr5.bed	C2H2_At3g60580_col_a_chr5.pos	3	2593		4503	523786		0	0	0	0
vas_m1500p1_chr5.bed	C2H2_AT4G26030_col_a_chr5.pos	3	2604		4503	526008		1	174	1	1
vas_m1500p1_chr5.bed	C2H2_At5g04390_col200_a_chr5.pos	3	2046		4503	413292		0	0	0	0
vas_m1500p1_chr5.bed	C2H2_AT5G22990_col_a_chr5.pos	3	1130		4503	228260		0	0	0	0
vas_m1500p1_chr5.bed	C2H2_At5g66730_col_chr5.pos	3	412		4503	83224		1	94	1	1
vas_m1500p1_chr5.bed	C2H2_At5g66730_colamp_a_chr5.pos	3	1264		4503	255328		1	45	1	1
vas_m1500p1_chr5.bed	C2H2_AtIDD11_colamp_a_chr5.pos	3	708		4503	143016		1	44	1	1
vas_m1500p1_chr5.bed	C2H2_IDD4_col_a_chr5.pos	3	2807		4503	567014		2	70	2	2
vas_m1500p1_chr5.bed	C2H2_IDD5_colamp_a_chr5.pos	3	2077		4503	419554		2	191	2	2
vas_m1500p1_chr5.bed	C2H2_IDD7_col_a_chr5.pos	3	1075		4503	217150		1	84	1	1
vas_m1500p1_chr5.bed	C2H2_JKD_col_a_chr5.pos	3	458		4503	92516		1	43	1	1
vas_m1500p1_chr5.bed	C2H2_MGP_colamp_a_chr5.pos	3	823		4503	166246		1	84	1	1
vas_m1500p1_chr5.bed	C2H2_SGR5_col_a_chr5.pos	3	524		4503	105848		0	0	0	0
vas_m1500p1_chr5.bed	C2H2_SGR5_colamp_a_chr5.pos	3	3821		4503	771842		1	87	1	1
vas_m1500p1_chr5.bed	C2H2_STOP1_colamp_a_chr5.pos	3	333		4503	67266		0	0	0	0
vas_m1500p1_chr5.bed	C2H2_STZ_col_chr5.pos	3	4653		4503	939906		0	0	0	0
vas_m1500p1_chr5.bed	C2H2_STZ_colamp_a_chr5.pos	3	3562		4503	719524		0	0	0	0
vas_m1500p1_chr5.bed	C2H2_WIP5_col_a_chr5.pos	3	819		4503	165438		0	0	0	0
vas_m1500p1_chr5.bed	C2H2_WIP5_colamp_a_chr5.pos	3	1141		4503	230482		0	0	0	0
vas_m1500p1_chr5.bed	C3H_AT3G12130_colamp_a_chr5.pos	3	2713		4503	548026		0	0	0	0
vas_m1500p1_chr5.bed	C3H_At5g08750_col_a_chr5.pos	3	230		4503	46460		0	0	0	0
vas_m1500p1_chr5.bed	C3H_AT5G63260_col_a_chr5.pos	3	3336		4503	673872		2	252	1	2
vas_m1500p1_chr5.bed	C3H_AT5G63260_colamp_a_chr5.pos	3	961		4503	194122		0	0	0	0
vas_m1500p1_chr5.bed	C3H_CDM1_colamp_a_chr5.pos	3	1093		4503	220786		0	0	0	0
vas_m1500p1_chr5.bed	CAMTA_CAMTA1_col_a_chr5.pos	3	678		4503	136956		0	0	0	0
vas_m1500p1_chr5.bed	CAMTA_CAMTA5_col_a_chr5.pos	3	183		4503	36966		0	0	0	0
vas_m1500p1_chr5.bed	CPP_AT2G20110_col_a_chr5.pos	3	1505		4503	304010		2	404	2	2
vas_m1500p1_chr5.bed	CPP_AT2G20110_colamp_a_chr5.pos	3	5564		4503	1123928		4	787	2	4
vas_m1500p1_chr5.bed	CPP_SOL1_col_chr5.pos	3	1843		4503	372286		2	404	2	2
vas_m1500p1_chr5.bed	CPP_SOL1_colamp_a_chr5.pos	3	3358		4503	678316		3	606	2	3
vas_m1500p1_chr5.bed	CPP_TCX2_col_a_chr5.pos	3	1654		4503	334108		2	404	2	2
vas_m1500p1_chr5.bed	CPP_TCX2_colamp_a_chr5.pos	3	4105		4503	829210		4	808	2	4
vas_m1500p1_chr5.bed	E2FDP_DEL2_col_a_chr5.pos	3	340		4503	68680		0	0	0	0
vas_m1500p1_chr5.bed	E2FDP_E2FA_col_a_chr5.pos	3	314		4503	63428		0	0	0	0
vas_m1500p1_chr5.bed	E2FDP_E2FA_colamp_a_chr5.pos	3	1334		4503	269468		0	0	0	0
vas_m1500p1_chr5.bed	EIL_EIN3_col_a_chr5.pos	3	273		4503	55146		0	0	0	0
vas_m1500p1_chr5.bed	FAR1_FAR1_col_a_chr5.pos	3	221		4503	44642		0	0	0	0
vas_m1500p1_chr5.bed	G2like_At1g25550_col_chr5.pos	3	2593		4503	523786		0	0	0	0
vas_m1500p1_chr5.bed	G2like_At1g25550_colamp_a_chr5.pos	3	831		4503	167862		0	0	0	0
vas_m1500p1_chr5.bed	G2like_AT1G49560_col_a_chr5.pos	3	2117		4503	427634		0	0	0	0
vas_m1500p1_chr5.bed	G2like_AT1G49560_colamp_a_chr5.pos	3	2737		4503	552874		0	0	0	0
vas_m1500p1_chr5.bed	G2like_At1g68670_col_chr5.pos	3	2167		4503	437734		0	0	0	0
vas_m1500p1_chr5.bed	G2like_At1g68670_colamp_a_chr5.pos	3	512		4503	103424		0	0	0	0
vas_m1500p1_chr5.bed	G2like_At2g01060_col_chr5.pos	3	2491		4503	503182		0	0	0	0
vas_m1500p1_chr5.bed	G2like_At2g01060_colamp_a_chr5.pos	3	2518		4503	508636		0	0	0	0
vas_m1500p1_chr5.bed	G2like_At2g03500_col_a_chr5.pos	3	2906		4503	587012		0	0	0	0
vas_m1500p1_chr5.bed	G2like_AT2G20400_colamp_a_chr5.pos	3	1363		4503	275326		0	0	0	0
vas_m1500p1_chr5.bed	G2like_AT2G40260_col_a_chr5.pos	3	1240		4503	250480		0	0	0	0
vas_m1500p1_chr5.bed	G2like_AT2G40260_colamp_a_chr5.pos	3	3788		4503	765176		1	4	1	1
vas_m1500p1_chr5.bed	G2like_At3g04030_col_a_chr5.pos	3	3967		4503	801334		0	0	0	0
vas_m1500p1_chr5.bed	G2like_At3g04030_colamp_a_chr5.pos	3	1322		4503	267044		0	0	0	0
vas_m1500p1_chr5.bed	G2like_At3g12730_colamp_a_chr5.pos	3	2413		4503	487426		0	0	0	0
vas_m1500p1_chr5.bed	G2like_At3g24120_col_a_chr5.pos	3	7842		4503	1584084		2	280	2	2
vas_m1500p1_chr5.bed	G2like_At3g24120_colamp_a_chr5.pos	3	4217		4503	851834		0	0	0	0
vas_m1500p1_chr5.bed	G2like_AT4G37180_col_a_chr5.pos	3	3210		4503	648420		1	202	1	1
vas_m1500p1_chr5.bed	G2like_AT4G37180_colamp_a_chr5.pos	3	1344		4503	271488		0	0	0	0
vas_m1500p1_chr5.bed	G2like_At5g29000_col_a_chr5.pos	3	1071		4503	216342		0	0	0	0
vas_m1500p1_chr5.bed	G2like_AT5G45580_col_a_chr5.pos	3	3927		4503	793254		1	76	1	1
vas_m1500p1_chr5.bed	G2like_AT5G45580_colamp_a_chr5.pos	3	5820		4503	1175640		1	76	1	1
vas_m1500p1_chr5.bed	GeBP_AT4G00250_col_a_chr5.pos	3	2554		4503	515908		0	0	0	0
vas_m1500p1_chr5.bed	GRF_AtGRF6_col_a_chr5.pos	3	1524		4503	307848		0	0	0	0
vas_m1500p1_chr5.bed	GRF_GRF9_colamp_a_chr5.pos	3	548		4503	110696		0	0	0	0
vas_m1500p1_chr5.bed	HB_ANL2_col_a_chr5.pos	3	1841		4503	371882		0	0	0	0
vas_m1500p1_chr5.bed	HB_ATHB15_col_a_chr5.pos	3	1543		4503	311686		0	0	0	0
vas_m1500p1_chr5.bed	HB_ATHB21_col_a_chr5.pos	3	1769		4503	357338		0	0	0	0
vas_m1500p1_chr5.bed	HB_ATHB21_colamp_a_chr5.pos	3	3328		4503	672256		0	0	0	0
vas_m1500p1_chr5.bed	HB_ATHB40_col_a_chr5.pos	3	6031		4503	1218262		0	0	0	0
vas_m1500p1_chr5.bed	HB_ATHB40_colamp_a_chr5.pos	3	5656		4503	1142512		0	0	0	0
vas_m1500p1_chr5.bed	HB_ATHB5_col_a_chr5.pos	3	5691		4503	1149582		0	0	0	0
vas_m1500p1_chr5.bed	HB_ATHB5_colamp_a_chr5.pos	3	4949		4503	999698		0	0	0	0
vas_m1500p1_chr5.bed	HB_ATHB53_col_a_chr5.pos	3	2669		4503	539138		0	0	0	0
vas_m1500p1_chr5.bed	HB_ATHB53_colamp_a_chr5.pos	3	1408		4503	284416		0	0	0	0
vas_m1500p1_chr5.bed	HB_LMI1_col_a_chr5.pos	3	4212		4503	850824		0	0	0	0
vas_m1500p1_chr5.bed	HB_LMI1_colamp_a_chr5.pos	3	5038		4503	1017676		0	0	0	0
vas_m1500p1_chr5.bed	HB_PHV_col_a_chr5.pos	3	2311		4503	466822		0	0	0	0
vas_m1500p1_chr5.bed	Homeobox_ATHB13_col_a_chr5.pos	3	5275		4503	1065550		0	0	0	0
vas_m1500p1_chr5.bed	Homeobox_ATHB18_col_a_chr5.pos	3	355		4503	71710		0	0	0	0
vas_m1500p1_chr5.bed	Homeobox_ATHB18_colamp_a_chr5.pos	3	881		4503	177962		0	0	0	0
vas_m1500p1_chr5.bed	Homeobox_ATHB20_colamp_a_chr5.pos	3	1331		4503	268862		0	0	0	0
vas_m1500p1_chr5.bed	Homeobox_ATHB6_col_a_chr5.pos	3	2205		4503	445410		0	0	0	0
vas_m1500p1_chr5.bed	Homeobox_ATHB7_col_a_chr5.pos	3	2466		4503	498132		0	0	0	0
vas_m1500p1_chr5.bed	Homeobox_ecoli_HAT2_col_v31_chr5.pos	3	2462		4503	497324		0	0	0	0
vas_m1500p1_chr5.bed	Homeobox_HAT2_colamp_a_chr5.pos	3	959		4503	193718		0	0	0	0
vas_m1500p1_chr5.bed	Homeobox_HDG1_col100_a_chr5.pos	3	2695		4503	544390		0	0	0	0
vas_m1500p1_chr5.bed	Homeobox_PDF2_col_chr5.pos	3	490		4503	98980		0	0	0	0
vas_m1500p1_chr5.bed	HSF_HSF21_col_a_chr5.pos	3	163		4503	32926		0	0	0	0
vas_m1500p1_chr5.bed	HSF_HSF3_col_a_chr5.pos	3	1987		4503	401374		0	0	0	0
vas_m1500p1_chr5.bed	HSF_HSF3_colamp_a_chr5.pos	3	3169		4503	640138		0	0	0	0
vas_m1500p1_chr5.bed	HSF_HSF6_col_a_chr5.pos	3	269		4503	54338		0	0	0	0
vas_m1500p1_chr5.bed	HSF_HSF7_col_a_chr5.pos	3	226		4503	45652		0	0	0	0
vas_m1500p1_chr5.bed	HSF_HSF7_colamp_a_chr5.pos	3	797		4503	160994		0	0	0	0
vas_m1500p1_chr5.bed	HSF_HSFA6B_col_chr5.pos	3	5932		4503	1198264		0	0	0	0
vas_m1500p1_chr5.bed	HSF_HSFA6B_colamp_a_chr5.pos	3	2051		4503	414302		0	0	0	0
vas_m1500p1_chr5.bed	HSF_HSFB3_colamp_a_chr5.pos	3	282		4503	56964		0	0	0	0
vas_m1500p1_chr5.bed	HSF_HSFC1_col_a_chr5.pos	3	1062		4503	214524		0	0	0	0
vas_m1500p1_chr5.bed	HSF_HSFC1_colamp_a_chr5.pos	3	830		4503	167660		0	0	0	0
vas_m1500p1_chr5.bed	LOBAS2_ASL18_col_a_chr5.pos	3	157		4503	31714		0	0	0	0
vas_m1500p1_chr5.bed	LOBAS2_ASL18_colamp_a_chr5.pos	3	1348		4503	272296		0	0	0	0
vas_m1500p1_chr5.bed	LOBAS2_LBD13_colamp_a_chr5.pos	3	835		4503	168670		0	0	0	0
vas_m1500p1_chr5.bed	LOBAS2_LBD18_col_a_chr5.pos	3	1285		4503	259570		0	0	0	0
vas_m1500p1_chr5.bed	LOBAS2_LBD18_colamp_a_chr5.pos	3	3390		4503	684780		1	202	1	1
vas_m1500p1_chr5.bed	LOBAS2_LBD19_col_a_chr5.pos	3	2038		4503	411676		1	119	1	1
vas_m1500p1_chr5.bed	LOBAS2_LBD19_colamp_a_chr5.pos	3	3514		4503	709828		3	422	3	3
vas_m1500p1_chr5.bed	LOBAS2_LBD2_col_a_chr5.pos	3	3656		4503	738512		0	0	0	0
vas_m1500p1_chr5.bed	LOBAS2_LBD2_colamp_a_chr5.pos	3	1890		4503	381780		0	0	0	0
vas_m1500p1_chr5.bed	LOBAS2_LBD23_col_a_chr5.pos	3	326		4503	65852		0	0	0	0
vas_m1500p1_chr5.bed	LOBAS2_LOB_col_a_chr5.pos	3	327		4503	66054		0	0	0	0
vas_m1500p1_chr5.bed	MADS_AGL15_col_a_chr5.pos	3	487		4503	98374		0	0	0	0
vas_m1500p1_chr5.bed	MADS_AGL63_col_a_chr5.pos	3	3642		4503	735684		1	202	1	1
vas_m1500p1_chr5.bed	MADS_SVP_col_v3b_chr5.pos	3	2242		4503	452884		2	404	2	2
vas_m1500p1_chr5.bed	MADS_SVP_colamp_v3b_chr5.pos	3	2478		4503	500556		1	133	1	1
vas_m1500p1_chr5.bed	mTERF_AT5G23930_col_a_chr5.pos	3	1234		4503	249268		1	91	1	1
vas_m1500p1_chr5.bed	MYB_ATY13_col_a_chr5.pos	3	4408		4503	890416		1	166	1	1
vas_m1500p1_chr5.bed	MYB_BOS1_col_a_chr5.pos	3	541		4503	109282		0	0	0	0
vas_m1500p1_chr5.bed	MYB_MS188_col_a_chr5.pos	3	1926		4503	389052		0	0	0	0
vas_m1500p1_chr5.bed	MYB_MS188_colamp_a_chr5.pos	3	2076		4503	419352		0	0	0	0
vas_m1500p1_chr5.bed	MYB_MYB101_col_a_chr5.pos	3	171		4503	34542		0	0	0	0
vas_m1500p1_chr5.bed	MYB_MYB101_colamp_a_chr5.pos	3	2268		4503	458136		0	0	0	0
vas_m1500p1_chr5.bed	MYB_MYB107_col_a_chr5.pos	3	1902		4503	384204		1	174	1	1
vas_m1500p1_chr5.bed	MYB_MYB107_colamp_a_chr5.pos	3	1209		4503	244218		1	174	1	1
vas_m1500p1_chr5.bed	MYB_MYB116_colamp_a_chr5.pos	3	2055		4503	415110		0	0	0	0
vas_m1500p1_chr5.bed	MYB_MYB118_colamp_a_chr5.pos	3	946		4503	191092		0	0	0	0
vas_m1500p1_chr5.bed	MYB_MYB119_col_a_chr5.pos	3	1476		4503	298152		0	0	0	0
vas_m1500p1_chr5.bed	MYB_MYB119_colamp_a_chr5.pos	3	2125		4503	429250		0	0	0	0
vas_m1500p1_chr5.bed	MYB_MYB121_col_a_chr5.pos	3	505		4503	102010		0	0	0	0
vas_m1500p1_chr5.bed	MYB_MYB13_col_a_chr5.pos	3	628		4503	126856		0	0	0	0
vas_m1500p1_chr5.bed	MYB_MYB27_col_a_chr5.pos	3	754		4503	152308		0	0	0	0
vas_m1500p1_chr5.bed	MYB_MYB27_colamp_a_chr5.pos	3	1188		4503	239976		0	0	0	0
vas_m1500p1_chr5.bed	MYB_MYB33_col_a_chr5.pos	3	5300		4503	1070600		1	202	1	1
vas_m1500p1_chr5.bed	MYB_MYB3R1_col_a_chr5.pos	3	2344		4503	473488		0	0	0	0
vas_m1500p1_chr5.bed	MYB_MYB3R1_colamp_a_chr5.pos	3	2819		4503	569438		0	0	0	0
vas_m1500p1_chr5.bed	MYB_MYB3R4_col_a_chr5.pos	3	473		4503	95546		0	0	0	0
vas_m1500p1_chr5.bed	MYB_MYB3R5_col_a_chr5.pos	3	659		4503	133118		0	0	0	0
vas_m1500p1_chr5.bed	MYB_MYB44_col_chr5.pos	3	3527		4503	712454		1	145	1	1
vas_m1500p1_chr5.bed	MYB_MYB49_col_a_chr5.pos	3	1397		4503	282194		1	175	1	1
vas_m1500p1_chr5.bed	MYB_MYB49_colamp_a_chr5.pos	3	913		4503	184426		1	174	1	1
vas_m1500p1_chr5.bed	MYB_MYB55_colamp_a_chr5.pos	3	2315		4503	467630		0	0	0	0
vas_m1500p1_chr5.bed	MYB_MYB56_col_a_chr5.pos	3	306		4503	61812		0	0	0	0
vas_m1500p1_chr5.bed	MYB_MYB56_colamp_a_chr5.pos	3	1133		4503	228866		0	0	0	0
vas_m1500p1_chr5.bed	MYB_MYB57_col_a_chr5.pos	3	2775		4503	560550		0	0	0	0
vas_m1500p1_chr5.bed	MYB_MYB58_col_a_chr5.pos	3	1035		4503	209070		1	148	1	1
vas_m1500p1_chr5.bed	MYB_MYB58_colamp_a_chr5.pos	3	3868		4503	781336		1	175	1	1
vas_m1500p1_chr5.bed	MYB_MYB61_col_a_chr5.pos	3	720		4503	145440		0	0	0	0
vas_m1500p1_chr5.bed	MYB_MYB61_colamp_a_chr5.pos	3	3193		4503	644986		1	176	1	1
vas_m1500p1_chr5.bed	MYB_MYB62_colamp_a_chr5.pos	3	2970		4503	599940		2	192	1	2
vas_m1500p1_chr5.bed	MYB_MYB63_col_a_chr5.pos	3	619		4503	125038		0	0	0	0
vas_m1500p1_chr5.bed	MYB_MYB65_col200_a_chr5.pos	3	667		4503	134734		0	0	0	0
vas_m1500p1_chr5.bed	MYB_MYB65_colamp_a_chr5.pos	3	2276		4503	459752		0	0	0	0
vas_m1500p1_chr5.bed	MYB_MYB67_col_a_chr5.pos	3	4469		4503	902738		1	147	1	1
vas_m1500p1_chr5.bed	MYB_MYB70_col_a_chr5.pos	3	2760		4503	557520		0	0	0	0
vas_m1500p1_chr5.bed	MYB_MYB73_col_a_chr5.pos	3	2266		4503	457732		0	0	0	0
vas_m1500p1_chr5.bed	MYB_MYB74_colamp_a_chr5.pos	3	677		4503	136754		1	176	1	1
vas_m1500p1_chr5.bed	MYB_MYB77_col_a_chr5.pos	3	6208		4503	1254016		1	147	1	1
vas_m1500p1_chr5.bed	MYB_MYB81_col_a_chr5.pos	3	799		4503	161398		0	0	0	0
vas_m1500p1_chr5.bed	MYB_MYB83_colamp_a_chr5.pos	3	3280		4503	662560		0	0	0	0
vas_m1500p1_chr5.bed	MYB_MYB88_col_a_chr5.pos	3	1908		4503	385416		0	0	0	0
vas_m1500p1_chr5.bed	MYB_MYB88_colamp_a_chr5.pos	3	1541		4503	311282		0	0	0	0
vas_m1500p1_chr5.bed	MYB_MYB93_col_a_chr5.pos	3	810		4503	163620		0	0	0	0
vas_m1500p1_chr5.bed	MYB_MYB93_colamp_a_chr5.pos	3	945		4503	190890		1	170	1	1
vas_m1500p1_chr5.bed	MYB_MYB96_col_b_chr5.pos	3	272		4503	54944		0	0	0	0
vas_m1500p1_chr5.bed	MYB_MYB98_col_a_chr5.pos	3	1279		4503	258358		0	0	0	0
vas_m1500p1_chr5.bed	MYB_MYB99_colamp_a_chr5.pos	3	945		4503	190890		0	0	0	0
vas_m1500p1_chr5.bed	MYBrelated_At1g19000_col_a_chr5.pos	3	2944		4503	594688		0	0	0	0
vas_m1500p1_chr5.bed	MYBrelated_At1g19000_colamp_a_chr5.pos	3	3831		4503	773862		0	0	0	0
vas_m1500p1_chr5.bed	MYBrelated_At1g49010_col_a_chr5.pos	3	4610		4503	931220		0	0	0	0
vas_m1500p1_chr5.bed	MYBrelated_At1g49010_colamp_a_chr5.pos	3	1711		4503	345622		0	0	0	0
vas_m1500p1_chr5.bed	MYBrelated_AT1G72740_col_a_chr5.pos	3	794		4503	160388		0	0	0	0
vas_m1500p1_chr5.bed	MYBrelated_AT1G72740_colamp_a_chr5.pos	3	4028		4503	813656		0	0	0	0
vas_m1500p1_chr5.bed	MYBrelated_At1g74840_col100_a_chr5.pos	3	2272		4503	458944		1	202	1	1
vas_m1500p1_chr5.bed	MYBrelated_At3g09600_col_a_chr5.pos	3	2440		4503	492880		2	404	2	2
vas_m1500p1_chr5.bed	MYBrelated_At3g09600_colamp_a_chr5.pos	3	4338		4503	876276		4	808	3	4
vas_m1500p1_chr5.bed	MYBrelated_AT3G10113_col_a_chr5.pos	3	6187		4503	1249774		5	858	3	5
vas_m1500p1_chr5.bed	MYBrelated_AT3G10580_colamp_a_chr5.pos	3	1161		4503	234522		1	155	1	1
vas_m1500p1_chr5.bed	MYBrelated_At3g11280_col_a_chr5.pos	3	462		4503	93324		0	0	0	0
vas_m1500p1_chr5.bed	MYBrelated_At4g01280_col_a_chr5.pos	3	2165		4503	437330		2	404	1	2
vas_m1500p1_chr5.bed	MYBrelated_At4g01280_colamp_a_chr5.pos	3	3320		4503	670640		4	808	3	4
vas_m1500p1_chr5.bed	MYBrelated_At5g05790_col_a_chr5.pos	3	832		4503	168064		0	0	0	0
vas_m1500p1_chr5.bed	MYBrelated_At5g08520_col_b_chr5.pos	3	1046		4503	211292		0	0	0	0
vas_m1500p1_chr5.bed	MYBrelated_At5g08520_colamp_a_chr5.pos	3	1748		4503	353096		0	0	0	0
vas_m1500p1_chr5.bed	MYBrelated_At5g47390_col_b_chr5.pos	3	3918		4503	791436		2	404	1	2
vas_m1500p1_chr5.bed	MYBrelated_At5g52660_col_a_chr5.pos	3	909		4503	183618		2	254	1	2
vas_m1500p1_chr5.bed	MYBrelated_At5g52660_colamp_a_chr5.pos	3	3540		4503	715080		4	657	2	4
vas_m1500p1_chr5.bed	MYBrelated_AT5G56840_col_a_chr5.pos	3	1905		4503	384810		0	0	0	0
vas_m1500p1_chr5.bed	MYBrelated_AT5G56840_colamp_a_chr5.pos	3	5153		4503	1040906		2	404	1	2
vas_m1500p1_chr5.bed	MYBrelated_At5g58900_colamp_a_chr5.pos	3	4358		4503	880316		0	0	0	0
vas_m1500p1_chr5.bed	MYBrelated_AT5G61620_col_a_chr5.pos	3	1626		4503	328452		1	202	1	1
vas_m1500p1_chr5.bed	MYBrelated_AT5G61620_colamp_a_chr5.pos	3	2772		4503	559944		0	0	0	0
vas_m1500p1_chr5.bed	MYBrelated_EPR1_col_chr5.pos	3	6701		4503	1353602		3	606	3	3
vas_m1500p1_chr5.bed	MYBrelated_EPR1_colamp_a_chr5.pos	3	5446		4503	1100092		6	1061	3	6
vas_m1500p1_chr5.bed	MYBrelated_LCL1_col_chr5.pos	3	1269		4503	256338		0	0	0	0
vas_m1500p1_chr5.bed	MYBrelated_LCL1_colamp_a_chr5.pos	3	596		4503	120392		0	0	0	0
vas_m1500p1_chr5.bed	MYBrelated_LHY1_col_a_chr5.pos	3	4140		4503	836280		4	808	3	4
vas_m1500p1_chr5.bed	MYBrelated_LHY1_colamp_a_chr5.pos	3	3521		4503	711242		3	606	2	3
vas_m1500p1_chr5.bed	MYBrelated_RVE1_col_a_chr5.pos	3	5986		4503	1209172		5	858	3	5
vas_m1500p1_chr5.bed	MYBrelated_RVE1_colamp_a_chr5.pos	3	3045		4503	615090		2	252	1	2
vas_m1500p1_chr5.bed	MYBrelated_TBP3_col_a_chr5.pos	3	1471		4503	297142		0	0	0	0
vas_m1500p1_chr5.bed	MYBrelated_TRP1_col_chr5.pos	3	171		4503	34542		0	0	0	0
vas_m1500p1_chr5.bed	MYBrelated_TRP2_col_a_chr5.pos	3	67		4503	13534		0	0	0	0
vas_m1500p1_chr5.bed	MYBrelated_TRP2_colamp_a_chr5.pos	3	516		4503	104232		0	0	0	0
vas_m1500p1_chr5.bed	NAC_ANAC004_col_a_chr5.pos	3	1531		4503	309262		0	0	0	0
vas_m1500p1_chr5.bed	NAC_ANAC004_colamp_a_chr5.pos	3	1852		4503	374104		0	0	0	0
vas_m1500p1_chr5.bed	NAC_ANAC005_col_a_chr5.pos	3	1743		4503	352086		0	0	0	0
vas_m1500p1_chr5.bed	NAC_ANAC013_col_a_chr5.pos	3	1253		4503	253106		0	0	0	0
vas_m1500p1_chr5.bed	NAC_ANAC016_col_a_chr5.pos	3	3537		4503	714474		1	202	1	1
vas_m1500p1_chr5.bed	NAC_ANAC017_col_chr5.pos	3	836		4503	168872		0	0	0	0
vas_m1500p1_chr5.bed	NAC_ANAC017_colamp_v31_chr5.pos	3	2701		4503	545602		1	90	1	1
vas_m1500p1_chr5.bed	NAC_ANAC020_col_v31_chr5.pos	3	1709		4503	345218		0	0	0	0
vas_m1500p1_chr5.bed	NAC_ANAC028_col_a_chr5.pos	3	1860		4503	375720		0	0	0	0
vas_m1500p1_chr5.bed	NAC_ANAC034_col_chr5.pos	3	1368		4503	276336		0	0	0	0
vas_m1500p1_chr5.bed	NAC_ANAC038_col_a_chr5.pos	3	1382		4503	279164		0	0	0	0
vas_m1500p1_chr5.bed	NAC_ANAC042_col_a_chr5.pos	3	1442		4503	291284		0	0	0	0
vas_m1500p1_chr5.bed	NAC_ANAC045_col_a_chr5.pos	3	2662		4503	537724		0	0	0	0
vas_m1500p1_chr5.bed	NAC_ANAC045_colamp_a_chr5.pos	3	1374		4503	277548		0	0	0	0
vas_m1500p1_chr5.bed	NAC_ANAC046_col_chr5.pos	3	1137		4503	229674		0	0	0	0
vas_m1500p1_chr5.bed	NAC_ANAC046_colamp_a_chr5.pos	3	2928		4503	591456		0	0	0	0
vas_m1500p1_chr5.bed	NAC_ANAC047_col_chr5.pos	3	1732		4503	349864		0	0	0	0
vas_m1500p1_chr5.bed	NAC_ANAC050_col_v3a_chr5.pos	3	2224		4503	449248		0	0	0	0
vas_m1500p1_chr5.bed	NAC_ANAC050_colamp_a_chr5.pos	3	2509		4503	506818		0	0	0	0
vas_m1500p1_chr5.bed	NAC_ANAC053_col_chr5.pos	3	1253		4503	253106		0	0	0	0
vas_m1500p1_chr5.bed	NAC_ANAC053_colamp_a_chr5.pos	3	1686		4503	340572		0	0	0	0
vas_m1500p1_chr5.bed	NAC_ANAC055_col_chr5.pos	3	1692		4503	341784		0	0	0	0
vas_m1500p1_chr5.bed	NAC_ANAC057_col_a_chr5.pos	3	1035		4503	209070		0	0	0	0
vas_m1500p1_chr5.bed	NAC_ANAC057_colamp_a_chr5.pos	3	1186		4503	239572		0	0	0	0
vas_m1500p1_chr5.bed	NAC_ANAC058_col_a_chr5.pos	3	2952		4503	596304		0	0	0	0
vas_m1500p1_chr5.bed	NAC_ANAC058_colamp_a_chr5.pos	3	1517		4503	306434		0	0	0	0
vas_m1500p1_chr5.bed	NAC_ANAC062_col_chr5.pos	3	1033		4503	208666		0	0	0	0
vas_m1500p1_chr5.bed	NAC_ANAC062_colamp_a_chr5.pos	3	1348		4503	272296		0	0	0	0
vas_m1500p1_chr5.bed	NAC_ANAC070_col_chr5.pos	3	2399		4503	484598		0	0	0	0
vas_m1500p1_chr5.bed	NAC_ANAC070_colamp_a_chr5.pos	3	3185		4503	643370		0	0	0	0
vas_m1500p1_chr5.bed	NAC_ANAC071_col_a_chr5.pos	3	3505		4503	708010		0	0	0	0
vas_m1500p1_chr5.bed	NAC_ANAC071_colamp_a_chr5.pos	3	1946		4503	393092		0	0	0	0
vas_m1500p1_chr5.bed	NAC_ANAC075_col_a_chr5.pos	3	1003		4503	202606		0	0	0	0
vas_m1500p1_chr5.bed	NAC_ANAC079_col_chr5.pos	3	638		4503	128876		0	0	0	0
vas_m1500p1_chr5.bed	NAC_ANAC083_col_v3a_chr5.pos	3	2695		4503	544390		0	0	0	0
vas_m1500p1_chr5.bed	NAC_ANAC083_colamp_a_chr5.pos	3	2292		4503	462984		0	0	0	0
vas_m1500p1_chr5.bed	NAC_ANAC087_col_v3a_chr5.pos	3	504		4503	101808		0	0	0	0
vas_m1500p1_chr5.bed	NAC_ANAC087_colamp_a_chr5.pos	3	898		4503	181396		0	0	0	0
vas_m1500p1_chr5.bed	NAC_ANAC092_col_v3a_chr5.pos	3	604		4503	122008		0	0	0	0
vas_m1500p1_chr5.bed	NAC_ANAC092_colamp_a_chr5.pos	3	1679		4503	339158		0	0	0	0
vas_m1500p1_chr5.bed	NAC_ANAC094_col_a_chr5.pos	3	151		4503	30502		0	0	0	0
vas_m1500p1_chr5.bed	NAC_ANAC096_col_chr5.pos	3	2462		4503	497324		0	0	0	0
vas_m1500p1_chr5.bed	NAC_ANAC096_colamp_a_chr5.pos	3	498		4503	100596		0	0	0	0
vas_m1500p1_chr5.bed	NAC_ANAC103_col_a_chr5.pos	3	1226		4503	247652		0	0	0	0
vas_m1500p1_chr5.bed	NAC_ANAC103_colamp_a_chr5.pos	3	692		4503	139784		0	0	0	0
vas_m1500p1_chr5.bed	NAC_AT1G19040_col_a_chr5.pos	3	221		4503	44642		0	0	0	0
vas_m1500p1_chr5.bed	NAC_ATAF1_col_a_chr5.pos	3	2048		4503	413696		1	109	1	1
vas_m1500p1_chr5.bed	NAC_CUC1_col_v31_chr5.pos	3	706		4503	142612		0	0	0	0
vas_m1500p1_chr5.bed	NAC_CUC2_col_chr5.pos	3	775		4503	156550		0	0	0	0
vas_m1500p1_chr5.bed	NAC_CUC2_colamp_a_chr5.pos	3	535		4503	108070		0	0	0	0
vas_m1500p1_chr5.bed	NAC_CUC3_col_a_chr5.pos	3	1430		4503	288860		0	0	0	0
vas_m1500p1_chr5.bed	NAC_NAC2_col_v3a_chr5.pos	3	2260		4503	456520		0	0	0	0
vas_m1500p1_chr5.bed	NAC_NAC2_colamp_a_chr5.pos	3	3173		4503	640946		0	0	0	0
vas_m1500p1_chr5.bed	NAC_NAM_col_v3a_chr5.pos	3	1099		4503	221998		0	0	0	0
vas_m1500p1_chr5.bed	NAC_NAM_colamp_a_chr5.pos	3	611		4503	123422		0	0	0	0
vas_m1500p1_chr5.bed	NAC_NAP_col_v3a_chr5.pos	3	1054		4503	212908		0	0	0	0
vas_m1500p1_chr5.bed	NAC_NAP_colamp_a_chr5.pos	3	374		4503	75548		0	0	0	0
vas_m1500p1_chr5.bed	NAC_NST1_col_v31_chr5.pos	3	2572		4503	519544		0	0	0	0
vas_m1500p1_chr5.bed	NAC_NST1_colamp_a_chr5.pos	3	2981		4503	602162		0	0	0	0
vas_m1500p1_chr5.bed	NAC_NTL8_col_chr5.pos	3	1372		4503	277144		0	0	0	0
vas_m1500p1_chr5.bed	NAC_NTM1_col_a_chr5.pos	3	2440		4503	492880		0	0	0	0
vas_m1500p1_chr5.bed	NAC_NTM1_colamp_a_chr5.pos	3	1110		4503	224220		0	0	0	0
vas_m1500p1_chr5.bed	NAC_NTM2_col_b_chr5.pos	3	1170		4503	236340		0	0	0	0
vas_m1500p1_chr5.bed	NAC_SMB_col_a_chr5.pos	3	3650		4503	737300		0	0	0	0
vas_m1500p1_chr5.bed	NAC_SMB_colamp_a_chr5.pos	3	5487		4503	1108374		1	137	1	1
vas_m1500p1_chr5.bed	NAC_SND2_col_a_chr5.pos	3	147		4503	29694		0	0	0	0
vas_m1500p1_chr5.bed	NAC_SND2_colamp_a_chr5.pos	3	5263		4503	1063126		1	202	1	1
vas_m1500p1_chr5.bed	NAC_SND3_col_b_chr5.pos	3	4865		4503	982730		1	202	1	1
vas_m1500p1_chr5.bed	NAC_SND3_colamp_a_chr5.pos	3	5550		4503	1121100		1	202	1	1
vas_m1500p1_chr5.bed	NAC_VND1_col_a_chr5.pos	3	1635		4503	330270		0	0	0	0
vas_m1500p1_chr5.bed	NAC_VND2_col_a_chr5.pos	3	2677		4503	540754		0	0	0	0
vas_m1500p1_chr5.bed	NAC_VND2_colamp_a_chr5.pos	3	1055		4503	213110		1	81	1	1
vas_m1500p1_chr5.bed	NAC_VND3_col_chr5.pos	3	766		4503	154732		0	0	0	0
vas_m1500p1_chr5.bed	NAC_VND3_colamp_a_chr5.pos	3	737		4503	148874		0	0	0	0
vas_m1500p1_chr5.bed	NAC_VND4_col_chr5.pos	3	2334		4503	471468		0	0	0	0
vas_m1500p1_chr5.bed	NAC_VND4_colamp_a_chr5.pos	3	1726		4503	348652		0	0	0	0
vas_m1500p1_chr5.bed	NAC_VND6_col_v31_chr5.pos	3	2778		4503	561156		0	0	0	0
vas_m1500p1_chr5.bed	NAC_VND6_colamp_a_chr5.pos	3	780		4503	157560		0	0	0	0
vas_m1500p1_chr5.bed	ND_FRS9_col_a_chr5.pos	3	870		4503	175740		2	223	2	2
vas_m1500p1_chr5.bed	ND_FRS9_colamp_a_chr5.pos	3	913		4503	184426		0	0	0	0
vas_m1500p1_chr5.bed	Orphan_AT1G24250_col_a_chr5.pos	3	515		4503	104030		0	0	0	0
vas_m1500p1_chr5.bed	Orphan_BBX31_col_a_chr5.pos	3	3892		4503	786184		2	404	1	2
vas_m1500p1_chr5.bed	RAV_RAV1_col_chr5.pos	3	2682		4503	541764		0	0	0	0
vas_m1500p1_chr5.bed	RAV_RAV1_colamp_a_chr5.pos	3	671		4503	135542		0	0	0	0
vas_m1500p1_chr5.bed	REM_REM19_col_a_chr5.pos	3	4156		4503	839512		0	0	0	0
vas_m1500p1_chr5.bed	REM_REM19_colamp_a_chr5.pos	3	5212		4503	1052824		0	0	0	0
vas_m1500p1_chr5.bed	RWPRK_NLP7_col_a_chr5.pos	3	181		4503	36562		0	0	0	0
vas_m1500p1_chr5.bed	RWPRK_RKD2_col_a_chr5.pos	3	207		4503	41814		0	0	0	0
vas_m1500p1_chr5.bed	RWPRK_RKD2_colamp_a_chr5.pos	3	2068		4503	417736		0	0	0	0
vas_m1500p1_chr5.bed	S1Falike_AT3G09735_col_a_chr5.pos	3	1808		4503	365216		0	0	0	0
vas_m1500p1_chr5.bed	SBP_SPL1_col_a_chr5.pos	3	1003		4503	202606		1	202	1	1
vas_m1500p1_chr5.bed	SBP_SPL1_colamp_a_chr5.pos	3	1902		4503	384204		2	309	1	2
vas_m1500p1_chr5.bed	SBP_SPL13_col_a_chr5.pos	3	255		4503	51510		0	0	0	0
vas_m1500p1_chr5.bed	SBP_SPL14_col_a_chr5.pos	3	564		4503	113928		0	0	0	0
vas_m1500p1_chr5.bed	SBP_SPL15_colamp_a_chr5.pos	3	4509		4503	910818		2	290	1	2
vas_m1500p1_chr5.bed	SBP_SPL5_col_a_chr5.pos	3	1142		4503	230684		0	0	0	0
vas_m1500p1_chr5.bed	SBP_SPL5_colamp_a_chr5.pos	3	4977		4503	1005354		1	202	1	1
vas_m1500p1_chr5.bed	SBP_SPL9_col_a_chr5.pos	3	4682		4503	945764		1	124	1	1
vas_m1500p1_chr5.bed	SBP_SPL9_colamp_a_chr5.pos	3	4682		4503	945764		2	310	1	2
vas_m1500p1_chr5.bed	SRS_SRS7_colamp_a_chr5.pos	3	2534		4503	511868		0	0	0	0
vas_m1500p1_chr5.bed	TCP_At1g69690_col_a_chr5.pos	3	229		4503	46258		0	0	0	0
vas_m1500p1_chr5.bed	TCP_At1g72010_col_chr5.pos	3	513		4503	103626		0	0	0	0
vas_m1500p1_chr5.bed	TCP_At1g72010_colamp_a_chr5.pos	3	536		4503	108272		0	0	0	0
vas_m1500p1_chr5.bed	TCP_At2g45680_col_b_chr5.pos	3	93		4503	18786		0	0	0	0
vas_m1500p1_chr5.bed	TCP_At5g08330_col_a_chr5.pos	3	649		4503	131098		0	0	0	0
vas_m1500p1_chr5.bed	TCP_TCP20_col_a_chr5.pos	3	230		4503	46460		0	0	0	0
vas_m1500p1_chr5.bed	TCP_TCP24_col_chr5.pos	3	760		4503	153520		0	0	0	0
vas_m1500p1_chr5.bed	TCP_TCP3_col_chr5.pos	3	307		4503	62014		0	0	0	0
vas_m1500p1_chr5.bed	TCP_TCP7_col_a_chr5.pos	3	200		4503	40400		0	0	0	0
vas_m1500p1_chr5.bed	Trihelix_AT1G76880_col_a_chr5.pos	3	114		4503	23028		0	0	0	0
vas_m1500p1_chr5.bed	Trihelix_AT2G33550_colamp_a_chr5.pos	3	1934		4503	390668		2	285	1	2
vas_m1500p1_chr5.bed	Trihelix_AT3G10030_col_a_chr5.pos	3	215		4503	43430		0	0	0	0
vas_m1500p1_chr5.bed	Trihelix_AT3G10030_colamp_a_chr5.pos	3	615		4503	124230		0	0	0	0
vas_m1500p1_chr5.bed	Trihelix_At3g14180_col_chr5.pos	3	1585		4503	320170		0	0	0	0
vas_m1500p1_chr5.bed	Trihelix_AT3G25990_colamp_a_chr5.pos	3	596		4503	120392		0	0	0	0
vas_m1500p1_chr5.bed	Trihelix_AT5G05550_col_a_chr5.pos	3	2479		4503	500758		1	13	1	1
vas_m1500p1_chr5.bed	Trihelix_AT5G05550_colamp_a_chr5.pos	3	2042		4503	412484		0	0	0	0
vas_m1500p1_chr5.bed	Trihelix_AT5G47660_colamp_a_chr5.pos	3	2937		4503	593274		1	202	1	1
vas_m1500p1_chr5.bed	Trihelix_GT1_col_a_chr5.pos	3	100		4503	20200		0	0	0	0
vas_m1500p1_chr5.bed	Trihelix_GT2_col_a_chr5.pos	3	2205		4503	445410		2	404	1	2
vas_m1500p1_chr5.bed	Trihelix_GT2_colamp_a_chr5.pos	3	1740		4503	351480		1	202	1	1
vas_m1500p1_chr5.bed	Trihelix_GT3a_col_a_chr5.pos	3	276		4503	55752		0	0	0	0
vas_m1500p1_chr5.bed	Trihelix_GTL1_col_a_chr5.pos	3	2811		4503	567822		1	202	1	1
vas_m1500p1_chr5.bed	Trihelix_GTL1_colamp_a_chr5.pos	3	4286		4503	865772		1	202	1	1
vas_m1500p1_chr5.bed	WRKY_WRKY14_col_a_chr5.pos	3	1082		4503	218564		0	0	0	0
vas_m1500p1_chr5.bed	WRKY_WRKY14_colamp_a_chr5.pos	3	2008		4503	405616		0	0	0	0
vas_m1500p1_chr5.bed	WRKY_WRKY15_col_b_chr5.pos	3	5086		4503	1027372		0	0	0	0
vas_m1500p1_chr5.bed	WRKY_WRKY15_colamp_a_chr5.pos	3	1489		4503	300778		0	0	0	0
vas_m1500p1_chr5.bed	WRKY_WRKY18_col_a_chr5.pos	3	4208		4503	850016		0	0	0	0
vas_m1500p1_chr5.bed	WRKY_WRKY18_colamp_a_chr5.pos	3	2671		4503	539542		0	0	0	0
vas_m1500p1_chr5.bed	WRKY_WRKY20_col_a_chr5.pos	3	533		4503	107666		0	0	0	0
vas_m1500p1_chr5.bed	WRKY_WRKY21_col_chr5.pos	3	337		4503	68074		0	0	0	0
vas_m1500p1_chr5.bed	WRKY_WRKY22_col_chr5.pos	3	5212		4503	1052824		1	136	1	1
vas_m1500p1_chr5.bed	WRKY_WRKY22_colamp_a_chr5.pos	3	3335		4503	673670		0	0	0	0
vas_m1500p1_chr5.bed	WRKY_WRKY24_col_a_chr5.pos	3	1666		4503	336532		0	0	0	0
vas_m1500p1_chr5.bed	WRKY_WRKY24_colamp_a_chr5.pos	3	2594		4503	523988		0	0	0	0
vas_m1500p1_chr5.bed	WRKY_WRKY25_col_a_chr5.pos	3	1362		4503	275124		0	0	0	0
vas_m1500p1_chr5.bed	WRKY_WRKY25_colamp_a_chr5.pos	3	3362		4503	679124		0	0	0	0
vas_m1500p1_chr5.bed	WRKY_WRKY27_col_a_chr5.pos	3	644		4503	130088		0	0	0	0
vas_m1500p1_chr5.bed	WRKY_WRKY27_colamp_a_chr5.pos	3	4619		4503	933038		0	0	0	0
vas_m1500p1_chr5.bed	WRKY_WRKY28_col_a_chr5.pos	3	3066		4503	619332		1	21	1	1
vas_m1500p1_chr5.bed	WRKY_WRKY29_col_a_chr5.pos	3	623		4503	125846		0	0	0	0
vas_m1500p1_chr5.bed	WRKY_WRKY29_colamp_a_chr5.pos	3	3477		4503	702354		0	0	0	0
vas_m1500p1_chr5.bed	WRKY_WRKY3_col_a_chr5.pos	3	308		4503	62216		0	0	0	0
vas_m1500p1_chr5.bed	WRKY_WRKY30_colamp_a_chr5.pos	3	1013		4503	204626		0	0	0	0
vas_m1500p1_chr5.bed	WRKY_WRKY31_colamp_a_chr5.pos	3	815		4503	164630		0	0	0	0
vas_m1500p1_chr5.bed	WRKY_WRKY33_col_a_chr5.pos	3	1324		4503	267448		0	0	0	0
vas_m1500p1_chr5.bed	WRKY_WRKY40_col_chr5.pos	3	1630		4503	329260		0	0	0	0
vas_m1500p1_chr5.bed	WRKY_WRKY45_col_a_chr5.pos	3	2298		4503	464196		0	0	0	0
vas_m1500p1_chr5.bed	WRKY_WRKY45_colamp_a_chr5.pos	3	706		4503	142612		0	0	0	0
vas_m1500p1_chr5.bed	WRKY_WRKY50_col_a_chr5.pos	3	3069		4503	619938		0	0	0	0
vas_m1500p1_chr5.bed	WRKY_WRKY55_col_a_chr5.pos	3	2043		4503	412686		0	0	0	0
vas_m1500p1_chr5.bed	WRKY_WRKY6_colamp_a_chr5.pos	3	1220		4503	246440		0	0	0	0
vas_m1500p1_chr5.bed	WRKY_WRKY65_col_a_chr5.pos	3	1999		4503	403798		0	0	0	0
vas_m1500p1_chr5.bed	WRKY_WRKY65_colamp_a_chr5.pos	3	2618		4503	528836		0	0	0	0
vas_m1500p1_chr5.bed	WRKY_WRKY7_col_chr5.pos	3	431		4503	87062		0	0	0	0
vas_m1500p1_chr5.bed	WRKY_WRKY70_col_chr5.pos	3	1831		4503	369862		0	0	0	0
vas_m1500p1_chr5.bed	WRKY_WRKY71_col_a_chr5.pos	3	2173		4503	438946		0	0	0	0
vas_m1500p1_chr5.bed	WRKY_WRKY75_col_a_chr5.pos	3	4344		4503	877488		0	0	0	0
vas_m1500p1_chr5.bed	WRKY_WRKY75_colamp_a_chr5.pos	3	2304		4503	465408		0	0	0	0
vas_m1500p1_chr5.bed	WRKY_WRKY8_col_chr5.pos	3	4671		4503	943542		0	0	0	0
vas_m1500p1_chr5.bed	WRKY_WRKY8_colamp_a_chr5.pos	3	689		4503	139178		0	0	0	0
vas_m1500p1_chr5.bed	zfGRF_AT3G42860_col_a_chr5.pos	3	531		4503	107262		0	0	0	0
vas_m1500p1_chr5.bed	ZFHD_ATHB23_col_b_chr5.pos	3	6469		4503	1306738		1	202	1	1
vas_m1500p1_chr5.bed	ZFHD_ATHB23_colamp_a_chr5.pos	3	5023		4503	1014646		1	202	1	1
vas_m1500p1_chr5.bed	ZFHD_ATHB24_col_a_chr5.pos	3	1110		4503	224220		0	0	0	0
vas_m1500p1_chr5.bed	ZFHD_ATHB24_colamp_a_chr5.pos	3	3721		4503	751642		0	0	0	0
vas_m1500p1_chr5.bed	ZFHD_ATHB25_col_a_chr5.pos	3	5961		4503	1204122		0	0	0	0
vas_m1500p1_chr5.bed	ZFHD_ATHB25_colamp_a_chr5.pos	3	5472		4503	1105344		1	202	1	1
vas_m1500p1_chr5.bed	ZFHD_AtHB32_col200_a_chr5.pos	3	4860		4503	981720		1	202	1	1
vas_m1500p1_chr5.bed	ZFHD_ATHB33_col_a_chr5.pos	3	4573		4503	923746		0	0	0	0
vas_m1500p1_chr5.bed	ZFHD_ATHB33_colamp_a_chr5.pos	3	3271		4503	660742		0	0	0	0
vas_m1500p1_chr5.bed	ZFHD_ATHB34_col_a_chr5.pos	3	1696		4503	342592		0	0	0	0
vas_m1500p1_chr5.bed	ZFHD_ATHB34_colamp_a_chr5.pos	3	5537		4503	1118474		1	202	1	1
