vas_m1500p1_chr2.bed	ABI3VP1_AT5G60130_col_a_chr2.pos	1	3174		1501	641148		0	0	0	0
vas_m1500p1_chr2.bed	ABI3VP1_FUS3_col_a_chr2.pos	1	583		1501	117766		0	0	0	0
vas_m1500p1_chr2.bed	ABI3VP1_NGA4_col_a_chr2.pos	1	355		1501	71710		0	0	0	0
vas_m1500p1_chr2.bed	ABI3VP1_VRN1_col_a_chr2.pos	1	1223		1501	247046		0	0	0	0
vas_m1500p1_chr2.bed	AP2EREBP_ABR1_col_a_chr2.pos	1	382		1501	77164		0	0	0	0
vas_m1500p1_chr2.bed	AP2EREBP_ABR1_colamp_a_chr2.pos	1	1478		1501	298556		0	0	0	0
vas_m1500p1_chr2.bed	AP2EREBP_AIL7_col_a_chr2.pos	1	145		1501	29290		0	0	0	0
vas_m1500p1_chr2.bed	AP2EREBP_AIL7_colamp_a_chr2.pos	1	463		1501	93526		0	0	0	0
vas_m1500p1_chr2.bed	AP2EREBP_AT1G01250_col_a_chr2.pos	1	120		1501	24240		0	0	0	0
vas_m1500p1_chr2.bed	AP2EREBP_AT1G12630_col_a_chr2.pos	1	1210		1501	244420		1	202	1	1
vas_m1500p1_chr2.bed	AP2EREBP_AT1G12630_colamp_a_chr2.pos	1	1738		1501	351076		1	202	1	1
vas_m1500p1_chr2.bed	AP2EREBP_At1g19210_col_a_chr2.pos	1	1264		1501	255328		1	202	1	1
vas_m1500p1_chr2.bed	AP2EREBP_At1g19210_colamp_a_chr2.pos	1	2346		1501	473892		1	202	1	1
vas_m1500p1_chr2.bed	AP2EREBP_At1g22810_col_chr2.pos	1	580		1501	117160		0	0	0	0
vas_m1500p1_chr2.bed	AP2EREBP_At1g22810_colamp_a_chr2.pos	1	744		1501	150288		0	0	0	0
vas_m1500p1_chr2.bed	AP2EREBP_AT1G28160_col_a_chr2.pos	1	156		1501	31512		0	0	0	0
vas_m1500p1_chr2.bed	AP2EREBP_AT1G28160_colamp_a_chr2.pos	1	1429		1501	288658		0	0	0	0
vas_m1500p1_chr2.bed	AP2EREBP_At1g36060_col_a_chr2.pos	1	109		1501	22018		0	0	0	0
vas_m1500p1_chr2.bed	AP2EREBP_At1g36060_colamp_a_chr2.pos	1	575		1501	116150		0	0	0	0
vas_m1500p1_chr2.bed	AP2EREBP_AT1G44830_col_a_chr2.pos	1	252		1501	50904		0	0	0	0
vas_m1500p1_chr2.bed	AP2EREBP_AT1G71450_col_a_chr2.pos	1	2278		1501	460156		0	0	0	0
vas_m1500p1_chr2.bed	AP2EREBP_AT1G77200_col_a_chr2.pos	1	872		1501	176144		0	0	0	0
vas_m1500p1_chr2.bed	AP2EREBP_AT1G77200_colamp_a_chr2.pos	1	3413		1501	689426		2	404	1	2
vas_m1500p1_chr2.bed	AP2EREBP_At2g33710_col_chr2.pos	1	809		1501	163418		0	0	0	0
vas_m1500p1_chr2.bed	AP2EREBP_At2g33710_colamp_a_chr2.pos	1	2103		1501	424806		0	0	0	0
vas_m1500p1_chr2.bed	AP2EREBP_At2g44940_colamp_a_chr2.pos	1	837		1501	169074		0	0	0	0
vas_m1500p1_chr2.bed	AP2EREBP_AT3G16280_colamp_a_chr2.pos	1	2173		1501	438946		1	202	1	1
vas_m1500p1_chr2.bed	AP2EREBP_AT3G60490_colamp_a_chr2.pos	1	1480		1501	298960		1	202	1	1
vas_m1500p1_chr2.bed	AP2EREBP_At4g16750_col_a_chr2.pos	1	2451		1501	495102		1	202	1	1
vas_m1500p1_chr2.bed	AP2EREBP_AT4G18450_col_a_chr2.pos	1	95		1501	19190		0	0	0	0
vas_m1500p1_chr2.bed	AP2EREBP_At4g31060_col_a_chr2.pos	1	492		1501	99384		0	0	0	0
vas_m1500p1_chr2.bed	AP2EREBP_At4g31060_colamp_a_chr2.pos	1	689		1501	139178		0	0	0	0
vas_m1500p1_chr2.bed	AP2EREBP_At4g32800_col_chr2.pos	1	587		1501	118574		0	0	0	0
vas_m1500p1_chr2.bed	AP2EREBP_At5g18450_col_a_chr2.pos	1	370		1501	74740		0	0	0	0
vas_m1500p1_chr2.bed	AP2EREBP_At5g65130_col_a_chr2.pos	1	310		1501	62620		0	0	0	0
vas_m1500p1_chr2.bed	AP2EREBP_CBF1_col_a_chr2.pos	1	1098		1501	221796		0	0	0	0
vas_m1500p1_chr2.bed	AP2EREBP_CBF1_colamp_a_chr2.pos	1	1898		1501	383396		1	202	1	1
vas_m1500p1_chr2.bed	AP2EREBP_CBF2_col_a_chr2.pos	1	528		1501	106656		0	0	0	0
vas_m1500p1_chr2.bed	AP2EREBP_CBF2_colamp_a_chr2.pos	1	1760		1501	355520		0	0	0	0
vas_m1500p1_chr2.bed	AP2EREBP_CBF3_col_a_chr2.pos	1	762		1501	153924		0	0	0	0
vas_m1500p1_chr2.bed	AP2EREBP_CBF3_colamp_a_chr2.pos	1	1198		1501	241996		0	0	0	0
vas_m1500p1_chr2.bed	AP2EREBP_CBF4_col_a_chr2.pos	1	1660		1501	335320		0	0	0	0
vas_m1500p1_chr2.bed	AP2EREBP_CBF4_colamp_a_chr2.pos	1	3051		1501	616302		2	404	1	2
vas_m1500p1_chr2.bed	AP2EREBP_CEJ1_col_a_chr2.pos	1	3107		1501	627614		1	202	1	1
vas_m1500p1_chr2.bed	AP2EREBP_CEJ1_colamp_a_chr2.pos	1	1762		1501	355924		1	202	1	1
vas_m1500p1_chr2.bed	AP2EREBP_CRF10_col100_a_chr2.pos	1	940		1501	189880		0	0	0	0
vas_m1500p1_chr2.bed	AP2EREBP_CRF4_colamp_a_chr2.pos	1	384		1501	77568		0	0	0	0
vas_m1500p1_chr2.bed	AP2EREBP_DDF1_col_a_chr2.pos	1	363		1501	73326		0	0	0	0
vas_m1500p1_chr2.bed	AP2EREBP_DDF2_col_a_chr2.pos	1	56		1501	11312		0	0	0	0
vas_m1500p1_chr2.bed	AP2EREBP_DEAR2_col_a_chr2.pos	1	565		1501	114130		0	0	0	0
vas_m1500p1_chr2.bed	AP2EREBP_DEAR2_colamp_a_chr2.pos	1	3260		1501	658520		1	202	1	1
vas_m1500p1_chr2.bed	AP2EREBP_DEAR3_col_a_chr2.pos	1	466		1501	94132		0	0	0	0
vas_m1500p1_chr2.bed	AP2EREBP_DEAR3_colamp_a_chr2.pos	1	1578		1501	318756		1	202	1	1
vas_m1500p1_chr2.bed	AP2EREBP_DEAR5_col_a_chr2.pos	1	349		1501	70498		0	0	0	0
vas_m1500p1_chr2.bed	AP2EREBP_DREB19_col_a_chr2.pos	1	630		1501	127260		0	0	0	0
vas_m1500p1_chr2.bed	AP2EREBP_DREB19_colamp_a_chr2.pos	1	1821		1501	367842		1	202	1	1
vas_m1500p1_chr2.bed	AP2EREBP_ERF10_col_a_chr2.pos	1	751		1501	151702		0	0	0	0
vas_m1500p1_chr2.bed	AP2EREBP_ERF105_col_chr2.pos	1	442		1501	89284		0	0	0	0
vas_m1500p1_chr2.bed	AP2EREBP_ERF105_colamp_a_chr2.pos	1	1973		1501	398546		0	0	0	0
vas_m1500p1_chr2.bed	AP2EREBP_ERF11_col_b_chr2.pos	1	1164		1501	235128		0	0	0	0
vas_m1500p1_chr2.bed	AP2EREBP_ERF115_col_a_chr2.pos	1	374		1501	75548		0	0	0	0
vas_m1500p1_chr2.bed	AP2EREBP_ERF115_colamp_a_chr2.pos	1	1510		1501	305020		0	0	0	0
vas_m1500p1_chr2.bed	AP2EREBP_ERF13_colamp_a_chr2.pos	1	1585		1501	320170		0	0	0	0
vas_m1500p1_chr2.bed	AP2EREBP_ERF15_col_chr2.pos	1	1563		1501	315726		0	0	0	0
vas_m1500p1_chr2.bed	AP2EREBP_ERF15_colamp_a_chr2.pos	1	2612		1501	527624		0	0	0	0
vas_m1500p1_chr2.bed	AP2EREBP_ERF2_col_a_chr2.pos	1	119		1501	24038		0	0	0	0
vas_m1500p1_chr2.bed	AP2EREBP_ERF3_col_a_chr2.pos	1	515		1501	104030		0	0	0	0
vas_m1500p1_chr2.bed	AP2EREBP_ERF38_col_a_chr2.pos	1	839		1501	169478		0	0	0	0
vas_m1500p1_chr2.bed	AP2EREBP_ERF4_col_a_chr2.pos	1	874		1501	176548		0	0	0	0
vas_m1500p1_chr2.bed	AP2EREBP_ERF4_colamp_a_chr2.pos	1	1507		1501	304414		0	0	0	0
vas_m1500p1_chr2.bed	AP2EREBP_ERF5_col_a_chr2.pos	1	129		1501	26058		0	0	0	0
vas_m1500p1_chr2.bed	AP2EREBP_ERF7_col_a_chr2.pos	1	2236		1501	451672		0	0	0	0
vas_m1500p1_chr2.bed	AP2EREBP_ERF7_colamp_a_chr2.pos	1	579		1501	116958		0	0	0	0
vas_m1500p1_chr2.bed	AP2EREBP_ERF8_col_a_chr2.pos	1	949		1501	191698		0	0	0	0
vas_m1500p1_chr2.bed	AP2EREBP_ERF8_colamp_a_chr2.pos	1	1026		1501	207252		0	0	0	0
vas_m1500p1_chr2.bed	AP2EREBP_ESE1_col_a_chr2.pos	1	238		1501	48076		0	0	0	0
vas_m1500p1_chr2.bed	AP2EREBP_ESE3_col_a_chr2.pos	1	825		1501	166650		0	0	0	0
vas_m1500p1_chr2.bed	AP2EREBP_ESE3_colamp_a_chr2.pos	1	605		1501	122210		0	0	0	0
vas_m1500p1_chr2.bed	AP2EREBP_LEP_col_a_chr2.pos	1	89		1501	17978		0	0	0	0
vas_m1500p1_chr2.bed	AP2EREBP_PLT3_col_a_chr2.pos	1	113		1501	22826		0	0	0	0
vas_m1500p1_chr2.bed	AP2EREBP_PUCHI_colamp_a_chr2.pos	1	418		1501	84436		0	0	0	0
vas_m1500p1_chr2.bed	AP2EREBP_RAP21_col_a_chr2.pos	1	310		1501	62620		0	0	0	0
vas_m1500p1_chr2.bed	AP2EREBP_Rap210_col_a_chr2.pos	1	1195		1501	241390		1	202	1	1
vas_m1500p1_chr2.bed	AP2EREBP_Rap210_colamp_a_chr2.pos	1	824		1501	166448		1	202	1	1
vas_m1500p1_chr2.bed	AP2EREBP_RAP211_col_a_chr2.pos	1	410		1501	82820		0	0	0	0
vas_m1500p1_chr2.bed	AP2EREBP_RAP211_colamp_a_chr2.pos	1	2159		1501	436118		0	0	0	0
vas_m1500p1_chr2.bed	AP2EREBP_RAP212_col_a_chr2.pos	1	979		1501	197758		0	0	0	0
vas_m1500p1_chr2.bed	AP2EREBP_RAP26_col_a_chr2.pos	1	412		1501	83224		0	0	0	0
vas_m1500p1_chr2.bed	AP2EREBP_RAP26_colamp_a_chr2.pos	1	922		1501	186244		0	0	0	0
vas_m1500p1_chr2.bed	AP2EREBP_RRTF1_col_a_chr2.pos	1	663		1501	133926		0	0	0	0
vas_m1500p1_chr2.bed	AP2EREBP_RRTF1_colamp_a_chr2.pos	1	582		1501	117564		0	0	0	0
vas_m1500p1_chr2.bed	AP2EREBP_TINY_col_a_chr2.pos	1	264		1501	53328		0	0	0	0
vas_m1500p1_chr2.bed	ARF_ARF2_col_v31_chr2.pos	1	1921		1501	388042		0	0	0	0
vas_m1500p1_chr2.bed	ARF_ecoli_MP_col_chr2.pos	1	4401		1501	889002		2	404	1	2
vas_m1500p1_chr2.bed	ARID_AT1G20910_col_a_chr2.pos	1	1872		1501	378144		0	0	0	0
vas_m1500p1_chr2.bed	BBRBPC_BPC1_col_a_chr2.pos	1	259		1501	52318		0	0	0	0
vas_m1500p1_chr2.bed	BBRBPC_BPC1_colamp_a_chr2.pos	1	2623		1501	529846		1	6	1	1
vas_m1500p1_chr2.bed	BES1_BAM8_col_a_chr2.pos	1	361		1501	72922		1	122	1	1
vas_m1500p1_chr2.bed	BES1_BAM8_colamp_a_chr2.pos	1	377		1501	76154		0	0	0	0
vas_m1500p1_chr2.bed	bHLH_bHLH10_col_a_chr2.pos	1	163		1501	32926		0	0	0	0
vas_m1500p1_chr2.bed	bHLH_bHLH10_colamp_a_chr2.pos	1	1321		1501	266842		1	202	1	1
vas_m1500p1_chr2.bed	bHLH_bHLH122_col100_a_chr2.pos	1	1601		1501	323402		0	0	0	0
vas_m1500p1_chr2.bed	bHLH_bHLH28_col_a_chr2.pos	1	1416		1501	286032		0	0	0	0
vas_m1500p1_chr2.bed	bHLH_bHLH31_col_chr2.pos	1	311		1501	62822		2	328	1	2
vas_m1500p1_chr2.bed	bHLH_bHLH80_col_a_chr2.pos	1	890		1501	179780		0	0	0	0
vas_m1500p1_chr2.bed	bHLH_BIM1_col_a_chr2.pos	1	110		1501	22220		0	0	0	0
vas_m1500p1_chr2.bed	bHLH_BIM2_col_v3b_chr2.pos	1	2305		1501	465610		2	379	1	2
vas_m1500p1_chr2.bed	bHLH_BIM2_colamp_chr2.pos	1	4262		1501	860924		4	728	1	4
vas_m1500p1_chr2.bed	bZIP_ABF2_col_v3a_chr2.pos	1	403		1501	81406		2	311	1	2
vas_m1500p1_chr2.bed	bZIP_ABI5_col_v3h_chr2.pos	1	814		1501	164428		3	525	1	3
vas_m1500p1_chr2.bed	bZIP_ABI5_colamp_v3b_chr2.pos	1	759		1501	153318		3	524	1	3
vas_m1500p1_chr2.bed	bZIP_AREB3_col_v31_chr2.pos	1	768		1501	155136		3	512	1	3
vas_m1500p1_chr2.bed	bZIP_bZIP16_col_v3a_chr2.pos	1	296		1501	59792		2	311	1	2
vas_m1500p1_chr2.bed	bZIP_bZIP16_colamp_a_chr2.pos	1	1096		1501	221392		2	323	1	2
vas_m1500p1_chr2.bed	bZIP_bZIP18_col_v31_chr2.pos	1	623		1501	125846		1	191	1	1
vas_m1500p1_chr2.bed	bZIP_bZIP18_colamp_a_chr2.pos	1	1600		1501	323200		1	191	1	1
vas_m1500p1_chr2.bed	bZIP_bZIP28_col_a_chr2.pos	1	269		1501	54338		3	431	1	3
vas_m1500p1_chr2.bed	bZIP_bZIP3_col_a_chr2.pos	1	1327		1501	268054		6	1079	1	6
vas_m1500p1_chr2.bed	bZIP_bZIP44_col_chr2.pos	1	437		1501	88274		1	202	1	1
vas_m1500p1_chr2.bed	bZIP_bZIP48_col_a_chr2.pos	1	153		1501	30906		1	202	1	1
vas_m1500p1_chr2.bed	bZIP_bZIP48_colamp_a_chr2.pos	1	704		1501	142208		4	725	1	4
vas_m1500p1_chr2.bed	bZIP_bZIP50_col_v31_chr2.pos	1	619		1501	125038		1	202	1	1
vas_m1500p1_chr2.bed	bZIP_bZIP50_colamp_v31_chr2.pos	1	3017		1501	609434		1	111	1	1
vas_m1500p1_chr2.bed	bZIP_bZIP52_col_v31_chr2.pos	1	856		1501	172912		0	0	0	0
vas_m1500p1_chr2.bed	bZIP_bZIP52_colamp_a_chr2.pos	1	1802		1501	364004		1	192	1	1
vas_m1500p1_chr2.bed	bZIP_bZIP53_col_chr2.pos	1	1123		1501	226846		4	725	1	4
vas_m1500p1_chr2.bed	bZIP_bZIP53_colamp_a_chr2.pos	1	1663		1501	335926		4	727	1	4
vas_m1500p1_chr2.bed	bZIP_bZIP68_col_a_chr2.pos	1	1464		1501	295728		5	929	1	5
vas_m1500p1_chr2.bed	bZIP_GBF3_col_chr2.pos	1	1000		1501	202000		5	835	1	5
vas_m1500p1_chr2.bed	bZIP_GBF3_colamp_chr2.pos	1	1548		1501	312696		5	888	1	5
vas_m1500p1_chr2.bed	bZIP_GBF5_col_v3a_chr2.pos	1	391		1501	78982		1	202	1	1
vas_m1500p1_chr2.bed	bZIP_GBF5_colamp_a_chr2.pos	1	684		1501	138168		3	513	1	3
vas_m1500p1_chr2.bed	bZIP_GBF6_col_chr2.pos	1	1571		1501	317342		4	714	1	4
vas_m1500p1_chr2.bed	bZIP_HY5_colamp_v3a_chr2.pos	1	1628		1501	328856		4	727	1	4
vas_m1500p1_chr2.bed	bZIP_TGA1_col_chr2.pos	1	697		1501	140794		1	202	1	1
vas_m1500p1_chr2.bed	bZIP_TGA1_colamp_a_chr2.pos	1	1418		1501	286436		2	312	1	2
vas_m1500p1_chr2.bed	bZIP_TGA10_col_a_chr2.pos	1	104		1501	21008		1	202	1	1
vas_m1500p1_chr2.bed	bZIP_TGA10_colamp_a_chr2.pos	1	826		1501	166852		2	312	1	2
vas_m1500p1_chr2.bed	bZIP_TGA2_col_chr2.pos	1	399		1501	80598		1	202	1	1
vas_m1500p1_chr2.bed	bZIP_TGA2_colamp_v31_chr2.pos	1	2326		1501	469852		3	513	1	3
vas_m1500p1_chr2.bed	bZIP_TGA3_col_chr2.pos	1	595		1501	120190		2	312	1	2
vas_m1500p1_chr2.bed	bZIP_TGA4_col_a_chr2.pos	1	640		1501	129280		2	372	1	2
vas_m1500p1_chr2.bed	bZIP_TGA4_colamp_a_chr2.pos	1	1044		1501	210888		2	312	1	2
vas_m1500p1_chr2.bed	bZIP_TGA5_col_v3a_chr2.pos	1	422		1501	85244		2	312	1	2
vas_m1500p1_chr2.bed	bZIP_TGA6_col_a_chr2.pos	1	2240		1501	452480		4	669	1	4
vas_m1500p1_chr2.bed	bZIP_TGA6_colamp_a_chr2.pos	1	2444		1501	493688		3	513	1	3
vas_m1500p1_chr2.bed	bZIP_TGA9_col_a_chr2.pos	1	719		1501	145238		2	312	1	2
vas_m1500p1_chr2.bed	bZIP_TGA9_colamp_a_chr2.pos	1	2322		1501	469044		4	715	1	4
vas_m1500p1_chr2.bed	bZIP_VIP1_col_v3a_chr2.pos	1	248		1501	50096		0	0	0	0
vas_m1500p1_chr2.bed	BZR_At1g78700_col_a_chr2.pos	1	793		1501	160186		1	202	1	1
vas_m1500p1_chr2.bed	BZR_At4g18890_col_a_chr2.pos	1	135		1501	27270		0	0	0	0
vas_m1500p1_chr2.bed	BZR_At4g36780_col_a_chr2.pos	1	968		1501	195536		1	121	1	1
vas_m1500p1_chr2.bed	BZR_BZR1_col_a_chr2.pos	1	152		1501	30704		0	0	0	0
vas_m1500p1_chr2.bed	C2C2dof_Adof1_col_a_chr2.pos	1	1952		1501	394304		0	0	0	0
vas_m1500p1_chr2.bed	C2C2dof_AT1G47655_col_a_chr2.pos	1	187		1501	37774		0	0	0	0
vas_m1500p1_chr2.bed	C2C2dof_AT1G47655_colamp_a_chr2.pos	1	1091		1501	220382		0	0	0	0
vas_m1500p1_chr2.bed	C2C2dof_At1g64620_100ng20cy_b_chr2.pos	1	2109		1501	426018		0	0	0	0
vas_m1500p1_chr2.bed	C2C2dof_At1g64620_colamp_a_chr2.pos	1	3501		1501	707202		1	202	1	1
vas_m1500p1_chr2.bed	C2C2dof_AT1G69570_col_a_chr2.pos	1	1501		1501	303202		0	0	0	0
vas_m1500p1_chr2.bed	C2C2dof_AT1G69570_colamp_a_chr2.pos	1	876		1501	176952		0	0	0	0
vas_m1500p1_chr2.bed	C2C2dof_AT2G28810_col_a_chr2.pos	1	4026		1501	813252		0	0	0	0
vas_m1500p1_chr2.bed	C2C2dof_AT2G28810_colamp_a_chr2.pos	1	4234		1501	855268		0	0	0	0
vas_m1500p1_chr2.bed	C2C2dof_At3g45610_col_a_chr2.pos	1	2836		1501	572872		0	0	0	0
vas_m1500p1_chr2.bed	C2C2dof_At3g45610_colamp_a_chr2.pos	1	3030		1501	612060		0	0	0	0
vas_m1500p1_chr2.bed	C2C2dof_AT3G52440_col_a_chr2.pos	1	1037		1501	209474		0	0	0	0
vas_m1500p1_chr2.bed	C2C2dof_AT3G52440_colamp_a_chr2.pos	1	4062		1501	820524		0	0	0	0
vas_m1500p1_chr2.bed	C2C2dof_At4g38000_col_a_chr2.pos	1	1265		1501	255530		0	0	0	0
vas_m1500p1_chr2.bed	C2C2dof_At4g38000_colamp_a_chr2.pos	1	773		1501	156146		0	0	0	0
vas_m1500p1_chr2.bed	C2C2dof_AT5G02460_col_a_chr2.pos	1	5032		1501	1016464		0	0	0	0
vas_m1500p1_chr2.bed	C2C2dof_AT5G02460_colamp_a_chr2.pos	1	2450		1501	494900		0	0	0	0
vas_m1500p1_chr2.bed	C2C2dof_At5g62940_col_a_chr2.pos	1	4970		1501	1003940		0	0	0	0
vas_m1500p1_chr2.bed	C2C2dof_AT5G66940_col_a_chr2.pos	1	4062		1501	820524		0	0	0	0
vas_m1500p1_chr2.bed	C2C2dof_AT5G66940_colamp_a_chr2.pos	1	2734		1501	552268		0	0	0	0
vas_m1500p1_chr2.bed	C2C2dof_CDF3_col_a_chr2.pos	1	1371		1501	276942		0	0	0	0
vas_m1500p1_chr2.bed	C2C2dof_CDF3_colamp_a_chr2.pos	1	2382		1501	481164		0	0	0	0
vas_m1500p1_chr2.bed	C2C2dof_COG1_col_a_chr2.pos	1	1886		1501	380972		0	0	0	0
vas_m1500p1_chr2.bed	C2C2dof_DAG2_col_a_chr2.pos	1	2343		1501	473286		0	0	0	0
vas_m1500p1_chr2.bed	C2C2dof_DAG2_colamp_a_chr2.pos	1	1690		1501	341380		0	0	0	0
vas_m1500p1_chr2.bed	C2C2dof_dof24_col_a_chr2.pos	1	3205		1501	647410		0	0	0	0
vas_m1500p1_chr2.bed	C2C2dof_dof24_colamp_a_chr2.pos	1	1298		1501	262196		0	0	0	0
vas_m1500p1_chr2.bed	C2C2dof_dof42_col_a_chr2.pos	1	117		1501	23634		0	0	0	0
vas_m1500p1_chr2.bed	C2C2dof_dof43_colamp_a_chr2.pos	1	3237		1501	653874		0	0	0	0
vas_m1500p1_chr2.bed	C2C2dof_dof45_col_a_chr2.pos	1	4048		1501	817696		0	0	0	0
vas_m1500p1_chr2.bed	C2C2dof_OBP1_col_a_chr2.pos	1	3853		1501	778306		0	0	0	0
vas_m1500p1_chr2.bed	C2C2dof_OBP3_col_a_chr2.pos	1	2813		1501	568226		0	0	0	0
vas_m1500p1_chr2.bed	C2C2dof_OBP3_colamp_a_chr2.pos	1	931		1501	188062		0	0	0	0
vas_m1500p1_chr2.bed	C2C2dof_OBP4_col_a_chr2.pos	1	2365		1501	477730		0	0	0	0
vas_m1500p1_chr2.bed	C2C2dof_OBP4_colamp_a_chr2.pos	1	2370		1501	478740		0	0	0	0
vas_m1500p1_chr2.bed	C2C2gata_GATA1_col_a_chr2.pos	1	170		1501	34340		0	0	0	0
vas_m1500p1_chr2.bed	C2C2gata_GATA11_col_a_chr2.pos	1	526		1501	106252		0	0	0	0
vas_m1500p1_chr2.bed	C2C2gata_GATA19_col_a_chr2.pos	1	37		1501	7474		0	0	0	0
vas_m1500p1_chr2.bed	C2C2gata_GATA20_colamp_a_chr2.pos	1	2738		1501	553076		0	0	0	0
vas_m1500p1_chr2.bed	C2C2gata_GATA4_col_a_chr2.pos	1	273		1501	55146		0	0	0	0
vas_m1500p1_chr2.bed	C2C2YABBY_CRC_col_a_chr2.pos	1	1520		1501	307040		0	0	0	0
vas_m1500p1_chr2.bed	C2H2_AT2G15740_col_a_chr2.pos	1	468		1501	94536		0	0	0	0
vas_m1500p1_chr2.bed	C2H2_At3g60580_col_a_chr2.pos	1	1828		1501	369256		0	0	0	0
vas_m1500p1_chr2.bed	C2H2_AT4G26030_col_a_chr2.pos	1	1806		1501	364812		0	0	0	0
vas_m1500p1_chr2.bed	C2H2_At5g04390_col200_a_chr2.pos	1	1433		1501	289466		0	0	0	0
vas_m1500p1_chr2.bed	C2H2_AT5G22990_col_a_chr2.pos	1	726		1501	146652		2	304	1	2
vas_m1500p1_chr2.bed	C2H2_At5g66730_col_chr2.pos	1	351		1501	70902		0	0	0	0
vas_m1500p1_chr2.bed	C2H2_At5g66730_colamp_a_chr2.pos	1	947		1501	191294		0	0	0	0
vas_m1500p1_chr2.bed	C2H2_AtIDD11_colamp_a_chr2.pos	1	586		1501	118372		0	0	0	0
vas_m1500p1_chr2.bed	C2H2_IDD4_col_a_chr2.pos	1	2104		1501	425008		0	0	0	0
vas_m1500p1_chr2.bed	C2H2_IDD5_colamp_a_chr2.pos	1	1570		1501	317140		0	0	0	0
vas_m1500p1_chr2.bed	C2H2_IDD7_col_a_chr2.pos	1	795		1501	160590		0	0	0	0
vas_m1500p1_chr2.bed	C2H2_JKD_col_a_chr2.pos	1	360		1501	72720		0	0	0	0
vas_m1500p1_chr2.bed	C2H2_MGP_colamp_a_chr2.pos	1	652		1501	131704		0	0	0	0
vas_m1500p1_chr2.bed	C2H2_SGR5_col_a_chr2.pos	1	388		1501	78376		0	0	0	0
vas_m1500p1_chr2.bed	C2H2_SGR5_colamp_a_chr2.pos	1	2732		1501	551864		0	0	0	0
vas_m1500p1_chr2.bed	C2H2_STOP1_colamp_a_chr2.pos	1	226		1501	45652		0	0	0	0
vas_m1500p1_chr2.bed	C2H2_STZ_col_chr2.pos	1	3338		1501	674276		0	0	0	0
vas_m1500p1_chr2.bed	C2H2_STZ_colamp_a_chr2.pos	1	2562		1501	517524		0	0	0	0
vas_m1500p1_chr2.bed	C2H2_WIP5_col_a_chr2.pos	1	526		1501	106252		0	0	0	0
vas_m1500p1_chr2.bed	C2H2_WIP5_colamp_a_chr2.pos	1	789		1501	159378		0	0	0	0
vas_m1500p1_chr2.bed	C3H_AT3G12130_colamp_a_chr2.pos	1	2049		1501	413898		0	0	0	0
vas_m1500p1_chr2.bed	C3H_At5g08750_col_a_chr2.pos	1	148		1501	29896		0	0	0	0
vas_m1500p1_chr2.bed	C3H_AT5G63260_col_a_chr2.pos	1	2392		1501	483184		0	0	0	0
vas_m1500p1_chr2.bed	C3H_AT5G63260_colamp_a_chr2.pos	1	760		1501	153520		0	0	0	0
vas_m1500p1_chr2.bed	C3H_CDM1_colamp_a_chr2.pos	1	784		1501	158368		1	202	1	1
vas_m1500p1_chr2.bed	CAMTA_CAMTA1_col_a_chr2.pos	1	405		1501	81810		1	202	1	1
vas_m1500p1_chr2.bed	CAMTA_CAMTA5_col_a_chr2.pos	1	118		1501	23836		0	0	0	0
vas_m1500p1_chr2.bed	CPP_AT2G20110_col_a_chr2.pos	1	1184		1501	239168		0	0	0	0
vas_m1500p1_chr2.bed	CPP_AT2G20110_colamp_a_chr2.pos	1	4096		1501	827392		0	0	0	0
vas_m1500p1_chr2.bed	CPP_SOL1_col_chr2.pos	1	1385		1501	279770		0	0	0	0
vas_m1500p1_chr2.bed	CPP_SOL1_colamp_a_chr2.pos	1	2457		1501	496314		0	0	0	0
vas_m1500p1_chr2.bed	CPP_TCX2_col_a_chr2.pos	1	1183		1501	238966		0	0	0	0
vas_m1500p1_chr2.bed	CPP_TCX2_colamp_a_chr2.pos	1	3066		1501	619332		0	0	0	0
vas_m1500p1_chr2.bed	E2FDP_DEL2_col_a_chr2.pos	1	219		1501	44238		0	0	0	0
vas_m1500p1_chr2.bed	E2FDP_E2FA_col_a_chr2.pos	1	215		1501	43430		0	0	0	0
vas_m1500p1_chr2.bed	E2FDP_E2FA_colamp_a_chr2.pos	1	913		1501	184426		0	0	0	0
vas_m1500p1_chr2.bed	EIL_EIN3_col_a_chr2.pos	1	178		1501	35956		0	0	0	0
vas_m1500p1_chr2.bed	FAR1_FAR1_col_a_chr2.pos	1	152		1501	30704		0	0	0	0
vas_m1500p1_chr2.bed	G2like_At1g25550_col_chr2.pos	1	1801		1501	363802		1	202	1	1
vas_m1500p1_chr2.bed	G2like_At1g25550_colamp_a_chr2.pos	1	597		1501	120594		0	0	0	0
vas_m1500p1_chr2.bed	G2like_AT1G49560_col_a_chr2.pos	1	1413		1501	285426		0	0	0	0
vas_m1500p1_chr2.bed	G2like_AT1G49560_colamp_a_chr2.pos	1	1842		1501	372084		0	0	0	0
vas_m1500p1_chr2.bed	G2like_At1g68670_col_chr2.pos	1	1533		1501	309666		1	202	1	1
vas_m1500p1_chr2.bed	G2like_At1g68670_colamp_a_chr2.pos	1	352		1501	71104		0	0	0	0
vas_m1500p1_chr2.bed	G2like_At2g01060_col_chr2.pos	1	1751		1501	353702		1	202	1	1
vas_m1500p1_chr2.bed	G2like_At2g01060_colamp_a_chr2.pos	1	1756		1501	354712		0	0	0	0
vas_m1500p1_chr2.bed	G2like_At2g03500_col_a_chr2.pos	1	2089		1501	421978		1	202	1	1
vas_m1500p1_chr2.bed	G2like_AT2G20400_colamp_a_chr2.pos	1	1012		1501	204424		0	0	0	0
vas_m1500p1_chr2.bed	G2like_AT2G40260_col_a_chr2.pos	1	924		1501	186648		0	0	0	0
vas_m1500p1_chr2.bed	G2like_AT2G40260_colamp_a_chr2.pos	1	2780		1501	561560		0	0	0	0
vas_m1500p1_chr2.bed	G2like_At3g04030_col_a_chr2.pos	1	2748		1501	555096		2	404	1	2
vas_m1500p1_chr2.bed	G2like_At3g04030_colamp_a_chr2.pos	1	968		1501	195536		0	0	0	0
vas_m1500p1_chr2.bed	G2like_At3g12730_colamp_a_chr2.pos	1	1713		1501	346026		0	0	0	0
vas_m1500p1_chr2.bed	G2like_At3g24120_col_a_chr2.pos	1	5399		1501	1090598		2	404	1	2
vas_m1500p1_chr2.bed	G2like_At3g24120_colamp_a_chr2.pos	1	2975		1501	600950		2	404	1	2
vas_m1500p1_chr2.bed	G2like_AT4G37180_col_a_chr2.pos	1	2240		1501	452480		2	404	1	2
vas_m1500p1_chr2.bed	G2like_AT4G37180_colamp_a_chr2.pos	1	929		1501	187658		0	0	0	0
vas_m1500p1_chr2.bed	G2like_At5g29000_col_a_chr2.pos	1	786		1501	158772		1	202	1	1
vas_m1500p1_chr2.bed	G2like_AT5G45580_col_a_chr2.pos	1	2757		1501	556914		1	202	1	1
vas_m1500p1_chr2.bed	G2like_AT5G45580_colamp_a_chr2.pos	1	4085		1501	825170		0	0	0	0
vas_m1500p1_chr2.bed	GeBP_AT4G00250_col_a_chr2.pos	1	1929		1501	389658		0	0	0	0
vas_m1500p1_chr2.bed	GRF_AtGRF6_col_a_chr2.pos	1	1040		1501	210080		0	0	0	0
vas_m1500p1_chr2.bed	GRF_GRF9_colamp_a_chr2.pos	1	359		1501	72518		0	0	0	0
vas_m1500p1_chr2.bed	HB_ANL2_col_a_chr2.pos	1	1433		1501	289466		0	0	0	0
vas_m1500p1_chr2.bed	HB_ATHB15_col_a_chr2.pos	1	1087		1501	219574		0	0	0	0
vas_m1500p1_chr2.bed	HB_ATHB21_col_a_chr2.pos	1	1286		1501	259772		0	0	0	0
vas_m1500p1_chr2.bed	HB_ATHB21_colamp_a_chr2.pos	1	2419		1501	488638		0	0	0	0
vas_m1500p1_chr2.bed	HB_ATHB40_col_a_chr2.pos	1	4425		1501	893850		0	0	0	0
vas_m1500p1_chr2.bed	HB_ATHB40_colamp_a_chr2.pos	1	4109		1501	830018		0	0	0	0
vas_m1500p1_chr2.bed	HB_ATHB5_col_a_chr2.pos	1	4123		1501	832846		0	0	0	0
vas_m1500p1_chr2.bed	HB_ATHB5_colamp_a_chr2.pos	1	3652		1501	737704		0	0	0	0
vas_m1500p1_chr2.bed	HB_ATHB53_col_a_chr2.pos	1	1876		1501	378952		0	0	0	0
vas_m1500p1_chr2.bed	HB_ATHB53_colamp_a_chr2.pos	1	975		1501	196950		0	0	0	0
vas_m1500p1_chr2.bed	HB_LMI1_col_a_chr2.pos	1	3165		1501	639330		0	0	0	0
vas_m1500p1_chr2.bed	HB_LMI1_colamp_a_chr2.pos	1	3688		1501	744976		0	0	0	0
vas_m1500p1_chr2.bed	HB_PHV_col_a_chr2.pos	1	1746		1501	352692		0	0	0	0
vas_m1500p1_chr2.bed	Homeobox_ATHB13_col_a_chr2.pos	1	3773		1501	762146		0	0	0	0
vas_m1500p1_chr2.bed	Homeobox_ATHB18_col_a_chr2.pos	1	248		1501	50096		0	0	0	0
vas_m1500p1_chr2.bed	Homeobox_ATHB18_colamp_a_chr2.pos	1	661		1501	133522		0	0	0	0
vas_m1500p1_chr2.bed	Homeobox_ATHB20_colamp_a_chr2.pos	1	984		1501	198768		0	0	0	0
vas_m1500p1_chr2.bed	Homeobox_ATHB6_col_a_chr2.pos	1	1676		1501	338552		0	0	0	0
vas_m1500p1_chr2.bed	Homeobox_ATHB7_col_a_chr2.pos	1	1781		1501	359762		0	0	0	0
vas_m1500p1_chr2.bed	Homeobox_ecoli_HAT2_col_v31_chr2.pos	1	1923		1501	388446		0	0	0	0
vas_m1500p1_chr2.bed	Homeobox_HAT2_colamp_a_chr2.pos	1	698		1501	140996		0	0	0	0
vas_m1500p1_chr2.bed	Homeobox_HDG1_col100_a_chr2.pos	1	1953		1501	394506		0	0	0	0
vas_m1500p1_chr2.bed	Homeobox_PDF2_col_chr2.pos	1	361		1501	72922		0	0	0	0
vas_m1500p1_chr2.bed	HSF_HSF21_col_a_chr2.pos	1	134		1501	27068		0	0	0	0
vas_m1500p1_chr2.bed	HSF_HSF3_col_a_chr2.pos	1	1318		1501	266236		0	0	0	0
vas_m1500p1_chr2.bed	HSF_HSF3_colamp_a_chr2.pos	1	2169		1501	438138		0	0	0	0
vas_m1500p1_chr2.bed	HSF_HSF6_col_a_chr2.pos	1	201		1501	40602		0	0	0	0
vas_m1500p1_chr2.bed	HSF_HSF7_col_a_chr2.pos	1	170		1501	34340		0	0	0	0
vas_m1500p1_chr2.bed	HSF_HSF7_colamp_a_chr2.pos	1	611		1501	123422		0	0	0	0
vas_m1500p1_chr2.bed	HSF_HSFA6B_col_chr2.pos	1	4070		1501	822140		0	0	0	0
vas_m1500p1_chr2.bed	HSF_HSFA6B_colamp_a_chr2.pos	1	1456		1501	294112		0	0	0	0
vas_m1500p1_chr2.bed	HSF_HSFB3_colamp_a_chr2.pos	1	177		1501	35754		0	0	0	0
vas_m1500p1_chr2.bed	HSF_HSFC1_col_a_chr2.pos	1	753		1501	152106		0	0	0	0
vas_m1500p1_chr2.bed	HSF_HSFC1_colamp_a_chr2.pos	1	611		1501	123422		0	0	0	0
vas_m1500p1_chr2.bed	LOBAS2_ASL18_col_a_chr2.pos	1	98		1501	19796		0	0	0	0
vas_m1500p1_chr2.bed	LOBAS2_ASL18_colamp_a_chr2.pos	1	911		1501	184022		0	0	0	0
vas_m1500p1_chr2.bed	LOBAS2_LBD13_colamp_a_chr2.pos	1	606		1501	122412		0	0	0	0
vas_m1500p1_chr2.bed	LOBAS2_LBD18_col_a_chr2.pos	1	856		1501	172912		0	0	0	0
vas_m1500p1_chr2.bed	LOBAS2_LBD18_colamp_a_chr2.pos	1	2343		1501	473286		0	0	0	0
vas_m1500p1_chr2.bed	LOBAS2_LBD19_col_a_chr2.pos	1	1322		1501	267044		0	0	0	0
vas_m1500p1_chr2.bed	LOBAS2_LBD19_colamp_a_chr2.pos	1	2500		1501	505000		1	141	1	1
vas_m1500p1_chr2.bed	LOBAS2_LBD2_col_a_chr2.pos	1	2464		1501	497728		0	0	0	0
vas_m1500p1_chr2.bed	LOBAS2_LBD2_colamp_a_chr2.pos	1	1450		1501	292900		0	0	0	0
vas_m1500p1_chr2.bed	LOBAS2_LBD23_col_a_chr2.pos	1	213		1501	43026		0	0	0	0
vas_m1500p1_chr2.bed	LOBAS2_LOB_col_a_chr2.pos	1	240		1501	48480		0	0	0	0
vas_m1500p1_chr2.bed	MADS_AGL15_col_a_chr2.pos	1	361		1501	72922		0	0	0	0
vas_m1500p1_chr2.bed	MADS_AGL63_col_a_chr2.pos	1	2512		1501	507424		0	0	0	0
vas_m1500p1_chr2.bed	MADS_SVP_col_v3b_chr2.pos	1	1647		1501	332694		0	0	0	0
vas_m1500p1_chr2.bed	MADS_SVP_colamp_v3b_chr2.pos	1	1817		1501	367034		0	0	0	0
vas_m1500p1_chr2.bed	mTERF_AT5G23930_col_a_chr2.pos	1	895		1501	180790		0	0	0	0
vas_m1500p1_chr2.bed	MYB_ATY13_col_a_chr2.pos	1	3145		1501	635290		0	0	0	0
vas_m1500p1_chr2.bed	MYB_BOS1_col_a_chr2.pos	1	333		1501	67266		0	0	0	0
vas_m1500p1_chr2.bed	MYB_MS188_col_a_chr2.pos	1	1301		1501	262802		0	0	0	0
vas_m1500p1_chr2.bed	MYB_MS188_colamp_a_chr2.pos	1	1439		1501	290678		0	0	0	0
vas_m1500p1_chr2.bed	MYB_MYB101_col_a_chr2.pos	1	133		1501	26866		0	0	0	0
vas_m1500p1_chr2.bed	MYB_MYB101_colamp_a_chr2.pos	1	1699		1501	343198		0	0	0	0
vas_m1500p1_chr2.bed	MYB_MYB107_col_a_chr2.pos	1	1331		1501	268862		0	0	0	0
vas_m1500p1_chr2.bed	MYB_MYB107_colamp_a_chr2.pos	1	882		1501	178164		0	0	0	0
vas_m1500p1_chr2.bed	MYB_MYB116_colamp_a_chr2.pos	1	1501		1501	303202		0	0	0	0
vas_m1500p1_chr2.bed	MYB_MYB118_colamp_a_chr2.pos	1	691		1501	139582		0	0	0	0
vas_m1500p1_chr2.bed	MYB_MYB119_col_a_chr2.pos	1	925		1501	186850		0	0	0	0
vas_m1500p1_chr2.bed	MYB_MYB119_colamp_a_chr2.pos	1	1464		1501	295728		0	0	0	0
vas_m1500p1_chr2.bed	MYB_MYB121_col_a_chr2.pos	1	318		1501	64236		0	0	0	0
vas_m1500p1_chr2.bed	MYB_MYB13_col_a_chr2.pos	1	430		1501	86860		0	0	0	0
vas_m1500p1_chr2.bed	MYB_MYB27_col_a_chr2.pos	1	512		1501	103424		0	0	0	0
vas_m1500p1_chr2.bed	MYB_MYB27_colamp_a_chr2.pos	1	863		1501	174326		0	0	0	0
vas_m1500p1_chr2.bed	MYB_MYB33_col_a_chr2.pos	1	3541		1501	715282		0	0	0	0
vas_m1500p1_chr2.bed	MYB_MYB3R1_col_a_chr2.pos	1	1613		1501	325826		2	404	1	2
vas_m1500p1_chr2.bed	MYB_MYB3R1_colamp_a_chr2.pos	1	1922		1501	388244		1	202	1	1
vas_m1500p1_chr2.bed	MYB_MYB3R4_col_a_chr2.pos	1	267		1501	53934		0	0	0	0
vas_m1500p1_chr2.bed	MYB_MYB3R5_col_a_chr2.pos	1	373		1501	75346		1	202	1	1
vas_m1500p1_chr2.bed	MYB_MYB44_col_chr2.pos	1	2453		1501	495506		2	404	1	2
vas_m1500p1_chr2.bed	MYB_MYB49_col_a_chr2.pos	1	1001		1501	202202		0	0	0	0
vas_m1500p1_chr2.bed	MYB_MYB49_colamp_a_chr2.pos	1	640		1501	129280		0	0	0	0
vas_m1500p1_chr2.bed	MYB_MYB55_colamp_a_chr2.pos	1	1659		1501	335118		0	0	0	0
vas_m1500p1_chr2.bed	MYB_MYB56_col_a_chr2.pos	1	217		1501	43834		0	0	0	0
vas_m1500p1_chr2.bed	MYB_MYB56_colamp_a_chr2.pos	1	789		1501	159378		0	0	0	0
vas_m1500p1_chr2.bed	MYB_MYB57_col_a_chr2.pos	1	2047		1501	413494		0	0	0	0
vas_m1500p1_chr2.bed	MYB_MYB58_col_a_chr2.pos	1	749		1501	151298		0	0	0	0
vas_m1500p1_chr2.bed	MYB_MYB58_colamp_a_chr2.pos	1	2827		1501	571054		0	0	0	0
vas_m1500p1_chr2.bed	MYB_MYB61_col_a_chr2.pos	1	519		1501	104838		0	0	0	0
vas_m1500p1_chr2.bed	MYB_MYB61_colamp_a_chr2.pos	1	2496		1501	504192		0	0	0	0
vas_m1500p1_chr2.bed	MYB_MYB62_colamp_a_chr2.pos	1	2159		1501	436118		0	0	0	0
vas_m1500p1_chr2.bed	MYB_MYB63_col_a_chr2.pos	1	421		1501	85042		0	0	0	0
vas_m1500p1_chr2.bed	MYB_MYB65_col200_a_chr2.pos	1	486		1501	98172		0	0	0	0
vas_m1500p1_chr2.bed	MYB_MYB65_colamp_a_chr2.pos	1	1657		1501	334714		0	0	0	0
vas_m1500p1_chr2.bed	MYB_MYB67_col_a_chr2.pos	1	3184		1501	643168		0	0	0	0
vas_m1500p1_chr2.bed	MYB_MYB70_col_a_chr2.pos	1	1858		1501	375316		1	202	1	1
vas_m1500p1_chr2.bed	MYB_MYB73_col_a_chr2.pos	1	1508		1501	304616		1	202	1	1
vas_m1500p1_chr2.bed	MYB_MYB74_colamp_a_chr2.pos	1	488		1501	98576		0	0	0	0
vas_m1500p1_chr2.bed	MYB_MYB77_col_a_chr2.pos	1	4359		1501	880518		2	404	1	2
vas_m1500p1_chr2.bed	MYB_MYB81_col_a_chr2.pos	1	522		1501	105444		0	0	0	0
vas_m1500p1_chr2.bed	MYB_MYB83_colamp_a_chr2.pos	1	2373		1501	479346		0	0	0	0
vas_m1500p1_chr2.bed	MYB_MYB88_col_a_chr2.pos	1	1295		1501	261590		0	0	0	0
vas_m1500p1_chr2.bed	MYB_MYB88_colamp_a_chr2.pos	1	1081		1501	218362		0	0	0	0
vas_m1500p1_chr2.bed	MYB_MYB93_col_a_chr2.pos	1	595		1501	120190		0	0	0	0
vas_m1500p1_chr2.bed	MYB_MYB93_colamp_a_chr2.pos	1	721		1501	145642		0	0	0	0
vas_m1500p1_chr2.bed	MYB_MYB96_col_b_chr2.pos	1	161		1501	32522		0	0	0	0
vas_m1500p1_chr2.bed	MYB_MYB98_col_a_chr2.pos	1	869		1501	175538		0	0	0	0
vas_m1500p1_chr2.bed	MYB_MYB99_colamp_a_chr2.pos	1	631		1501	127462		0	0	0	0
vas_m1500p1_chr2.bed	MYBrelated_At1g19000_col_a_chr2.pos	1	2135		1501	431270		0	0	0	0
vas_m1500p1_chr2.bed	MYBrelated_At1g19000_colamp_a_chr2.pos	1	2851		1501	575902		0	0	0	0
vas_m1500p1_chr2.bed	MYBrelated_At1g49010_col_a_chr2.pos	1	3449		1501	696698		0	0	0	0
vas_m1500p1_chr2.bed	MYBrelated_At1g49010_colamp_a_chr2.pos	1	1346		1501	271892		0	0	0	0
vas_m1500p1_chr2.bed	MYBrelated_AT1G72740_col_a_chr2.pos	1	564		1501	113928		0	0	0	0
vas_m1500p1_chr2.bed	MYBrelated_AT1G72740_colamp_a_chr2.pos	1	2927		1501	591254		0	0	0	0
vas_m1500p1_chr2.bed	MYBrelated_At1g74840_col100_a_chr2.pos	1	1711		1501	345622		0	0	0	0
vas_m1500p1_chr2.bed	MYBrelated_At3g09600_col_a_chr2.pos	1	1783		1501	360166		0	0	0	0
vas_m1500p1_chr2.bed	MYBrelated_At3g09600_colamp_a_chr2.pos	1	3136		1501	633472		0	0	0	0
vas_m1500p1_chr2.bed	MYBrelated_AT3G10113_col_a_chr2.pos	1	4647		1501	938694		0	0	0	0
vas_m1500p1_chr2.bed	MYBrelated_AT3G10580_colamp_a_chr2.pos	1	874		1501	176548		0	0	0	0
vas_m1500p1_chr2.bed	MYBrelated_At3g11280_col_a_chr2.pos	1	325		1501	65650		0	0	0	0
vas_m1500p1_chr2.bed	MYBrelated_At4g01280_col_a_chr2.pos	1	1670		1501	337340		0	0	0	0
vas_m1500p1_chr2.bed	MYBrelated_At4g01280_colamp_a_chr2.pos	1	2453		1501	495506		0	0	0	0
vas_m1500p1_chr2.bed	MYBrelated_At5g05790_col_a_chr2.pos	1	582		1501	117564		0	0	0	0
vas_m1500p1_chr2.bed	MYBrelated_At5g08520_col_b_chr2.pos	1	793		1501	160186		0	0	0	0
vas_m1500p1_chr2.bed	MYBrelated_At5g08520_colamp_a_chr2.pos	1	1325		1501	267650		0	0	0	0
vas_m1500p1_chr2.bed	MYBrelated_At5g47390_col_b_chr2.pos	1	2948		1501	595496		0	0	0	0
vas_m1500p1_chr2.bed	MYBrelated_At5g52660_col_a_chr2.pos	1	694		1501	140188		0	0	0	0
vas_m1500p1_chr2.bed	MYBrelated_At5g52660_colamp_a_chr2.pos	1	2574		1501	519948		0	0	0	0
vas_m1500p1_chr2.bed	MYBrelated_AT5G56840_col_a_chr2.pos	1	1484		1501	299768		0	0	0	0
vas_m1500p1_chr2.bed	MYBrelated_AT5G56840_colamp_a_chr2.pos	1	3746		1501	756692		0	0	0	0
vas_m1500p1_chr2.bed	MYBrelated_At5g58900_colamp_a_chr2.pos	1	3132		1501	632664		0	0	0	0
vas_m1500p1_chr2.bed	MYBrelated_AT5G61620_col_a_chr2.pos	1	1325		1501	267650		0	0	0	0
vas_m1500p1_chr2.bed	MYBrelated_AT5G61620_colamp_a_chr2.pos	1	2114		1501	427028		0	0	0	0
vas_m1500p1_chr2.bed	MYBrelated_EPR1_col_chr2.pos	1	4821		1501	973842		0	0	0	0
vas_m1500p1_chr2.bed	MYBrelated_EPR1_colamp_a_chr2.pos	1	4056		1501	819312		0	0	0	0
vas_m1500p1_chr2.bed	MYBrelated_LCL1_col_chr2.pos	1	962		1501	194324		0	0	0	0
vas_m1500p1_chr2.bed	MYBrelated_LCL1_colamp_a_chr2.pos	1	477		1501	96354		0	0	0	0
vas_m1500p1_chr2.bed	MYBrelated_LHY1_col_a_chr2.pos	1	3129		1501	632058		0	0	0	0
vas_m1500p1_chr2.bed	MYBrelated_LHY1_colamp_a_chr2.pos	1	2643		1501	533886		0	0	0	0
vas_m1500p1_chr2.bed	MYBrelated_RVE1_col_a_chr2.pos	1	4436		1501	896072		0	0	0	0
vas_m1500p1_chr2.bed	MYBrelated_RVE1_colamp_a_chr2.pos	1	2265		1501	457530		0	0	0	0
vas_m1500p1_chr2.bed	MYBrelated_TBP3_col_a_chr2.pos	1	1015		1501	205030		0	0	0	0
vas_m1500p1_chr2.bed	MYBrelated_TRP1_col_chr2.pos	1	124		1501	25048		0	0	0	0
vas_m1500p1_chr2.bed	MYBrelated_TRP2_col_a_chr2.pos	1	64		1501	12928		0	0	0	0
vas_m1500p1_chr2.bed	MYBrelated_TRP2_colamp_a_chr2.pos	1	348		1501	70296		0	0	0	0
vas_m1500p1_chr2.bed	NAC_ANAC004_col_a_chr2.pos	1	1033		1501	208666		0	0	0	0
vas_m1500p1_chr2.bed	NAC_ANAC004_colamp_a_chr2.pos	1	1329		1501	268458		0	0	0	0
vas_m1500p1_chr2.bed	NAC_ANAC005_col_a_chr2.pos	1	1195		1501	241390		0	0	0	0
vas_m1500p1_chr2.bed	NAC_ANAC013_col_a_chr2.pos	1	930		1501	187860		0	0	0	0
vas_m1500p1_chr2.bed	NAC_ANAC016_col_a_chr2.pos	1	2490		1501	502980		0	0	0	0
vas_m1500p1_chr2.bed	NAC_ANAC017_col_chr2.pos	1	590		1501	119180		0	0	0	0
vas_m1500p1_chr2.bed	NAC_ANAC017_colamp_v31_chr2.pos	1	1979		1501	399758		0	0	0	0
vas_m1500p1_chr2.bed	NAC_ANAC020_col_v31_chr2.pos	1	1224		1501	247248		1	134	1	1
vas_m1500p1_chr2.bed	NAC_ANAC028_col_a_chr2.pos	1	1242		1501	250884		1	136	1	1
vas_m1500p1_chr2.bed	NAC_ANAC034_col_chr2.pos	1	920		1501	185840		1	202	1	1
vas_m1500p1_chr2.bed	NAC_ANAC038_col_a_chr2.pos	1	925		1501	186850		0	0	0	0
vas_m1500p1_chr2.bed	NAC_ANAC042_col_a_chr2.pos	1	899		1501	181598		0	0	0	0
vas_m1500p1_chr2.bed	NAC_ANAC045_col_a_chr2.pos	1	1895		1501	382790		1	145	1	1
vas_m1500p1_chr2.bed	NAC_ANAC045_colamp_a_chr2.pos	1	935		1501	188870		0	0	0	0
vas_m1500p1_chr2.bed	NAC_ANAC046_col_chr2.pos	1	783		1501	158166		0	0	0	0
vas_m1500p1_chr2.bed	NAC_ANAC046_colamp_a_chr2.pos	1	2008		1501	405616		1	202	1	1
vas_m1500p1_chr2.bed	NAC_ANAC047_col_chr2.pos	1	1237		1501	249874		0	0	0	0
vas_m1500p1_chr2.bed	NAC_ANAC050_col_v3a_chr2.pos	1	1594		1501	321988		0	0	0	0
vas_m1500p1_chr2.bed	NAC_ANAC050_colamp_a_chr2.pos	1	1772		1501	357944		0	0	0	0
vas_m1500p1_chr2.bed	NAC_ANAC053_col_chr2.pos	1	874		1501	176548		0	0	0	0
vas_m1500p1_chr2.bed	NAC_ANAC053_colamp_a_chr2.pos	1	1158		1501	233916		0	0	0	0
vas_m1500p1_chr2.bed	NAC_ANAC055_col_chr2.pos	1	1171		1501	236542		0	0	0	0
vas_m1500p1_chr2.bed	NAC_ANAC057_col_a_chr2.pos	1	726		1501	146652		0	0	0	0
vas_m1500p1_chr2.bed	NAC_ANAC057_colamp_a_chr2.pos	1	844		1501	170488		0	0	0	0
vas_m1500p1_chr2.bed	NAC_ANAC058_col_a_chr2.pos	1	2102		1501	424604		0	0	0	0
vas_m1500p1_chr2.bed	NAC_ANAC058_colamp_a_chr2.pos	1	1037		1501	209474		0	0	0	0
vas_m1500p1_chr2.bed	NAC_ANAC062_col_chr2.pos	1	673		1501	135946		0	0	0	0
vas_m1500p1_chr2.bed	NAC_ANAC062_colamp_a_chr2.pos	1	919		1501	185638		0	0	0	0
vas_m1500p1_chr2.bed	NAC_ANAC070_col_chr2.pos	1	1641		1501	331482		1	145	1	1
vas_m1500p1_chr2.bed	NAC_ANAC070_colamp_a_chr2.pos	1	2259		1501	456318		1	136	1	1
vas_m1500p1_chr2.bed	NAC_ANAC071_col_a_chr2.pos	1	2435		1501	491870		1	138	1	1
vas_m1500p1_chr2.bed	NAC_ANAC071_colamp_a_chr2.pos	1	1402		1501	283204		1	150	1	1
vas_m1500p1_chr2.bed	NAC_ANAC075_col_a_chr2.pos	1	681		1501	137562		1	142	1	1
vas_m1500p1_chr2.bed	NAC_ANAC079_col_chr2.pos	1	391		1501	78982		0	0	0	0
vas_m1500p1_chr2.bed	NAC_ANAC083_col_v3a_chr2.pos	1	1913		1501	386426		1	133	1	1
vas_m1500p1_chr2.bed	NAC_ANAC083_colamp_a_chr2.pos	1	1578		1501	318756		1	132	1	1
vas_m1500p1_chr2.bed	NAC_ANAC087_col_v3a_chr2.pos	1	303		1501	61206		0	0	0	0
vas_m1500p1_chr2.bed	NAC_ANAC087_colamp_a_chr2.pos	1	631		1501	127462		0	0	0	0
vas_m1500p1_chr2.bed	NAC_ANAC092_col_v3a_chr2.pos	1	406		1501	82012		0	0	0	0
vas_m1500p1_chr2.bed	NAC_ANAC092_colamp_a_chr2.pos	1	1188		1501	239976		1	202	1	1
vas_m1500p1_chr2.bed	NAC_ANAC094_col_a_chr2.pos	1	118		1501	23836		0	0	0	0
vas_m1500p1_chr2.bed	NAC_ANAC096_col_chr2.pos	1	1760		1501	355520		1	137	1	1
vas_m1500p1_chr2.bed	NAC_ANAC096_colamp_a_chr2.pos	1	317		1501	64034		0	0	0	0
vas_m1500p1_chr2.bed	NAC_ANAC103_col_a_chr2.pos	1	859		1501	173518		0	0	0	0
vas_m1500p1_chr2.bed	NAC_ANAC103_colamp_a_chr2.pos	1	520		1501	105040		0	0	0	0
vas_m1500p1_chr2.bed	NAC_AT1G19040_col_a_chr2.pos	1	151		1501	30502		0	0	0	0
vas_m1500p1_chr2.bed	NAC_ATAF1_col_a_chr2.pos	1	1456		1501	294112		0	0	0	0
vas_m1500p1_chr2.bed	NAC_CUC1_col_v31_chr2.pos	1	436		1501	88072		0	0	0	0
vas_m1500p1_chr2.bed	NAC_CUC2_col_chr2.pos	1	497		1501	100394		0	0	0	0
vas_m1500p1_chr2.bed	NAC_CUC2_colamp_a_chr2.pos	1	353		1501	71306		0	0	0	0
vas_m1500p1_chr2.bed	NAC_CUC3_col_a_chr2.pos	1	942		1501	190284		0	0	0	0
vas_m1500p1_chr2.bed	NAC_NAC2_col_v3a_chr2.pos	1	1540		1501	311080		0	0	0	0
vas_m1500p1_chr2.bed	NAC_NAC2_colamp_a_chr2.pos	1	2190		1501	442380		0	0	0	0
vas_m1500p1_chr2.bed	NAC_NAM_col_v3a_chr2.pos	1	748		1501	151096		0	0	0	0
vas_m1500p1_chr2.bed	NAC_NAM_colamp_a_chr2.pos	1	438		1501	88476		1	202	1	1
vas_m1500p1_chr2.bed	NAC_NAP_col_v3a_chr2.pos	1	725		1501	146450		0	0	0	0
vas_m1500p1_chr2.bed	NAC_NAP_colamp_a_chr2.pos	1	262		1501	52924		0	0	0	0
vas_m1500p1_chr2.bed	NAC_NST1_col_v31_chr2.pos	1	1813		1501	366226		1	142	1	1
vas_m1500p1_chr2.bed	NAC_NST1_colamp_a_chr2.pos	1	2149		1501	434098		0	0	0	0
vas_m1500p1_chr2.bed	NAC_NTL8_col_chr2.pos	1	932		1501	188264		0	0	0	0
vas_m1500p1_chr2.bed	NAC_NTM1_col_a_chr2.pos	1	1747		1501	352894		0	0	0	0
vas_m1500p1_chr2.bed	NAC_NTM1_colamp_a_chr2.pos	1	813		1501	164226		0	0	0	0
vas_m1500p1_chr2.bed	NAC_NTM2_col_b_chr2.pos	1	839		1501	169478		0	0	0	0
vas_m1500p1_chr2.bed	NAC_SMB_col_a_chr2.pos	1	2591		1501	523382		1	145	1	1
vas_m1500p1_chr2.bed	NAC_SMB_colamp_a_chr2.pos	1	3858		1501	779316		1	145	1	1
vas_m1500p1_chr2.bed	NAC_SND2_col_a_chr2.pos	1	91		1501	18382		1	116	1	1
vas_m1500p1_chr2.bed	NAC_SND2_colamp_a_chr2.pos	1	3792		1501	765984		1	147	1	1
vas_m1500p1_chr2.bed	NAC_SND3_col_b_chr2.pos	1	3363		1501	679326		1	144	1	1
vas_m1500p1_chr2.bed	NAC_SND3_colamp_a_chr2.pos	1	3965		1501	800930		1	143	1	1
vas_m1500p1_chr2.bed	NAC_VND1_col_a_chr2.pos	1	1119		1501	226038		1	143	1	1
vas_m1500p1_chr2.bed	NAC_VND2_col_a_chr2.pos	1	1828		1501	369256		1	145	1	1
vas_m1500p1_chr2.bed	NAC_VND2_colamp_a_chr2.pos	1	723		1501	146046		1	141	1	1
vas_m1500p1_chr2.bed	NAC_VND3_col_chr2.pos	1	488		1501	98576		1	132	1	1
vas_m1500p1_chr2.bed	NAC_VND3_colamp_a_chr2.pos	1	484		1501	97768		1	148	1	1
vas_m1500p1_chr2.bed	NAC_VND4_col_chr2.pos	1	1650		1501	333300		1	139	1	1
vas_m1500p1_chr2.bed	NAC_VND4_colamp_a_chr2.pos	1	1208		1501	244016		1	142	1	1
vas_m1500p1_chr2.bed	NAC_VND6_col_v31_chr2.pos	1	1971		1501	398142		1	136	1	1
vas_m1500p1_chr2.bed	NAC_VND6_colamp_a_chr2.pos	1	540		1501	109080		1	134	1	1
vas_m1500p1_chr2.bed	ND_FRS9_col_a_chr2.pos	1	619		1501	125038		0	0	0	0
vas_m1500p1_chr2.bed	ND_FRS9_colamp_a_chr2.pos	1	767		1501	154934		0	0	0	0
vas_m1500p1_chr2.bed	Orphan_AT1G24250_col_a_chr2.pos	1	351		1501	70902		0	0	0	0
vas_m1500p1_chr2.bed	Orphan_BBX31_col_a_chr2.pos	1	2890		1501	583780		0	0	0	0
vas_m1500p1_chr2.bed	RAV_RAV1_col_chr2.pos	1	1912		1501	386224		0	0	0	0
vas_m1500p1_chr2.bed	RAV_RAV1_colamp_a_chr2.pos	1	492		1501	99384		0	0	0	0
vas_m1500p1_chr2.bed	REM_REM19_col_a_chr2.pos	1	2944		1501	594688		0	0	0	0
vas_m1500p1_chr2.bed	REM_REM19_colamp_a_chr2.pos	1	3900		1501	787800		2	249	1	2
vas_m1500p1_chr2.bed	RWPRK_NLP7_col_a_chr2.pos	1	134		1501	27068		0	0	0	0
vas_m1500p1_chr2.bed	RWPRK_RKD2_col_a_chr2.pos	1	158		1501	31916		0	0	0	0
vas_m1500p1_chr2.bed	RWPRK_RKD2_colamp_a_chr2.pos	1	1487		1501	300374		1	202	1	1
vas_m1500p1_chr2.bed	S1Falike_AT3G09735_col_a_chr2.pos	1	1280		1501	258560		0	0	0	0
vas_m1500p1_chr2.bed	SBP_SPL1_col_a_chr2.pos	1	730		1501	147460		0	0	0	0
vas_m1500p1_chr2.bed	SBP_SPL1_colamp_a_chr2.pos	1	1338		1501	270276		0	0	0	0
vas_m1500p1_chr2.bed	SBP_SPL13_col_a_chr2.pos	1	177		1501	35754		0	0	0	0
vas_m1500p1_chr2.bed	SBP_SPL14_col_a_chr2.pos	1	397		1501	80194		0	0	0	0
vas_m1500p1_chr2.bed	SBP_SPL15_colamp_a_chr2.pos	1	3235		1501	653470		1	202	1	1
vas_m1500p1_chr2.bed	SBP_SPL5_col_a_chr2.pos	1	804		1501	162408		0	0	0	0
vas_m1500p1_chr2.bed	SBP_SPL5_colamp_a_chr2.pos	1	3627		1501	732654		1	202	1	1
vas_m1500p1_chr2.bed	SBP_SPL9_col_a_chr2.pos	1	3349		1501	676498		1	202	1	1
vas_m1500p1_chr2.bed	SBP_SPL9_colamp_a_chr2.pos	1	3397		1501	686194		1	202	1	1
vas_m1500p1_chr2.bed	SRS_SRS7_colamp_a_chr2.pos	1	1868		1501	377336		1	121	1	1
vas_m1500p1_chr2.bed	TCP_At1g69690_col_a_chr2.pos	1	156		1501	31512		2	404	1	2
vas_m1500p1_chr2.bed	TCP_At1g72010_col_chr2.pos	1	380		1501	76760		2	404	1	2
vas_m1500p1_chr2.bed	TCP_At1g72010_colamp_a_chr2.pos	1	380		1501	76760		2	404	1	2
vas_m1500p1_chr2.bed	TCP_At2g45680_col_b_chr2.pos	1	64		1501	12928		1	202	1	1
vas_m1500p1_chr2.bed	TCP_At5g08330_col_a_chr2.pos	1	480		1501	96960		2	404	1	2
vas_m1500p1_chr2.bed	TCP_TCP20_col_a_chr2.pos	1	168		1501	33936		2	404	1	2
vas_m1500p1_chr2.bed	TCP_TCP24_col_chr2.pos	1	523		1501	105646		2	404	1	2
vas_m1500p1_chr2.bed	TCP_TCP3_col_chr2.pos	1	234		1501	47268		2	404	1	2
vas_m1500p1_chr2.bed	TCP_TCP7_col_a_chr2.pos	1	149		1501	30098		2	404	1	2
vas_m1500p1_chr2.bed	Trihelix_AT1G76880_col_a_chr2.pos	1	89		1501	17978		0	0	0	0
vas_m1500p1_chr2.bed	Trihelix_AT2G33550_colamp_a_chr2.pos	1	1464		1501	295728		1	68	1	1
vas_m1500p1_chr2.bed	Trihelix_AT3G10030_col_a_chr2.pos	1	129		1501	26058		0	0	0	0
vas_m1500p1_chr2.bed	Trihelix_AT3G10030_colamp_a_chr2.pos	1	418		1501	84436		0	0	0	0
vas_m1500p1_chr2.bed	Trihelix_At3g14180_col_chr2.pos	1	971		1501	196142		0	0	0	0
vas_m1500p1_chr2.bed	Trihelix_AT3G25990_colamp_a_chr2.pos	1	445		1501	89890		0	0	0	0
vas_m1500p1_chr2.bed	Trihelix_AT5G05550_col_a_chr2.pos	1	1522		1501	307444		0	0	0	0
vas_m1500p1_chr2.bed	Trihelix_AT5G05550_colamp_a_chr2.pos	1	1281		1501	258762		0	0	0	0
vas_m1500p1_chr2.bed	Trihelix_AT5G47660_colamp_a_chr2.pos	1	2150		1501	434300		0	0	0	0
vas_m1500p1_chr2.bed	Trihelix_GT1_col_a_chr2.pos	1	114		1501	23028		0	0	0	0
vas_m1500p1_chr2.bed	Trihelix_GT2_col_a_chr2.pos	1	1598		1501	322796		0	0	0	0
vas_m1500p1_chr2.bed	Trihelix_GT2_colamp_a_chr2.pos	1	1299		1501	262398		0	0	0	0
vas_m1500p1_chr2.bed	Trihelix_GT3a_col_a_chr2.pos	1	207		1501	41814		0	0	0	0
vas_m1500p1_chr2.bed	Trihelix_GTL1_col_a_chr2.pos	1	2116		1501	427432		0	0	0	0
vas_m1500p1_chr2.bed	Trihelix_GTL1_colamp_a_chr2.pos	1	3272		1501	660944		0	0	0	0
vas_m1500p1_chr2.bed	WRKY_WRKY14_col_a_chr2.pos	1	716		1501	144632		0	0	0	0
vas_m1500p1_chr2.bed	WRKY_WRKY14_colamp_a_chr2.pos	1	1331		1501	268862		0	0	0	0
vas_m1500p1_chr2.bed	WRKY_WRKY15_col_b_chr2.pos	1	3633		1501	733866		0	0	0	0
vas_m1500p1_chr2.bed	WRKY_WRKY15_colamp_a_chr2.pos	1	1033		1501	208666		0	0	0	0
vas_m1500p1_chr2.bed	WRKY_WRKY18_col_a_chr2.pos	1	2871		1501	579942		0	0	0	0
vas_m1500p1_chr2.bed	WRKY_WRKY18_colamp_a_chr2.pos	1	1915		1501	386830		0	0	0	0
vas_m1500p1_chr2.bed	WRKY_WRKY20_col_a_chr2.pos	1	320		1501	64640		0	0	0	0
vas_m1500p1_chr2.bed	WRKY_WRKY21_col_chr2.pos	1	255		1501	51510		0	0	0	0
vas_m1500p1_chr2.bed	WRKY_WRKY22_col_chr2.pos	1	3534		1501	713868		0	0	0	0
vas_m1500p1_chr2.bed	WRKY_WRKY22_colamp_a_chr2.pos	1	2290		1501	462580		0	0	0	0
vas_m1500p1_chr2.bed	WRKY_WRKY24_col_a_chr2.pos	1	1155		1501	233310		0	0	0	0
vas_m1500p1_chr2.bed	WRKY_WRKY24_colamp_a_chr2.pos	1	1812		1501	366024		0	0	0	0
vas_m1500p1_chr2.bed	WRKY_WRKY25_col_a_chr2.pos	1	887		1501	179174		0	0	0	0
vas_m1500p1_chr2.bed	WRKY_WRKY25_colamp_a_chr2.pos	1	2397		1501	484194		0	0	0	0
vas_m1500p1_chr2.bed	WRKY_WRKY27_col_a_chr2.pos	1	451		1501	91102		0	0	0	0
vas_m1500p1_chr2.bed	WRKY_WRKY27_colamp_a_chr2.pos	1	3268		1501	660136		0	0	0	0
vas_m1500p1_chr2.bed	WRKY_WRKY28_col_a_chr2.pos	1	2164		1501	437128		0	0	0	0
vas_m1500p1_chr2.bed	WRKY_WRKY29_col_a_chr2.pos	1	440		1501	88880		0	0	0	0
vas_m1500p1_chr2.bed	WRKY_WRKY29_colamp_a_chr2.pos	1	2538		1501	512676		0	0	0	0
vas_m1500p1_chr2.bed	WRKY_WRKY3_col_a_chr2.pos	1	187		1501	37774		0	0	0	0
vas_m1500p1_chr2.bed	WRKY_WRKY30_colamp_a_chr2.pos	1	648		1501	130896		0	0	0	0
vas_m1500p1_chr2.bed	WRKY_WRKY31_colamp_a_chr2.pos	1	508		1501	102616		0	0	0	0
vas_m1500p1_chr2.bed	WRKY_WRKY33_col_a_chr2.pos	1	852		1501	172104		0	0	0	0
vas_m1500p1_chr2.bed	WRKY_WRKY40_col_chr2.pos	1	1111		1501	224422		0	0	0	0
vas_m1500p1_chr2.bed	WRKY_WRKY45_col_a_chr2.pos	1	1561		1501	315322		0	0	0	0
vas_m1500p1_chr2.bed	WRKY_WRKY45_colamp_a_chr2.pos	1	493		1501	99586		0	0	0	0
vas_m1500p1_chr2.bed	WRKY_WRKY50_col_a_chr2.pos	1	2173		1501	438946		0	0	0	0
vas_m1500p1_chr2.bed	WRKY_WRKY55_col_a_chr2.pos	1	1358		1501	274316		0	0	0	0
vas_m1500p1_chr2.bed	WRKY_WRKY6_colamp_a_chr2.pos	1	803		1501	162206		0	0	0	0
vas_m1500p1_chr2.bed	WRKY_WRKY65_col_a_chr2.pos	1	1356		1501	273912		0	0	0	0
vas_m1500p1_chr2.bed	WRKY_WRKY65_colamp_a_chr2.pos	1	1823		1501	368246		0	0	0	0
vas_m1500p1_chr2.bed	WRKY_WRKY7_col_chr2.pos	1	309		1501	62418		0	0	0	0
vas_m1500p1_chr2.bed	WRKY_WRKY70_col_chr2.pos	1	1258		1501	254116		0	0	0	0
vas_m1500p1_chr2.bed	WRKY_WRKY71_col_a_chr2.pos	1	1502		1501	303404		0	0	0	0
vas_m1500p1_chr2.bed	WRKY_WRKY75_col_a_chr2.pos	1	2993		1501	604586		0	0	0	0
vas_m1500p1_chr2.bed	WRKY_WRKY75_colamp_a_chr2.pos	1	1667		1501	336734		0	0	0	0
vas_m1500p1_chr2.bed	WRKY_WRKY8_col_chr2.pos	1	3119		1501	630038		0	0	0	0
vas_m1500p1_chr2.bed	WRKY_WRKY8_colamp_a_chr2.pos	1	526		1501	106252		0	0	0	0
vas_m1500p1_chr2.bed	zfGRF_AT3G42860_col_a_chr2.pos	1	351		1501	70902		0	0	0	0
vas_m1500p1_chr2.bed	ZFHD_ATHB23_col_b_chr2.pos	1	4715		1501	952430		0	0	0	0
vas_m1500p1_chr2.bed	ZFHD_ATHB23_colamp_a_chr2.pos	1	3826		1501	772852		0	0	0	0
vas_m1500p1_chr2.bed	ZFHD_ATHB24_col_a_chr2.pos	1	887		1501	179174		0	0	0	0
vas_m1500p1_chr2.bed	ZFHD_ATHB24_colamp_a_chr2.pos	1	2835		1501	572670		0	0	0	0
vas_m1500p1_chr2.bed	ZFHD_ATHB25_col_a_chr2.pos	1	4349		1501	878498		0	0	0	0
vas_m1500p1_chr2.bed	ZFHD_ATHB25_colamp_a_chr2.pos	1	4047		1501	817494		0	0	0	0
vas_m1500p1_chr2.bed	ZFHD_AtHB32_col200_a_chr2.pos	1	3421		1501	691042		1	202	1	1
vas_m1500p1_chr2.bed	ZFHD_ATHB33_col_a_chr2.pos	1	3331		1501	672862		0	0	0	0
vas_m1500p1_chr2.bed	ZFHD_ATHB33_colamp_a_chr2.pos	1	2325		1501	469650		0	0	0	0
vas_m1500p1_chr2.bed	ZFHD_ATHB34_col_a_chr2.pos	1	1247		1501	251894		0	0	0	0
vas_m1500p1_chr2.bed	ZFHD_ATHB34_colamp_a_chr2.pos	1	3843		1501	776286		0	0	0	0
